<?xml version="1.0" encoding="UTF-8"?>
<testsuite xmlns:xsi="http://www.w3.org/2001/XMLSchema-instance" xsi:noNamespaceSchemaLocation="https://maven.apache.org/surefire/maven-failsafe-plugin/xsd/failsafe-test-report-3.0.xsd" version="3.0" name="pragma.acceptanceTests.RunnerAgregarProductosTest" time="59.965" tests="2" errors="0" skipped="0" failures="0">
  <properties>
[...]
</properties>
  <testcase name="Agregar un producto al carrito de compra" classname="Test agregar productos al carrito de compra en el portal" time="23.979">
    <system-out><![CDATA[22:24:39.908 [main] DEBUG io.cucumber.core.plugin.SerenityReporter -- Running feature from file:///C:/Users/USUARIO/OneDrive/Documentos/02%20Automatización/03%20Pragma/pragma/pragma/src/test/resources/features/AgregarProductosCarrito.feature
22:24:39.953 [main] INFO  -- &amp#27;[96m

-------------------------------------------------------------------------------------
     _______. _______ .______       _______ .__   __.  __  .___________.____    ____ 
    /       ||   ____||   _  \     |   ____||  \ |  | |  | |           |\   \  /   / 
   |   (----`|  |__   |  |_)  |    |  |__   |   \|  | |  | `---|  |----` \   \/   /  
    \   \    |   __|  |      /     |   __|  |  . `  | |  |     |  |       \_    _/   
.----)   |   |  |____ |  |\  \----.|  |____ |  |\   | |  |     |  |         |  |     
|_______/    |_______|| _| `._____||_______||__| \__| |__|     |__|         |__|    
                                                                                     
 News and tutorials at http://www.serenity-bdd.info                                  
 Documentation at https://wakaleo.gitbooks.io/the-serenity-book/content/             
 Join the Serenity Community on Gitter: https://gitter.im/serenity-bdd/serenity-core 
 Serenity BDD Support and Training at http://serenity-bdd.info/#/trainingandsupport  
-------------------------------------------------------------------------------------
&amp#27;[0m
22:24:39.958 [main] DEBUG net.thucydides.core.steps.StepEventBus -- Test suite started for story net.thucydides.model.domain.Story@2f237240
22:24:39.961 [main] INFO  -- Test Suite Started: Test agregar productos al carrito de compra en el portal
22:24:39.999 [main] DEBUG io.cucumber.core.plugin.SerenityReporter -- Running feature from file:///C:/Users/USUARIO/OneDrive/Documentos/02%20Automatización/03%20Pragma/pragma/pragma/src/test/resources/features/AgregarProductosCarrito.feature
22:24:40.004 [main] DEBUG net.thucydides.core.steps.StepEventBus -- Test suite started for story net.thucydides.model.domain.Story@2f237240
22:24:40.005 [main] INFO  -- Test Suite Started: Test agregar productos al carrito de compra en el portal
22:24:40.080 [main] DEBUG io.cucumber.core.plugin.SerenityReporter -- Running feature from file:///C:/Users/USUARIO/OneDrive/Documentos/02%20Automatización/03%20Pragma/pragma/pragma/src/test/resources/features/AgregarProductosCarrito.feature
22:24:40.093 [main] INFO  -- 
  _____   ___   ___   _____     ___   _____     _     ___   _____   ___   ___  
 |_   _| | __| / __| |_   _|   / __| |_   _|   /_\   | _ \ |_   _| | __| |   \ 
   | |   | _|  \__ \   | |     \__ \   | |    / _ \  |   /   | |   | _|  | |) |
   |_|   |___| |___/   |_|     |___/   |_|   /_/ \_\ |_|_\   |_|   |___| |___/ 

Agregar un producto al carrito de compra(test-agregar-productos-al-carrito-de-compra-en-el-portal;agregar-un-producto-al-carrito-de-compra)
--------------------------------------------------------------------------------
22:24:40.461 [main] DEBUG net.thucydides.core.steps.StepInterceptor -- STARTING STEP: StepInterceptor.testContext - ingresarAlPortal
22:24:40.486 [main] WARN net.serenitybdd.model.buildinfo.PropertyBasedDriverCapabilityRecord -- Failed to store browser configuration for {moz:debuggerAddress=true, acceptInsecureCerts=true, browserName=firefox, moz:firefoxOptions={args=[], log={level=error}}}
22:24:40.891 [main] DEBUG io.netty.util.internal.logging.InternalLoggerFactory -- Using SLF4J as the default logging framework
22:24:40.892 [main] DEBUG io.netty.util.ResourceLeakDetector -- -Dio.netty.leakDetection.level: simple
22:24:40.892 [main] DEBUG io.netty.util.ResourceLeakDetector -- -Dio.netty.leakDetection.targetRecords: 4
22:24:40.895 [main] DEBUG io.netty.util.ResourceLeakDetectorFactory -- Loaded default ResourceLeakDetector: io.netty.util.ResourceLeakDetector@7c96c85
22:24:40.902 [main] DEBUG io.netty.util.internal.PlatformDependent0 -- -Dio.netty.noUnsafe: false
22:24:40.902 [main] DEBUG io.netty.util.internal.PlatformDependent0 -- Java version: 22
22:24:40.903 [main] DEBUG io.netty.util.internal.PlatformDependent0 -- sun.misc.Unsafe.theUnsafe: available
22:24:40.903 [main] DEBUG io.netty.util.internal.PlatformDependent0 -- sun.misc.Unsafe.copyMemory: available
22:24:40.903 [main] DEBUG io.netty.util.internal.PlatformDependent0 -- sun.misc.Unsafe.storeFence: available
22:24:40.904 [main] DEBUG io.netty.util.internal.PlatformDependent0 -- java.nio.Buffer.address: available
22:24:40.904 [main] DEBUG io.netty.util.internal.PlatformDependent0 -- direct buffer constructor: unavailable: Reflective setAccessible(true) disabled
22:24:40.905 [main] DEBUG io.netty.util.internal.PlatformDependent0 -- java.nio.Bits.unaligned: available, true
22:24:40.905 [main] DEBUG io.netty.util.internal.PlatformDependent0 -- jdk.internal.misc.Unsafe.allocateUninitializedArray(int): unavailable: class io.netty.util.internal.PlatformDependent0$7 cannot access class jdk.internal.misc.Unsafe (in module java.base) because module java.base does not export jdk.internal.misc to unnamed module @55b0dcab
22:24:40.906 [main] DEBUG io.netty.util.internal.PlatformDependent0 -- java.nio.DirectByteBuffer.<init>(long, {int,long}): unavailable
22:24:40.906 [main] DEBUG io.netty.util.internal.PlatformDependent -- sun.misc.Unsafe: available
22:24:40.906 [main] DEBUG io.netty.util.internal.PlatformDependent -- maxDirectMemory: 4198498304 bytes (maybe)
22:24:40.906 [main] DEBUG io.netty.util.internal.PlatformDependent -- -Dio.netty.tmpdir: C:\Users\USUARIO\AppData\Local\Temp (java.io.tmpdir)
22:24:40.906 [main] DEBUG io.netty.util.internal.PlatformDependent -- -Dio.netty.bitMode: 64 (sun.arch.data.model)
22:24:40.907 [main] DEBUG io.netty.util.internal.PlatformDependent -- Platform: Windows
22:24:40.907 [main] DEBUG io.netty.util.internal.PlatformDependent -- -Dio.netty.maxDirectMemory: -1 bytes
22:24:40.907 [main] DEBUG io.netty.util.internal.PlatformDependent -- -Dio.netty.uninitializedArrayAllocationThreshold: -1
22:24:40.907 [main] DEBUG io.netty.util.internal.CleanerJava9 -- java.nio.ByteBuffer.cleaner(): available
22:24:40.907 [main] DEBUG io.netty.util.internal.PlatformDependent -- -Dio.netty.noPreferDirect: false
22:24:40.911 [main] DEBUG io.netty.util.internal.PlatformDependent -- org.jctools-core.MpscChunkedArrayQueue: available
22:24:40.920 [main] DEBUG io.netty.util.internal.InternalThreadLocalMap -- -Dio.netty.threadLocalMap.stringBuilder.initialSize: 1024
22:24:40.920 [main] DEBUG io.netty.util.internal.InternalThreadLocalMap -- -Dio.netty.threadLocalMap.stringBuilder.maxSize: 4096
22:24:41.025 [main] DEBUG io.netty.handler.ssl.JdkSslContext -- Default protocols (JDK): [TLSv1.3, TLSv1.2] 
22:24:41.025 [main] DEBUG io.netty.handler.ssl.JdkSslContext -- Default cipher suites (JDK): [TLS_ECDHE_ECDSA_WITH_AES_256_GCM_SHA384, TLS_ECDHE_ECDSA_WITH_AES_128_GCM_SHA256, TLS_ECDHE_RSA_WITH_AES_128_GCM_SHA256, TLS_ECDHE_RSA_WITH_AES_256_GCM_SHA384, TLS_ECDHE_RSA_WITH_AES_128_CBC_SHA, TLS_ECDHE_RSA_WITH_AES_256_CBC_SHA, TLS_RSA_WITH_AES_128_GCM_SHA256, TLS_RSA_WITH_AES_128_CBC_SHA, TLS_RSA_WITH_AES_256_CBC_SHA, TLS_AES_128_GCM_SHA256, TLS_AES_256_GCM_SHA384]
22:24:41.031 [main] DEBUG io.netty.util.concurrent.GlobalEventExecutor -- -Dio.netty.globalEventExecutor.quietPeriodSeconds: 1
22:24:41.037 [main] DEBUG io.netty.channel.MultithreadEventLoopGroup -- -Dio.netty.eventLoopThreads: 40
22:24:41.041 [main] DEBUG io.netty.channel.nio.NioEventLoop -- -Dio.netty.noKeySetOptimization: false
22:24:41.042 [main] DEBUG io.netty.channel.nio.NioEventLoop -- -Dio.netty.selectorAutoRebuildThreshold: 512
22:24:41.078 [main] DEBUG io.netty.buffer.PooledByteBufAllocator -- -Dio.netty.allocator.numHeapArenas: 40
22:24:41.079 [main] DEBUG io.netty.buffer.PooledByteBufAllocator -- -Dio.netty.allocator.numDirectArenas: 40
22:24:41.079 [main] DEBUG io.netty.buffer.PooledByteBufAllocator -- -Dio.netty.allocator.pageSize: 8192
22:24:41.079 [main] DEBUG io.netty.buffer.PooledByteBufAllocator -- -Dio.netty.allocator.maxOrder: 9
22:24:41.079 [main] DEBUG io.netty.buffer.PooledByteBufAllocator -- -Dio.netty.allocator.chunkSize: 4194304
22:24:41.079 [main] DEBUG io.netty.buffer.PooledByteBufAllocator -- -Dio.netty.allocator.smallCacheSize: 256
22:24:41.079 [main] DEBUG io.netty.buffer.PooledByteBufAllocator -- -Dio.netty.allocator.normalCacheSize: 64
22:24:41.079 [main] DEBUG io.netty.buffer.PooledByteBufAllocator -- -Dio.netty.allocator.maxCachedBufferCapacity: 32768
22:24:41.079 [main] DEBUG io.netty.buffer.PooledByteBufAllocator -- -Dio.netty.allocator.cacheTrimInterval: 8192
22:24:41.079 [main] DEBUG io.netty.buffer.PooledByteBufAllocator -- -Dio.netty.allocator.cacheTrimIntervalMillis: 0
22:24:41.079 [main] DEBUG io.netty.buffer.PooledByteBufAllocator -- -Dio.netty.allocator.useCacheForAllThreads: false
22:24:41.079 [main] DEBUG io.netty.buffer.PooledByteBufAllocator -- -Dio.netty.allocator.maxCachedByteBuffersPerChunk: 1023
22:24:41.086 [main] DEBUG io.netty.buffer.ByteBufUtil -- -Dio.netty.allocator.type: pooled
22:24:41.086 [main] DEBUG io.netty.buffer.ByteBufUtil -- -Dio.netty.threadLocalDirectBufferSize: 0
22:24:41.086 [main] DEBUG io.netty.buffer.ByteBufUtil -- -Dio.netty.maxThreadLocalCharBufferSize: 16384
22:24:41.238 [Forwarding newSession on session null to remote] DEBUG io.netty.channel.DefaultChannelId -- -Dio.netty.processId: 13696 (auto-detected)
22:24:41.239 [Forwarding newSession on session null to remote] DEBUG io.netty.util.NetUtil -- -Djava.net.preferIPv4Stack: false
22:24:41.239 [Forwarding newSession on session null to remote] DEBUG io.netty.util.NetUtil -- -Djava.net.preferIPv6Addresses: false
22:24:41.241 [Forwarding newSession on session null to remote] DEBUG io.netty.util.NetUtilInitializations -- Loopback interface: loopback_0 (Software Loopback Interface 1, 0:0:0:0:0:0:0:1)
22:24:41.241 [Forwarding newSession on session null to remote] DEBUG io.netty.util.NetUtil -- Failed to get SOMAXCONN from sysctl and file \proc\sys\net\core\somaxconn. Default: 200
22:24:41.242 [Forwarding newSession on session null to remote] DEBUG io.netty.channel.DefaultChannelId -- -Dio.netty.machineId: f8:54:f6:ff:fe:94:ff:b2 (auto-detected)
22:24:41.264 [AsyncHttpClient-1-2] DEBUG io.netty.buffer.AbstractByteBuf -- -Dio.netty.buffer.checkAccessible: true
22:24:41.264 [AsyncHttpClient-1-2] DEBUG io.netty.buffer.AbstractByteBuf -- -Dio.netty.buffer.checkBounds: true
22:24:41.264 [AsyncHttpClient-1-2] DEBUG io.netty.util.ResourceLeakDetectorFactory -- Loaded default ResourceLeakDetector: io.netty.util.ResourceLeakDetector@7ed16ee3
22:24:41.272 [AsyncHttpClient-1-2] DEBUG org.asynchttpclient.netty.channel.NettyConnectListener -- Using new Channel '[id: 0x59caad82, L:/127.0.0.1:63152 - R:localhost/127.0.0.1:34477]' for 'POST' to '/session'
22:24:41.281 [AsyncHttpClient-1-2] DEBUG io.netty.util.Recycler -- -Dio.netty.recycler.maxCapacityPerThread: 4096
22:24:41.282 [AsyncHttpClient-1-2] DEBUG io.netty.util.Recycler -- -Dio.netty.recycler.ratio: 8
22:24:41.282 [AsyncHttpClient-1-2] DEBUG io.netty.util.Recycler -- -Dio.netty.recycler.chunkSize: 32
22:24:41.282 [AsyncHttpClient-1-2] DEBUG io.netty.util.Recycler -- -Dio.netty.recycler.blocking: false
22:24:41.282 [AsyncHttpClient-1-2] DEBUG io.netty.util.Recycler -- -Dio.netty.recycler.batchFastThreadLocalOnly: true
22:24:42.639 [AsyncHttpClient-1-2] DEBUG io.netty.handler.codec.compression.Brotli -- brotli4j not in the classpath; Brotli support will be unavailable.
22:24:42.639 [AsyncHttpClient-1-2] DEBUG org.asynchttpclient.netty.handler.HttpHandler -- 

Request DefaultHttpRequest(decodeResult: success, version: HTTP/1.1)
POST /session HTTP/1.1
User-Agent: selenium/4.12.0 (java windows)
Content-Length: 383
Content-Type: application/json; charset=utf-8
host: localhost:34477
accept: */*

Response DefaultHttpResponse(decodeResult: success, version: HTTP/1.1)
HTTP/1.1 200 OK
content-type: application/json; charset=utf-8
cache-control: no-cache
content-length: 843
date: Sun, 28 Apr 2024 03:24:41 GMT

22:24:42.643 [AsyncHttpClient-1-2] DEBUG org.asynchttpclient.netty.channel.ChannelManager -- Adding key: http://localhost:34477 for channel [id: 0x59caad82, L:/127.0.0.1:63152 - R:localhost/127.0.0.1:34477]
22:24:42.676 [AsyncHttpClient-1-3] DEBUG org.asynchttpclient.netty.channel.NettyConnectListener -- Using new Channel '[id: 0xfb647fd7, L:/127.0.0.1:63225 - R:/127.0.0.1:35853]' for 'GET' to '/json/version'
22:24:42.679 [AsyncHttpClient-1-3] DEBUG org.asynchttpclient.netty.handler.HttpHandler -- 

Request DefaultFullHttpRequest(decodeResult: success, version: HTTP/1.1, content: EmptyByteBufBE)
GET /json/version HTTP/1.1
User-Agent: selenium/4.12.0 (java windows)
host: 127.0.0.1:35853
accept: */*

Response DefaultHttpResponse(decodeResult: success, version: HTTP/1.1)
HTTP/1.1 200 OK
content-type: application/json
content-security-policy: frame-ancestors 'none'
connection: close
server: httpd.js
date: Sun, 28 Apr 2024 03:24:42 GMT

22:24:42.681 [AsyncHttpClient-1-3] DEBUG org.asynchttpclient.netty.channel.ChannelManager -- Closing Channel [id: 0xfb647fd7, L:/127.0.0.1:63225 ! R:/127.0.0.1:35853] 
22:24:42.681 [AsyncHttpClient-1-3] DEBUG org.asynchttpclient.netty.handler.HttpHandler -- Channel Closed: [id: 0xfb647fd7, L:/127.0.0.1:63225 ! R:/127.0.0.1:35853] with attribute DISCARD
22:24:42.687 [Forwarding setTimeout on session 95c71151-6fbe-4261-b38e-54c0073864b2 to remote] DEBUG org.asynchttpclient.netty.request.NettyRequestSender -- Using pooled Channel '[id: 0x59caad82, L:/127.0.0.1:63152 - R:localhost/127.0.0.1:34477]' for 'POST' to 'http://localhost:34477/session/95c71151-6fbe-4261-b38e-54c0073864b2/timeouts'
22:24:42.687 [Forwarding setTimeout on session 95c71151-6fbe-4261-b38e-54c0073864b2 to remote] DEBUG org.asynchttpclient.netty.request.NettyRequestSender -- Using open Channel [id: 0x59caad82, L:/127.0.0.1:63152 - R:localhost/127.0.0.1:34477] for POST '/session/95c71151-6fbe-4261-b38e-54c0073864b2/timeouts'
22:24:42.696 [AsyncHttpClient-1-2] DEBUG org.asynchttpclient.netty.handler.HttpHandler -- 

Request DefaultHttpRequest(decodeResult: success, version: HTTP/1.1)
POST /session/95c71151-6fbe-4261-b38e-54c0073864b2/timeouts HTTP/1.1
User-Agent: selenium/4.12.0 (java windows)
Content-Length: 22
Content-Type: application/json; charset=utf-8
host: localhost:34477
accept: */*

Response DefaultHttpResponse(decodeResult: success, version: HTTP/1.1)
HTTP/1.1 200 OK
content-type: application/json; charset=utf-8
cache-control: no-cache
content-length: 14
date: Sun, 28 Apr 2024 03:24:42 GMT

22:24:42.696 [AsyncHttpClient-1-2] DEBUG org.asynchttpclient.netty.channel.ChannelManager -- Adding key: http://localhost:34477 for channel [id: 0x59caad82, L:/127.0.0.1:63152 - R:localhost/127.0.0.1:34477]
22:24:42.700 [Forwarding maximizeCurrentWindow on session 95c71151-6fbe-4261-b38e-54c0073864b2 to remote] DEBUG org.asynchttpclient.netty.request.NettyRequestSender -- Using pooled Channel '[id: 0x59caad82, L:/127.0.0.1:63152 - R:localhost/127.0.0.1:34477]' for 'POST' to 'http://localhost:34477/session/95c71151-6fbe-4261-b38e-54c0073864b2/window/maximize'
22:24:42.701 [Forwarding maximizeCurrentWindow on session 95c71151-6fbe-4261-b38e-54c0073864b2 to remote] DEBUG org.asynchttpclient.netty.request.NettyRequestSender -- Using open Channel [id: 0x59caad82, L:/127.0.0.1:63152 - R:localhost/127.0.0.1:34477] for POST '/session/95c71151-6fbe-4261-b38e-54c0073864b2/window/maximize'
22:24:42.967 [AsyncHttpClient-1-2] DEBUG org.asynchttpclient.netty.handler.HttpHandler -- 

Request DefaultHttpRequest(decodeResult: success, version: HTTP/1.1)
POST /session/95c71151-6fbe-4261-b38e-54c0073864b2/window/maximize HTTP/1.1
User-Agent: selenium/4.12.0 (java windows)
Content-Length: 3
Content-Type: application/json; charset=utf-8
host: localhost:34477
accept: */*

Response DefaultHttpResponse(decodeResult: success, version: HTTP/1.1)
HTTP/1.1 200 OK
content-type: application/json; charset=utf-8
cache-control: no-cache
content-length: 51
date: Sun, 28 Apr 2024 03:24:42 GMT

22:24:42.968 [AsyncHttpClient-1-2] DEBUG org.asynchttpclient.netty.channel.ChannelManager -- Adding key: http://localhost:34477 for channel [id: 0x59caad82, L:/127.0.0.1:63152 - R:localhost/127.0.0.1:34477]
22:24:43.010 [Forwarding get on session 95c71151-6fbe-4261-b38e-54c0073864b2 to remote] DEBUG org.asynchttpclient.netty.request.NettyRequestSender -- Using pooled Channel '[id: 0x59caad82, L:/127.0.0.1:63152 - R:localhost/127.0.0.1:34477]' for 'POST' to 'http://localhost:34477/session/95c71151-6fbe-4261-b38e-54c0073864b2/url'
22:24:43.010 [Forwarding get on session 95c71151-6fbe-4261-b38e-54c0073864b2 to remote] DEBUG org.asynchttpclient.netty.request.NettyRequestSender -- Using open Channel [id: 0x59caad82, L:/127.0.0.1:63152 - R:localhost/127.0.0.1:34477] for POST '/session/95c71151-6fbe-4261-b38e-54c0073864b2/url'
22:24:44.037 [AsyncHttpClient-1-2] DEBUG org.asynchttpclient.netty.handler.HttpHandler -- 

Request DefaultHttpRequest(decodeResult: success, version: HTTP/1.1)
POST /session/95c71151-6fbe-4261-b38e-54c0073864b2/url HTTP/1.1
User-Agent: selenium/4.12.0 (java windows)
Content-Length: 56
Content-Type: application/json; charset=utf-8
host: localhost:34477
accept: */*

Response DefaultHttpResponse(decodeResult: success, version: HTTP/1.1)
HTTP/1.1 200 OK
content-type: application/json; charset=utf-8
cache-control: no-cache
content-length: 14
date: Sun, 28 Apr 2024 03:24:42 GMT

22:24:44.037 [AsyncHttpClient-1-2] DEBUG org.asynchttpclient.netty.channel.ChannelManager -- Adding key: http://localhost:34477 for channel [id: 0x59caad82, L:/127.0.0.1:63152 - R:localhost/127.0.0.1:34477]
22:24:44.039 [Forwarding setTimeout on session 95c71151-6fbe-4261-b38e-54c0073864b2 to remote] DEBUG org.asynchttpclient.netty.request.NettyRequestSender -- Using pooled Channel '[id: 0x59caad82, L:/127.0.0.1:63152 - R:localhost/127.0.0.1:34477]' for 'POST' to 'http://localhost:34477/session/95c71151-6fbe-4261-b38e-54c0073864b2/timeouts'
22:24:44.039 [Forwarding setTimeout on session 95c71151-6fbe-4261-b38e-54c0073864b2 to remote] DEBUG org.asynchttpclient.netty.request.NettyRequestSender -- Using open Channel [id: 0x59caad82, L:/127.0.0.1:63152 - R:localhost/127.0.0.1:34477] for POST '/session/95c71151-6fbe-4261-b38e-54c0073864b2/timeouts'
22:24:44.040 [AsyncHttpClient-1-2] DEBUG org.asynchttpclient.netty.handler.HttpHandler -- 

Request DefaultHttpRequest(decodeResult: success, version: HTTP/1.1)
POST /session/95c71151-6fbe-4261-b38e-54c0073864b2/timeouts HTTP/1.1
User-Agent: selenium/4.12.0 (java windows)
Content-Length: 22
Content-Type: application/json; charset=utf-8
host: localhost:34477
accept: */*

Response DefaultHttpResponse(decodeResult: success, version: HTTP/1.1)
HTTP/1.1 200 OK
content-type: application/json; charset=utf-8
cache-control: no-cache
content-length: 14
date: Sun, 28 Apr 2024 03:24:44 GMT

22:24:44.040 [AsyncHttpClient-1-2] DEBUG org.asynchttpclient.netty.channel.ChannelManager -- Adding key: http://localhost:34477 for channel [id: 0x59caad82, L:/127.0.0.1:63152 - R:localhost/127.0.0.1:34477]
22:24:44.056 [main] DEBUG net.serenitybdd.core.photography.Darkroom -- Opening darkroom
22:24:44.057 [Darkroom Processing Line] DEBUG net.serenitybdd.core.photography.DarkroomProcessingLine -- Darkroom processing line starting up
22:24:44.065 [Forwarding getAlertText on session 95c71151-6fbe-4261-b38e-54c0073864b2 to remote] DEBUG org.asynchttpclient.netty.request.NettyRequestSender -- Using pooled Channel '[id: 0x59caad82, L:/127.0.0.1:63152 - R:localhost/127.0.0.1:34477]' for 'GET' to 'http://localhost:34477/session/95c71151-6fbe-4261-b38e-54c0073864b2/alert/text'
22:24:44.065 [Forwarding getAlertText on session 95c71151-6fbe-4261-b38e-54c0073864b2 to remote] DEBUG org.asynchttpclient.netty.request.NettyRequestSender -- Using open Channel [id: 0x59caad82, L:/127.0.0.1:63152 - R:localhost/127.0.0.1:34477] for GET '/session/95c71151-6fbe-4261-b38e-54c0073864b2/alert/text'
22:24:44.067 [AsyncHttpClient-1-2] DEBUG org.asynchttpclient.netty.handler.HttpHandler -- 

Request DefaultFullHttpRequest(decodeResult: success, version: HTTP/1.1, content: EmptyByteBufBE)
GET /session/95c71151-6fbe-4261-b38e-54c0073864b2/alert/text HTTP/1.1
Cache-Control: no-cache
User-Agent: selenium/4.12.0 (java windows)
Content-Type: application/json; charset=utf-8
host: localhost:34477
accept: */*

Response DefaultHttpResponse(decodeResult: success, version: HTTP/1.1)
HTTP/1.1 404 Not Found
content-type: application/json; charset=utf-8
cache-control: no-cache
content-length: 842
date: Sun, 28 Apr 2024 03:24:44 GMT

22:24:44.067 [AsyncHttpClient-1-2] DEBUG org.asynchttpclient.netty.channel.ChannelManager -- Adding key: http://localhost:34477 for channel [id: 0x59caad82, L:/127.0.0.1:63152 - R:localhost/127.0.0.1:34477]
22:24:44.071 [Forwarding getCurrentUrl on session 95c71151-6fbe-4261-b38e-54c0073864b2 to remote] DEBUG org.asynchttpclient.netty.request.NettyRequestSender -- Using pooled Channel '[id: 0x59caad82, L:/127.0.0.1:63152 - R:localhost/127.0.0.1:34477]' for 'GET' to 'http://localhost:34477/session/95c71151-6fbe-4261-b38e-54c0073864b2/url'
22:24:44.071 [Forwarding getCurrentUrl on session 95c71151-6fbe-4261-b38e-54c0073864b2 to remote] DEBUG org.asynchttpclient.netty.request.NettyRequestSender -- Using open Channel [id: 0x59caad82, L:/127.0.0.1:63152 - R:localhost/127.0.0.1:34477] for GET '/session/95c71151-6fbe-4261-b38e-54c0073864b2/url'
22:24:44.073 [AsyncHttpClient-1-2] DEBUG org.asynchttpclient.netty.handler.HttpHandler -- 

Request DefaultFullHttpRequest(decodeResult: success, version: HTTP/1.1, content: EmptyByteBufBE)
GET /session/95c71151-6fbe-4261-b38e-54c0073864b2/url HTTP/1.1
Cache-Control: no-cache
User-Agent: selenium/4.12.0 (java windows)
Content-Type: application/json; charset=utf-8
host: localhost:34477
accept: */*

Response DefaultHttpResponse(decodeResult: success, version: HTTP/1.1)
HTTP/1.1 200 OK
content-type: application/json; charset=utf-8
cache-control: no-cache
content-length: 38
date: Sun, 28 Apr 2024 03:24:44 GMT

22:24:44.073 [AsyncHttpClient-1-2] DEBUG org.asynchttpclient.netty.channel.ChannelManager -- Adding key: http://localhost:34477 for channel [id: 0x59caad82, L:/127.0.0.1:63152 - R:localhost/127.0.0.1:34477]
22:24:44.075 [Forwarding screenshot on session 95c71151-6fbe-4261-b38e-54c0073864b2 to remote] DEBUG org.asynchttpclient.netty.request.NettyRequestSender -- Using pooled Channel '[id: 0x59caad82, L:/127.0.0.1:63152 - R:localhost/127.0.0.1:34477]' for 'GET' to 'http://localhost:34477/session/95c71151-6fbe-4261-b38e-54c0073864b2/screenshot'
22:24:44.075 [Forwarding screenshot on session 95c71151-6fbe-4261-b38e-54c0073864b2 to remote] DEBUG org.asynchttpclient.netty.request.NettyRequestSender -- Using open Channel [id: 0x59caad82, L:/127.0.0.1:63152 - R:localhost/127.0.0.1:34477] for GET '/session/95c71151-6fbe-4261-b38e-54c0073864b2/screenshot'
22:24:44.174 [AsyncHttpClient-1-2] DEBUG org.asynchttpclient.netty.handler.HttpHandler -- 

Request DefaultFullHttpRequest(decodeResult: success, version: HTTP/1.1, content: EmptyByteBufBE)
GET /session/95c71151-6fbe-4261-b38e-54c0073864b2/screenshot HTTP/1.1
Cache-Control: no-cache
User-Agent: selenium/4.12.0 (java windows)
Content-Type: application/json; charset=utf-8
host: localhost:34477
accept: */*

Response DefaultHttpResponse(decodeResult: success, version: HTTP/1.1)
HTTP/1.1 200 OK
content-type: application/json; charset=utf-8
cache-control: no-cache
content-length: 504948
date: Sun, 28 Apr 2024 03:24:44 GMT

22:24:44.180 [AsyncHttpClient-1-2] DEBUG org.asynchttpclient.netty.channel.ChannelManager -- Adding key: http://localhost:34477 for channel [id: 0x59caad82, L:/127.0.0.1:63152 - R:localhost/127.0.0.1:34477]
22:24:44.267 [main] DEBUG net.serenitybdd.core.photography.Darkroom -- Send negative for processing for C:\Users\USUARIO\OneDrive\Documentos\02 Automatización\03 Pragma\pragma\pragma\target\site\serenity\4ee8a2605a1cdda36c2b7788194c259ded3d98d35a623d38fa3b86f65a89fac1.png
22:24:44.268 [Darkroom Processing Line] DEBUG net.serenitybdd.core.photography.DarkroomProcessingLine -- Processing screenshot image in /var/screenshots/screenshot-18433496334297580616
22:24:44.269 [Darkroom Processing Line] DEBUG net.serenitybdd.core.photography.DarkroomProcessingLine -- Saving screenshot to C:\Users\USUARIO\OneDrive\Documentos\02 Automatización\03 Pragma\pragma\pragma\target\site\serenity\4ee8a2605a1cdda36c2b7788194c259ded3d98d35a623d38fa3b86f65a89fac1.png
22:24:44.315 [AsyncHttpClient-1-1] DEBUG org.asynchttpclient.netty.channel.DefaultChannelPool -- Entry count for : http://localhost:34477 : 1
22:24:45.284 [main] DEBUG net.thucydides.core.steps.StepInterceptor -- STEP DONE: ingresarAlPortal
22:24:45.291 [Forwarding getAlertText on session 95c71151-6fbe-4261-b38e-54c0073864b2 to remote] DEBUG org.asynchttpclient.netty.request.NettyRequestSender -- Using pooled Channel '[id: 0x59caad82, L:/127.0.0.1:63152 - R:localhost/127.0.0.1:34477]' for 'GET' to 'http://localhost:34477/session/95c71151-6fbe-4261-b38e-54c0073864b2/alert/text'
22:24:45.291 [Forwarding getAlertText on session 95c71151-6fbe-4261-b38e-54c0073864b2 to remote] DEBUG org.asynchttpclient.netty.request.NettyRequestSender -- Using open Channel [id: 0x59caad82, L:/127.0.0.1:63152 - R:localhost/127.0.0.1:34477] for GET '/session/95c71151-6fbe-4261-b38e-54c0073864b2/alert/text'
22:24:45.293 [AsyncHttpClient-1-2] DEBUG org.asynchttpclient.netty.handler.HttpHandler -- 

Request DefaultFullHttpRequest(decodeResult: success, version: HTTP/1.1, content: EmptyByteBufBE)
GET /session/95c71151-6fbe-4261-b38e-54c0073864b2/alert/text HTTP/1.1
Cache-Control: no-cache
User-Agent: selenium/4.12.0 (java windows)
Content-Type: application/json; charset=utf-8
host: localhost:34477
accept: */*

Response DefaultHttpResponse(decodeResult: success, version: HTTP/1.1)
HTTP/1.1 404 Not Found
content-type: application/json; charset=utf-8
cache-control: no-cache
content-length: 842
date: Sun, 28 Apr 2024 03:24:45 GMT

22:24:45.293 [AsyncHttpClient-1-2] DEBUG org.asynchttpclient.netty.channel.ChannelManager -- Adding key: http://localhost:34477 for channel [id: 0x59caad82, L:/127.0.0.1:63152 - R:localhost/127.0.0.1:34477]
22:24:45.295 [Forwarding getCurrentUrl on session 95c71151-6fbe-4261-b38e-54c0073864b2 to remote] DEBUG org.asynchttpclient.netty.request.NettyRequestSender -- Using pooled Channel '[id: 0x59caad82, L:/127.0.0.1:63152 - R:localhost/127.0.0.1:34477]' for 'GET' to 'http://localhost:34477/session/95c71151-6fbe-4261-b38e-54c0073864b2/url'
22:24:45.295 [Forwarding getCurrentUrl on session 95c71151-6fbe-4261-b38e-54c0073864b2 to remote] DEBUG org.asynchttpclient.netty.request.NettyRequestSender -- Using open Channel [id: 0x59caad82, L:/127.0.0.1:63152 - R:localhost/127.0.0.1:34477] for GET '/session/95c71151-6fbe-4261-b38e-54c0073864b2/url'
22:24:45.297 [AsyncHttpClient-1-2] DEBUG org.asynchttpclient.netty.handler.HttpHandler -- 

Request DefaultFullHttpRequest(decodeResult: success, version: HTTP/1.1, content: EmptyByteBufBE)
GET /session/95c71151-6fbe-4261-b38e-54c0073864b2/url HTTP/1.1
Cache-Control: no-cache
User-Agent: selenium/4.12.0 (java windows)
Content-Type: application/json; charset=utf-8
host: localhost:34477
accept: */*

Response DefaultHttpResponse(decodeResult: success, version: HTTP/1.1)
HTTP/1.1 200 OK
content-type: application/json; charset=utf-8
cache-control: no-cache
content-length: 38
date: Sun, 28 Apr 2024 03:24:45 GMT

22:24:45.297 [AsyncHttpClient-1-2] DEBUG org.asynchttpclient.netty.channel.ChannelManager -- Adding key: http://localhost:34477 for channel [id: 0x59caad82, L:/127.0.0.1:63152 - R:localhost/127.0.0.1:34477]
22:24:45.299 [Forwarding screenshot on session 95c71151-6fbe-4261-b38e-54c0073864b2 to remote] DEBUG org.asynchttpclient.netty.request.NettyRequestSender -- Using pooled Channel '[id: 0x59caad82, L:/127.0.0.1:63152 - R:localhost/127.0.0.1:34477]' for 'GET' to 'http://localhost:34477/session/95c71151-6fbe-4261-b38e-54c0073864b2/screenshot'
22:24:45.299 [Forwarding screenshot on session 95c71151-6fbe-4261-b38e-54c0073864b2 to remote] DEBUG org.asynchttpclient.netty.request.NettyRequestSender -- Using open Channel [id: 0x59caad82, L:/127.0.0.1:63152 - R:localhost/127.0.0.1:34477] for GET '/session/95c71151-6fbe-4261-b38e-54c0073864b2/screenshot'
22:24:45.372 [AsyncHttpClient-1-2] DEBUG org.asynchttpclient.netty.handler.HttpHandler -- 

Request DefaultFullHttpRequest(decodeResult: success, version: HTTP/1.1, content: EmptyByteBufBE)
GET /session/95c71151-6fbe-4261-b38e-54c0073864b2/screenshot HTTP/1.1
Cache-Control: no-cache
User-Agent: selenium/4.12.0 (java windows)
Content-Type: application/json; charset=utf-8
host: localhost:34477
accept: */*

Response DefaultHttpResponse(decodeResult: success, version: HTTP/1.1)
HTTP/1.1 200 OK
content-type: application/json; charset=utf-8
cache-control: no-cache
content-length: 800340
date: Sun, 28 Apr 2024 03:24:45 GMT

22:24:45.374 [AsyncHttpClient-1-2] DEBUG org.asynchttpclient.netty.channel.ChannelManager -- Adding key: http://localhost:34477 for channel [id: 0x59caad82, L:/127.0.0.1:63152 - R:localhost/127.0.0.1:34477]
22:24:45.389 [main] DEBUG net.serenitybdd.core.photography.Darkroom -- Send negative for processing for C:\Users\USUARIO\OneDrive\Documentos\02 Automatización\03 Pragma\pragma\pragma\target\site\serenity\c6d2d59253a3c52d8b8db4ad723f6da73641757028d146bd6c52f7f99c9aebe9.png
22:24:45.393 [Darkroom Processing Line] DEBUG net.serenitybdd.core.photography.DarkroomProcessingLine -- Processing screenshot image in /var/screenshots/screenshot-851047809365634932
22:24:45.393 [Darkroom Processing Line] DEBUG net.serenitybdd.core.photography.DarkroomProcessingLine -- Saving screenshot to C:\Users\USUARIO\OneDrive\Documentos\02 Automatización\03 Pragma\pragma\pragma\target\site\serenity\c6d2d59253a3c52d8b8db4ad723f6da73641757028d146bd6c52f7f99c9aebe9.png
22:24:45.414 [AsyncHttpClient-1-1] DEBUG org.asynchttpclient.netty.channel.DefaultChannelPool -- Entry count for : http://localhost:34477 : 1
22:24:46.501 [main] DEBUG net.thucydides.core.steps.StepInterceptor -- STARTING STEP: StepInterceptor.testContext - ingresoACategoria
22:24:46.508 [Forwarding findElement on session 95c71151-6fbe-4261-b38e-54c0073864b2 to remote] DEBUG org.asynchttpclient.netty.request.NettyRequestSender -- Using pooled Channel '[id: 0x59caad82, L:/127.0.0.1:63152 - R:localhost/127.0.0.1:34477]' for 'POST' to 'http://localhost:34477/session/95c71151-6fbe-4261-b38e-54c0073864b2/element'
22:24:46.508 [Forwarding findElement on session 95c71151-6fbe-4261-b38e-54c0073864b2 to remote] DEBUG org.asynchttpclient.netty.request.NettyRequestSender -- Using open Channel [id: 0x59caad82, L:/127.0.0.1:63152 - R:localhost/127.0.0.1:34477] for POST '/session/95c71151-6fbe-4261-b38e-54c0073864b2/element'
22:24:46.514 [AsyncHttpClient-1-2] DEBUG org.asynchttpclient.netty.handler.HttpHandler -- 

Request DefaultHttpRequest(decodeResult: success, version: HTTP/1.1)
POST /session/95c71151-6fbe-4261-b38e-54c0073864b2/element HTTP/1.1
User-Agent: selenium/4.12.0 (java windows)
Content-Length: 77
Content-Type: application/json; charset=utf-8
host: localhost:34477
accept: */*

Response DefaultHttpResponse(decodeResult: success, version: HTTP/1.1)
HTTP/1.1 200 OK
content-type: application/json; charset=utf-8
cache-control: no-cache
content-length: 88
date: Sun, 28 Apr 2024 03:24:46 GMT

22:24:46.514 [AsyncHttpClient-1-2] DEBUG org.asynchttpclient.netty.channel.ChannelManager -- Adding key: http://localhost:34477 for channel [id: 0x59caad82, L:/127.0.0.1:63152 - R:localhost/127.0.0.1:34477]
22:24:46.515 [AsyncHttpClient-1-1] DEBUG org.asynchttpclient.netty.channel.DefaultChannelPool -- Entry count for : http://localhost:34477 : 1
22:24:46.517 [Forwarding getElementTagName on session 95c71151-6fbe-4261-b38e-54c0073864b2 to remote] DEBUG org.asynchttpclient.netty.request.NettyRequestSender -- Using pooled Channel '[id: 0x59caad82, L:/127.0.0.1:63152 - R:localhost/127.0.0.1:34477]' for 'GET' to 'http://localhost:34477/session/95c71151-6fbe-4261-b38e-54c0073864b2/element/3bcf5d9f-6163-49f0-a741-da63fe9422ee/name'
22:24:46.517 [Forwarding getElementTagName on session 95c71151-6fbe-4261-b38e-54c0073864b2 to remote] DEBUG org.asynchttpclient.netty.request.NettyRequestSender -- Using open Channel [id: 0x59caad82, L:/127.0.0.1:63152 - R:localhost/127.0.0.1:34477] for GET '/session/95c71151-6fbe-4261-b38e-54c0073864b2/element/3bcf5d9f-6163-49f0-a741-da63fe9422ee/name'
22:24:46.519 [AsyncHttpClient-1-2] DEBUG org.asynchttpclient.netty.handler.HttpHandler -- 

Request DefaultFullHttpRequest(decodeResult: success, version: HTTP/1.1, content: EmptyByteBufBE)
GET /session/95c71151-6fbe-4261-b38e-54c0073864b2/element/3bcf5d9f-6163-49f0-a741-da63fe9422ee/name HTTP/1.1
Cache-Control: no-cache
User-Agent: selenium/4.12.0 (java windows)
Content-Type: application/json; charset=utf-8
host: localhost:34477
accept: */*

Response DefaultHttpResponse(decodeResult: success, version: HTTP/1.1)
HTTP/1.1 200 OK
content-type: application/json; charset=utf-8
cache-control: no-cache
content-length: 13
date: Sun, 28 Apr 2024 03:24:46 GMT

22:24:46.520 [AsyncHttpClient-1-2] DEBUG org.asynchttpclient.netty.channel.ChannelManager -- Adding key: http://localhost:34477 for channel [id: 0x59caad82, L:/127.0.0.1:63152 - R:localhost/127.0.0.1:34477]
22:24:46.521 [Forwarding getElementTagName on session 95c71151-6fbe-4261-b38e-54c0073864b2 to remote] DEBUG org.asynchttpclient.netty.request.NettyRequestSender -- Using pooled Channel '[id: 0x59caad82, L:/127.0.0.1:63152 - R:localhost/127.0.0.1:34477]' for 'GET' to 'http://localhost:34477/session/95c71151-6fbe-4261-b38e-54c0073864b2/element/3bcf5d9f-6163-49f0-a741-da63fe9422ee/name'
22:24:46.521 [Forwarding getElementTagName on session 95c71151-6fbe-4261-b38e-54c0073864b2 to remote] DEBUG org.asynchttpclient.netty.request.NettyRequestSender -- Using open Channel [id: 0x59caad82, L:/127.0.0.1:63152 - R:localhost/127.0.0.1:34477] for GET '/session/95c71151-6fbe-4261-b38e-54c0073864b2/element/3bcf5d9f-6163-49f0-a741-da63fe9422ee/name'
22:24:46.523 [AsyncHttpClient-1-2] DEBUG org.asynchttpclient.netty.handler.HttpHandler -- 

Request DefaultFullHttpRequest(decodeResult: success, version: HTTP/1.1, content: EmptyByteBufBE)
GET /session/95c71151-6fbe-4261-b38e-54c0073864b2/element/3bcf5d9f-6163-49f0-a741-da63fe9422ee/name HTTP/1.1
Cache-Control: no-cache
User-Agent: selenium/4.12.0 (java windows)
Content-Type: application/json; charset=utf-8
host: localhost:34477
accept: */*

Response DefaultHttpResponse(decodeResult: success, version: HTTP/1.1)
HTTP/1.1 200 OK
content-type: application/json; charset=utf-8
cache-control: no-cache
content-length: 13
date: Sun, 28 Apr 2024 03:24:46 GMT

22:24:46.524 [AsyncHttpClient-1-2] DEBUG org.asynchttpclient.netty.channel.ChannelManager -- Adding key: http://localhost:34477 for channel [id: 0x59caad82, L:/127.0.0.1:63152 - R:localhost/127.0.0.1:34477]
22:24:46.528 [Forwarding findElement on session 95c71151-6fbe-4261-b38e-54c0073864b2 to remote] DEBUG org.asynchttpclient.netty.request.NettyRequestSender -- Using pooled Channel '[id: 0x59caad82, L:/127.0.0.1:63152 - R:localhost/127.0.0.1:34477]' for 'POST' to 'http://localhost:34477/session/95c71151-6fbe-4261-b38e-54c0073864b2/element'
22:24:46.528 [Forwarding findElement on session 95c71151-6fbe-4261-b38e-54c0073864b2 to remote] DEBUG org.asynchttpclient.netty.request.NettyRequestSender -- Using open Channel [id: 0x59caad82, L:/127.0.0.1:63152 - R:localhost/127.0.0.1:34477] for POST '/session/95c71151-6fbe-4261-b38e-54c0073864b2/element'
22:24:46.531 [AsyncHttpClient-1-2] DEBUG org.asynchttpclient.netty.handler.HttpHandler -- 

Request DefaultHttpRequest(decodeResult: success, version: HTTP/1.1)
POST /session/95c71151-6fbe-4261-b38e-54c0073864b2/element HTTP/1.1
User-Agent: selenium/4.12.0 (java windows)
Content-Length: 77
Content-Type: application/json; charset=utf-8
host: localhost:34477
accept: */*

Response DefaultHttpResponse(decodeResult: success, version: HTTP/1.1)
HTTP/1.1 200 OK
content-type: application/json; charset=utf-8
cache-control: no-cache
content-length: 88
date: Sun, 28 Apr 2024 03:24:46 GMT

22:24:46.531 [AsyncHttpClient-1-2] DEBUG org.asynchttpclient.netty.channel.ChannelManager -- Adding key: http://localhost:34477 for channel [id: 0x59caad82, L:/127.0.0.1:63152 - R:localhost/127.0.0.1:34477]
22:24:46.532 [Forwarding clickElement on session 95c71151-6fbe-4261-b38e-54c0073864b2 to remote] DEBUG org.asynchttpclient.netty.request.NettyRequestSender -- Using pooled Channel '[id: 0x59caad82, L:/127.0.0.1:63152 - R:localhost/127.0.0.1:34477]' for 'POST' to 'http://localhost:34477/session/95c71151-6fbe-4261-b38e-54c0073864b2/element/3bcf5d9f-6163-49f0-a741-da63fe9422ee/click'
22:24:46.533 [Forwarding clickElement on session 95c71151-6fbe-4261-b38e-54c0073864b2 to remote] DEBUG org.asynchttpclient.netty.request.NettyRequestSender -- Using open Channel [id: 0x59caad82, L:/127.0.0.1:63152 - R:localhost/127.0.0.1:34477] for POST '/session/95c71151-6fbe-4261-b38e-54c0073864b2/element/3bcf5d9f-6163-49f0-a741-da63fe9422ee/click'
22:24:46.558 [AsyncHttpClient-1-2] DEBUG org.asynchttpclient.netty.handler.HttpHandler -- 

Request DefaultHttpRequest(decodeResult: success, version: HTTP/1.1)
POST /session/95c71151-6fbe-4261-b38e-54c0073864b2/element/3bcf5d9f-6163-49f0-a741-da63fe9422ee/click HTTP/1.1
User-Agent: selenium/4.12.0 (java windows)
Content-Length: 50
Content-Type: application/json; charset=utf-8
host: localhost:34477
accept: */*

Response DefaultHttpResponse(decodeResult: success, version: HTTP/1.1)
HTTP/1.1 200 OK
content-type: application/json; charset=utf-8
cache-control: no-cache
content-length: 14
date: Sun, 28 Apr 2024 03:24:46 GMT

22:24:46.559 [AsyncHttpClient-1-2] DEBUG org.asynchttpclient.netty.channel.ChannelManager -- Adding key: http://localhost:34477 for channel [id: 0x59caad82, L:/127.0.0.1:63152 - R:localhost/127.0.0.1:34477]
22:24:46.568 [Forwarding getAlertText on session 95c71151-6fbe-4261-b38e-54c0073864b2 to remote] DEBUG org.asynchttpclient.netty.request.NettyRequestSender -- Using pooled Channel '[id: 0x59caad82, L:/127.0.0.1:63152 - R:localhost/127.0.0.1:34477]' for 'GET' to 'http://localhost:34477/session/95c71151-6fbe-4261-b38e-54c0073864b2/alert/text'
22:24:46.568 [Forwarding getAlertText on session 95c71151-6fbe-4261-b38e-54c0073864b2 to remote] DEBUG org.asynchttpclient.netty.request.NettyRequestSender -- Using open Channel [id: 0x59caad82, L:/127.0.0.1:63152 - R:localhost/127.0.0.1:34477] for GET '/session/95c71151-6fbe-4261-b38e-54c0073864b2/alert/text'
22:24:46.571 [AsyncHttpClient-1-2] DEBUG org.asynchttpclient.netty.handler.HttpHandler -- 

Request DefaultFullHttpRequest(decodeResult: success, version: HTTP/1.1, content: EmptyByteBufBE)
GET /session/95c71151-6fbe-4261-b38e-54c0073864b2/alert/text HTTP/1.1
Cache-Control: no-cache
User-Agent: selenium/4.12.0 (java windows)
Content-Type: application/json; charset=utf-8
host: localhost:34477
accept: */*

Response DefaultHttpResponse(decodeResult: success, version: HTTP/1.1)
HTTP/1.1 404 Not Found
content-type: application/json; charset=utf-8
cache-control: no-cache
content-length: 842
date: Sun, 28 Apr 2024 03:24:46 GMT

22:24:46.572 [AsyncHttpClient-1-2] DEBUG org.asynchttpclient.netty.channel.ChannelManager -- Adding key: http://localhost:34477 for channel [id: 0x59caad82, L:/127.0.0.1:63152 - R:localhost/127.0.0.1:34477]
22:24:46.573 [Forwarding getCurrentUrl on session 95c71151-6fbe-4261-b38e-54c0073864b2 to remote] DEBUG org.asynchttpclient.netty.request.NettyRequestSender -- Using pooled Channel '[id: 0x59caad82, L:/127.0.0.1:63152 - R:localhost/127.0.0.1:34477]' for 'GET' to 'http://localhost:34477/session/95c71151-6fbe-4261-b38e-54c0073864b2/url'
22:24:46.573 [Forwarding getCurrentUrl on session 95c71151-6fbe-4261-b38e-54c0073864b2 to remote] DEBUG org.asynchttpclient.netty.request.NettyRequestSender -- Using open Channel [id: 0x59caad82, L:/127.0.0.1:63152 - R:localhost/127.0.0.1:34477] for GET '/session/95c71151-6fbe-4261-b38e-54c0073864b2/url'
22:24:46.575 [AsyncHttpClient-1-2] DEBUG org.asynchttpclient.netty.handler.HttpHandler -- 

Request DefaultFullHttpRequest(decodeResult: success, version: HTTP/1.1, content: EmptyByteBufBE)
GET /session/95c71151-6fbe-4261-b38e-54c0073864b2/url HTTP/1.1
Cache-Control: no-cache
User-Agent: selenium/4.12.0 (java windows)
Content-Type: application/json; charset=utf-8
host: localhost:34477
accept: */*

Response DefaultHttpResponse(decodeResult: success, version: HTTP/1.1)
HTTP/1.1 200 OK
content-type: application/json; charset=utf-8
cache-control: no-cache
content-length: 39
date: Sun, 28 Apr 2024 03:24:46 GMT

22:24:46.575 [AsyncHttpClient-1-2] DEBUG org.asynchttpclient.netty.channel.ChannelManager -- Adding key: http://localhost:34477 for channel [id: 0x59caad82, L:/127.0.0.1:63152 - R:localhost/127.0.0.1:34477]
22:24:46.576 [Forwarding screenshot on session 95c71151-6fbe-4261-b38e-54c0073864b2 to remote] DEBUG org.asynchttpclient.netty.request.NettyRequestSender -- Using pooled Channel '[id: 0x59caad82, L:/127.0.0.1:63152 - R:localhost/127.0.0.1:34477]' for 'GET' to 'http://localhost:34477/session/95c71151-6fbe-4261-b38e-54c0073864b2/screenshot'
22:24:46.576 [Forwarding screenshot on session 95c71151-6fbe-4261-b38e-54c0073864b2 to remote] DEBUG org.asynchttpclient.netty.request.NettyRequestSender -- Using open Channel [id: 0x59caad82, L:/127.0.0.1:63152 - R:localhost/127.0.0.1:34477] for GET '/session/95c71151-6fbe-4261-b38e-54c0073864b2/screenshot'
22:24:46.654 [AsyncHttpClient-1-2] DEBUG org.asynchttpclient.netty.handler.HttpHandler -- 

Request DefaultFullHttpRequest(decodeResult: success, version: HTTP/1.1, content: EmptyByteBufBE)
GET /session/95c71151-6fbe-4261-b38e-54c0073864b2/screenshot HTTP/1.1
Cache-Control: no-cache
User-Agent: selenium/4.12.0 (java windows)
Content-Type: application/json; charset=utf-8
host: localhost:34477
accept: */*

Response DefaultHttpResponse(decodeResult: success, version: HTTP/1.1)
HTTP/1.1 200 OK
content-type: application/json; charset=utf-8
cache-control: no-cache
content-length: 800340
date: Sun, 28 Apr 2024 03:24:46 GMT

22:24:46.657 [AsyncHttpClient-1-2] DEBUG org.asynchttpclient.netty.channel.ChannelManager -- Adding key: http://localhost:34477 for channel [id: 0x59caad82, L:/127.0.0.1:63152 - R:localhost/127.0.0.1:34477]
22:24:46.669 [main] DEBUG net.serenitybdd.core.photography.Darkroom -- Send negative for processing for C:\Users\USUARIO\OneDrive\Documentos\02 Automatización\03 Pragma\pragma\pragma\target\site\serenity\c6d2d59253a3c52d8b8db4ad723f6da73641757028d146bd6c52f7f99c9aebe9.png
22:24:47.613 [AsyncHttpClient-1-1] DEBUG org.asynchttpclient.netty.channel.DefaultChannelPool -- Entry count for : http://localhost:34477 : 1
22:24:47.671 [main] DEBUG net.thucydides.core.steps.StepInterceptor -- STEP DONE: ingresoACategoria
22:24:47.683 [Forwarding getAlertText on session 95c71151-6fbe-4261-b38e-54c0073864b2 to remote] DEBUG org.asynchttpclient.netty.request.NettyRequestSender -- Using pooled Channel '[id: 0x59caad82, L:/127.0.0.1:63152 - R:localhost/127.0.0.1:34477]' for 'GET' to 'http://localhost:34477/session/95c71151-6fbe-4261-b38e-54c0073864b2/alert/text'
22:24:47.684 [Forwarding getAlertText on session 95c71151-6fbe-4261-b38e-54c0073864b2 to remote] DEBUG org.asynchttpclient.netty.request.NettyRequestSender -- Using open Channel [id: 0x59caad82, L:/127.0.0.1:63152 - R:localhost/127.0.0.1:34477] for GET '/session/95c71151-6fbe-4261-b38e-54c0073864b2/alert/text'
22:24:47.687 [AsyncHttpClient-1-2] DEBUG org.asynchttpclient.netty.handler.HttpHandler -- 

Request DefaultFullHttpRequest(decodeResult: success, version: HTTP/1.1, content: EmptyByteBufBE)
GET /session/95c71151-6fbe-4261-b38e-54c0073864b2/alert/text HTTP/1.1
Cache-Control: no-cache
User-Agent: selenium/4.12.0 (java windows)
Content-Type: application/json; charset=utf-8
host: localhost:34477
accept: */*

Response DefaultHttpResponse(decodeResult: success, version: HTTP/1.1)
HTTP/1.1 404 Not Found
content-type: application/json; charset=utf-8
cache-control: no-cache
content-length: 842
date: Sun, 28 Apr 2024 03:24:47 GMT

22:24:47.687 [AsyncHttpClient-1-2] DEBUG org.asynchttpclient.netty.channel.ChannelManager -- Adding key: http://localhost:34477 for channel [id: 0x59caad82, L:/127.0.0.1:63152 - R:localhost/127.0.0.1:34477]
22:24:47.692 [Forwarding getCurrentUrl on session 95c71151-6fbe-4261-b38e-54c0073864b2 to remote] DEBUG org.asynchttpclient.netty.request.NettyRequestSender -- Using pooled Channel '[id: 0x59caad82, L:/127.0.0.1:63152 - R:localhost/127.0.0.1:34477]' for 'GET' to 'http://localhost:34477/session/95c71151-6fbe-4261-b38e-54c0073864b2/url'
22:24:47.692 [Forwarding getCurrentUrl on session 95c71151-6fbe-4261-b38e-54c0073864b2 to remote] DEBUG org.asynchttpclient.netty.request.NettyRequestSender -- Using open Channel [id: 0x59caad82, L:/127.0.0.1:63152 - R:localhost/127.0.0.1:34477] for GET '/session/95c71151-6fbe-4261-b38e-54c0073864b2/url'
22:24:47.693 [AsyncHttpClient-1-2] DEBUG org.asynchttpclient.netty.handler.HttpHandler -- 

Request DefaultFullHttpRequest(decodeResult: success, version: HTTP/1.1, content: EmptyByteBufBE)
GET /session/95c71151-6fbe-4261-b38e-54c0073864b2/url HTTP/1.1
Cache-Control: no-cache
User-Agent: selenium/4.12.0 (java windows)
Content-Type: application/json; charset=utf-8
host: localhost:34477
accept: */*

Response DefaultHttpResponse(decodeResult: success, version: HTTP/1.1)
HTTP/1.1 200 OK
content-type: application/json; charset=utf-8
cache-control: no-cache
content-length: 39
date: Sun, 28 Apr 2024 03:24:47 GMT

22:24:47.693 [AsyncHttpClient-1-2] DEBUG org.asynchttpclient.netty.channel.ChannelManager -- Adding key: http://localhost:34477 for channel [id: 0x59caad82, L:/127.0.0.1:63152 - R:localhost/127.0.0.1:34477]
22:24:47.694 [Forwarding screenshot on session 95c71151-6fbe-4261-b38e-54c0073864b2 to remote] DEBUG org.asynchttpclient.netty.request.NettyRequestSender -- Using pooled Channel '[id: 0x59caad82, L:/127.0.0.1:63152 - R:localhost/127.0.0.1:34477]' for 'GET' to 'http://localhost:34477/session/95c71151-6fbe-4261-b38e-54c0073864b2/screenshot'
22:24:47.694 [Forwarding screenshot on session 95c71151-6fbe-4261-b38e-54c0073864b2 to remote] DEBUG org.asynchttpclient.netty.request.NettyRequestSender -- Using open Channel [id: 0x59caad82, L:/127.0.0.1:63152 - R:localhost/127.0.0.1:34477] for GET '/session/95c71151-6fbe-4261-b38e-54c0073864b2/screenshot'
22:24:47.763 [AsyncHttpClient-1-2] DEBUG org.asynchttpclient.netty.handler.HttpHandler -- 

Request DefaultFullHttpRequest(decodeResult: success, version: HTTP/1.1, content: EmptyByteBufBE)
GET /session/95c71151-6fbe-4261-b38e-54c0073864b2/screenshot HTTP/1.1
Cache-Control: no-cache
User-Agent: selenium/4.12.0 (java windows)
Content-Type: application/json; charset=utf-8
host: localhost:34477
accept: */*

Response DefaultHttpResponse(decodeResult: success, version: HTTP/1.1)
HTTP/1.1 200 OK
content-type: application/json; charset=utf-8
cache-control: no-cache
content-length: 800340
date: Sun, 28 Apr 2024 03:24:47 GMT

22:24:47.767 [AsyncHttpClient-1-2] DEBUG org.asynchttpclient.netty.channel.ChannelManager -- Adding key: http://localhost:34477 for channel [id: 0x59caad82, L:/127.0.0.1:63152 - R:localhost/127.0.0.1:34477]
22:24:47.778 [main] DEBUG net.serenitybdd.core.photography.Darkroom -- Send negative for processing for C:\Users\USUARIO\OneDrive\Documentos\02 Automatización\03 Pragma\pragma\pragma\target\site\serenity\c6d2d59253a3c52d8b8db4ad723f6da73641757028d146bd6c52f7f99c9aebe9.png
22:24:48.712 [AsyncHttpClient-1-1] DEBUG org.asynchttpclient.netty.channel.DefaultChannelPool -- Entry count for : http://localhost:34477 : 1
22:24:48.796 [main] DEBUG net.thucydides.core.steps.StepInterceptor -- STARTING STEP: StepInterceptor.testContext - ingresoAlProducto
22:24:48.800 [Forwarding findElement on session 95c71151-6fbe-4261-b38e-54c0073864b2 to remote] DEBUG org.asynchttpclient.netty.request.NettyRequestSender -- Using pooled Channel '[id: 0x59caad82, L:/127.0.0.1:63152 - R:localhost/127.0.0.1:34477]' for 'POST' to 'http://localhost:34477/session/95c71151-6fbe-4261-b38e-54c0073864b2/element'
22:24:48.800 [Forwarding findElement on session 95c71151-6fbe-4261-b38e-54c0073864b2 to remote] DEBUG org.asynchttpclient.netty.request.NettyRequestSender -- Using open Channel [id: 0x59caad82, L:/127.0.0.1:63152 - R:localhost/127.0.0.1:34477] for POST '/session/95c71151-6fbe-4261-b38e-54c0073864b2/element'
22:24:48.804 [AsyncHttpClient-1-2] DEBUG org.asynchttpclient.netty.handler.HttpHandler -- 

Request DefaultHttpRequest(decodeResult: success, version: HTTP/1.1)
POST /session/95c71151-6fbe-4261-b38e-54c0073864b2/element HTTP/1.1
User-Agent: selenium/4.12.0 (java windows)
Content-Length: 88
Content-Type: application/json; charset=utf-8
host: localhost:34477
accept: */*

Response DefaultHttpResponse(decodeResult: success, version: HTTP/1.1)
HTTP/1.1 200 OK
content-type: application/json; charset=utf-8
cache-control: no-cache
content-length: 88
date: Sun, 28 Apr 2024 03:24:48 GMT

22:24:48.804 [AsyncHttpClient-1-2] DEBUG org.asynchttpclient.netty.channel.ChannelManager -- Adding key: http://localhost:34477 for channel [id: 0x59caad82, L:/127.0.0.1:63152 - R:localhost/127.0.0.1:34477]
22:24:48.806 [Forwarding getElementTagName on session 95c71151-6fbe-4261-b38e-54c0073864b2 to remote] DEBUG org.asynchttpclient.netty.request.NettyRequestSender -- Using pooled Channel '[id: 0x59caad82, L:/127.0.0.1:63152 - R:localhost/127.0.0.1:34477]' for 'GET' to 'http://localhost:34477/session/95c71151-6fbe-4261-b38e-54c0073864b2/element/ae0b51ed-8c57-4f64-9422-f410d47c1cd8/name'
22:24:48.806 [Forwarding getElementTagName on session 95c71151-6fbe-4261-b38e-54c0073864b2 to remote] DEBUG org.asynchttpclient.netty.request.NettyRequestSender -- Using open Channel [id: 0x59caad82, L:/127.0.0.1:63152 - R:localhost/127.0.0.1:34477] for GET '/session/95c71151-6fbe-4261-b38e-54c0073864b2/element/ae0b51ed-8c57-4f64-9422-f410d47c1cd8/name'
22:24:48.808 [AsyncHttpClient-1-2] DEBUG org.asynchttpclient.netty.handler.HttpHandler -- 

Request DefaultFullHttpRequest(decodeResult: success, version: HTTP/1.1, content: EmptyByteBufBE)
GET /session/95c71151-6fbe-4261-b38e-54c0073864b2/element/ae0b51ed-8c57-4f64-9422-f410d47c1cd8/name HTTP/1.1
Cache-Control: no-cache
User-Agent: selenium/4.12.0 (java windows)
Content-Type: application/json; charset=utf-8
host: localhost:34477
accept: */*

Response DefaultHttpResponse(decodeResult: success, version: HTTP/1.1)
HTTP/1.1 200 OK
content-type: application/json; charset=utf-8
cache-control: no-cache
content-length: 13
date: Sun, 28 Apr 2024 03:24:48 GMT

22:24:48.809 [AsyncHttpClient-1-2] DEBUG org.asynchttpclient.netty.channel.ChannelManager -- Adding key: http://localhost:34477 for channel [id: 0x59caad82, L:/127.0.0.1:63152 - R:localhost/127.0.0.1:34477]
22:24:48.810 [Forwarding getElementTagName on session 95c71151-6fbe-4261-b38e-54c0073864b2 to remote] DEBUG org.asynchttpclient.netty.request.NettyRequestSender -- Using pooled Channel '[id: 0x59caad82, L:/127.0.0.1:63152 - R:localhost/127.0.0.1:34477]' for 'GET' to 'http://localhost:34477/session/95c71151-6fbe-4261-b38e-54c0073864b2/element/ae0b51ed-8c57-4f64-9422-f410d47c1cd8/name'
22:24:48.810 [Forwarding getElementTagName on session 95c71151-6fbe-4261-b38e-54c0073864b2 to remote] DEBUG org.asynchttpclient.netty.request.NettyRequestSender -- Using open Channel [id: 0x59caad82, L:/127.0.0.1:63152 - R:localhost/127.0.0.1:34477] for GET '/session/95c71151-6fbe-4261-b38e-54c0073864b2/element/ae0b51ed-8c57-4f64-9422-f410d47c1cd8/name'
22:24:48.811 [AsyncHttpClient-1-2] DEBUG org.asynchttpclient.netty.handler.HttpHandler -- 

Request DefaultFullHttpRequest(decodeResult: success, version: HTTP/1.1, content: EmptyByteBufBE)
GET /session/95c71151-6fbe-4261-b38e-54c0073864b2/element/ae0b51ed-8c57-4f64-9422-f410d47c1cd8/name HTTP/1.1
Cache-Control: no-cache
User-Agent: selenium/4.12.0 (java windows)
Content-Type: application/json; charset=utf-8
host: localhost:34477
accept: */*

Response DefaultHttpResponse(decodeResult: success, version: HTTP/1.1)
HTTP/1.1 200 OK
content-type: application/json; charset=utf-8
cache-control: no-cache
content-length: 13
date: Sun, 28 Apr 2024 03:24:48 GMT

22:24:48.811 [AsyncHttpClient-1-2] DEBUG org.asynchttpclient.netty.channel.ChannelManager -- Adding key: http://localhost:34477 for channel [id: 0x59caad82, L:/127.0.0.1:63152 - R:localhost/127.0.0.1:34477]
22:24:48.812 [Forwarding findElement on session 95c71151-6fbe-4261-b38e-54c0073864b2 to remote] DEBUG org.asynchttpclient.netty.request.NettyRequestSender -- Using pooled Channel '[id: 0x59caad82, L:/127.0.0.1:63152 - R:localhost/127.0.0.1:34477]' for 'POST' to 'http://localhost:34477/session/95c71151-6fbe-4261-b38e-54c0073864b2/element'
22:24:48.812 [Forwarding findElement on session 95c71151-6fbe-4261-b38e-54c0073864b2 to remote] DEBUG org.asynchttpclient.netty.request.NettyRequestSender -- Using open Channel [id: 0x59caad82, L:/127.0.0.1:63152 - R:localhost/127.0.0.1:34477] for POST '/session/95c71151-6fbe-4261-b38e-54c0073864b2/element'
22:24:48.814 [AsyncHttpClient-1-2] DEBUG org.asynchttpclient.netty.handler.HttpHandler -- 

Request DefaultHttpRequest(decodeResult: success, version: HTTP/1.1)
POST /session/95c71151-6fbe-4261-b38e-54c0073864b2/element HTTP/1.1
User-Agent: selenium/4.12.0 (java windows)
Content-Length: 88
Content-Type: application/json; charset=utf-8
host: localhost:34477
accept: */*

Response DefaultHttpResponse(decodeResult: success, version: HTTP/1.1)
HTTP/1.1 200 OK
content-type: application/json; charset=utf-8
cache-control: no-cache
content-length: 88
date: Sun, 28 Apr 2024 03:24:48 GMT

22:24:48.814 [AsyncHttpClient-1-2] DEBUG org.asynchttpclient.netty.channel.ChannelManager -- Adding key: http://localhost:34477 for channel [id: 0x59caad82, L:/127.0.0.1:63152 - R:localhost/127.0.0.1:34477]
22:24:48.816 [Forwarding clickElement on session 95c71151-6fbe-4261-b38e-54c0073864b2 to remote] DEBUG org.asynchttpclient.netty.request.NettyRequestSender -- Using pooled Channel '[id: 0x59caad82, L:/127.0.0.1:63152 - R:localhost/127.0.0.1:34477]' for 'POST' to 'http://localhost:34477/session/95c71151-6fbe-4261-b38e-54c0073864b2/element/ae0b51ed-8c57-4f64-9422-f410d47c1cd8/click'
22:24:48.816 [Forwarding clickElement on session 95c71151-6fbe-4261-b38e-54c0073864b2 to remote] DEBUG org.asynchttpclient.netty.request.NettyRequestSender -- Using open Channel [id: 0x59caad82, L:/127.0.0.1:63152 - R:localhost/127.0.0.1:34477] for POST '/session/95c71151-6fbe-4261-b38e-54c0073864b2/element/ae0b51ed-8c57-4f64-9422-f410d47c1cd8/click'
22:24:49.113 [AsyncHttpClient-1-2] DEBUG org.asynchttpclient.netty.handler.HttpHandler -- 

Request DefaultHttpRequest(decodeResult: success, version: HTTP/1.1)
POST /session/95c71151-6fbe-4261-b38e-54c0073864b2/element/ae0b51ed-8c57-4f64-9422-f410d47c1cd8/click HTTP/1.1
User-Agent: selenium/4.12.0 (java windows)
Content-Length: 50
Content-Type: application/json; charset=utf-8
host: localhost:34477
accept: */*

Response DefaultHttpResponse(decodeResult: success, version: HTTP/1.1)
HTTP/1.1 200 OK
content-type: application/json; charset=utf-8
cache-control: no-cache
content-length: 14
date: Sun, 28 Apr 2024 03:24:48 GMT

22:24:49.113 [AsyncHttpClient-1-2] DEBUG org.asynchttpclient.netty.channel.ChannelManager -- Adding key: http://localhost:34477 for channel [id: 0x59caad82, L:/127.0.0.1:63152 - R:localhost/127.0.0.1:34477]
22:24:49.118 [Forwarding findElement on session 95c71151-6fbe-4261-b38e-54c0073864b2 to remote] DEBUG org.asynchttpclient.netty.request.NettyRequestSender -- Using pooled Channel '[id: 0x59caad82, L:/127.0.0.1:63152 - R:localhost/127.0.0.1:34477]' for 'POST' to 'http://localhost:34477/session/95c71151-6fbe-4261-b38e-54c0073864b2/element'
22:24:49.119 [Forwarding findElement on session 95c71151-6fbe-4261-b38e-54c0073864b2 to remote] DEBUG org.asynchttpclient.netty.request.NettyRequestSender -- Using open Channel [id: 0x59caad82, L:/127.0.0.1:63152 - R:localhost/127.0.0.1:34477] for POST '/session/95c71151-6fbe-4261-b38e-54c0073864b2/element'
22:24:49.380 [AsyncHttpClient-1-2] DEBUG org.asynchttpclient.netty.handler.HttpHandler -- 

Request DefaultHttpRequest(decodeResult: success, version: HTTP/1.1)
POST /session/95c71151-6fbe-4261-b38e-54c0073864b2/element HTTP/1.1
User-Agent: selenium/4.12.0 (java windows)
Content-Length: 66
Content-Type: application/json; charset=utf-8
host: localhost:34477
accept: */*

Response DefaultHttpResponse(decodeResult: success, version: HTTP/1.1)
HTTP/1.1 200 OK
content-type: application/json; charset=utf-8
cache-control: no-cache
content-length: 88
date: Sun, 28 Apr 2024 03:24:48 GMT

22:24:49.381 [AsyncHttpClient-1-2] DEBUG org.asynchttpclient.netty.channel.ChannelManager -- Adding key: http://localhost:34477 for channel [id: 0x59caad82, L:/127.0.0.1:63152 - R:localhost/127.0.0.1:34477]
22:24:49.383 [Forwarding getElementText on session 95c71151-6fbe-4261-b38e-54c0073864b2 to remote] DEBUG org.asynchttpclient.netty.request.NettyRequestSender -- Using pooled Channel '[id: 0x59caad82, L:/127.0.0.1:63152 - R:localhost/127.0.0.1:34477]' for 'GET' to 'http://localhost:34477/session/95c71151-6fbe-4261-b38e-54c0073864b2/element/e2a42fc2-41d9-48cb-8d7b-dae3e0c6624a/text'
22:24:49.383 [Forwarding getElementText on session 95c71151-6fbe-4261-b38e-54c0073864b2 to remote] DEBUG org.asynchttpclient.netty.request.NettyRequestSender -- Using open Channel [id: 0x59caad82, L:/127.0.0.1:63152 - R:localhost/127.0.0.1:34477] for GET '/session/95c71151-6fbe-4261-b38e-54c0073864b2/element/e2a42fc2-41d9-48cb-8d7b-dae3e0c6624a/text'
22:24:49.391 [AsyncHttpClient-1-2] DEBUG org.asynchttpclient.netty.handler.HttpHandler -- 

Request DefaultFullHttpRequest(decodeResult: success, version: HTTP/1.1, content: EmptyByteBufBE)
GET /session/95c71151-6fbe-4261-b38e-54c0073864b2/element/e2a42fc2-41d9-48cb-8d7b-dae3e0c6624a/text HTTP/1.1
Cache-Control: no-cache
User-Agent: selenium/4.12.0 (java windows)
Content-Type: application/json; charset=utf-8
host: localhost:34477
accept: */*

Response DefaultHttpResponse(decodeResult: success, version: HTTP/1.1)
HTTP/1.1 200 OK
content-type: application/json; charset=utf-8
cache-control: no-cache
content-length: 29
date: Sun, 28 Apr 2024 03:24:48 GMT

22:24:49.391 [AsyncHttpClient-1-2] DEBUG org.asynchttpclient.netty.channel.ChannelManager -- Adding key: http://localhost:34477 for channel [id: 0x59caad82, L:/127.0.0.1:63152 - R:localhost/127.0.0.1:34477]
22:24:49.396 [Forwarding getAlertText on session 95c71151-6fbe-4261-b38e-54c0073864b2 to remote] DEBUG org.asynchttpclient.netty.request.NettyRequestSender -- Using pooled Channel '[id: 0x59caad82, L:/127.0.0.1:63152 - R:localhost/127.0.0.1:34477]' for 'GET' to 'http://localhost:34477/session/95c71151-6fbe-4261-b38e-54c0073864b2/alert/text'
22:24:49.396 [Forwarding getAlertText on session 95c71151-6fbe-4261-b38e-54c0073864b2 to remote] DEBUG org.asynchttpclient.netty.request.NettyRequestSender -- Using open Channel [id: 0x59caad82, L:/127.0.0.1:63152 - R:localhost/127.0.0.1:34477] for GET '/session/95c71151-6fbe-4261-b38e-54c0073864b2/alert/text'
22:24:49.398 [AsyncHttpClient-1-2] DEBUG org.asynchttpclient.netty.handler.HttpHandler -- 

Request DefaultFullHttpRequest(decodeResult: success, version: HTTP/1.1, content: EmptyByteBufBE)
GET /session/95c71151-6fbe-4261-b38e-54c0073864b2/alert/text HTTP/1.1
Cache-Control: no-cache
User-Agent: selenium/4.12.0 (java windows)
Content-Type: application/json; charset=utf-8
host: localhost:34477
accept: */*

Response DefaultHttpResponse(decodeResult: success, version: HTTP/1.1)
HTTP/1.1 404 Not Found
content-type: application/json; charset=utf-8
cache-control: no-cache
content-length: 842
date: Sun, 28 Apr 2024 03:24:48 GMT

22:24:49.398 [AsyncHttpClient-1-2] DEBUG org.asynchttpclient.netty.channel.ChannelManager -- Adding key: http://localhost:34477 for channel [id: 0x59caad82, L:/127.0.0.1:63152 - R:localhost/127.0.0.1:34477]
22:24:49.401 [Forwarding getCurrentUrl on session 95c71151-6fbe-4261-b38e-54c0073864b2 to remote] DEBUG org.asynchttpclient.netty.request.NettyRequestSender -- Using pooled Channel '[id: 0x59caad82, L:/127.0.0.1:63152 - R:localhost/127.0.0.1:34477]' for 'GET' to 'http://localhost:34477/session/95c71151-6fbe-4261-b38e-54c0073864b2/url'
22:24:49.401 [Forwarding getCurrentUrl on session 95c71151-6fbe-4261-b38e-54c0073864b2 to remote] DEBUG org.asynchttpclient.netty.request.NettyRequestSender -- Using open Channel [id: 0x59caad82, L:/127.0.0.1:63152 - R:localhost/127.0.0.1:34477] for GET '/session/95c71151-6fbe-4261-b38e-54c0073864b2/url'
22:24:49.403 [AsyncHttpClient-1-2] DEBUG org.asynchttpclient.netty.handler.HttpHandler -- 

Request DefaultFullHttpRequest(decodeResult: success, version: HTTP/1.1, content: EmptyByteBufBE)
GET /session/95c71151-6fbe-4261-b38e-54c0073864b2/url HTTP/1.1
Cache-Control: no-cache
User-Agent: selenium/4.12.0 (java windows)
Content-Type: application/json; charset=utf-8
host: localhost:34477
accept: */*

Response DefaultHttpResponse(decodeResult: success, version: HTTP/1.1)
HTTP/1.1 200 OK
content-type: application/json; charset=utf-8
cache-control: no-cache
content-length: 54
date: Sun, 28 Apr 2024 03:24:48 GMT

22:24:49.403 [AsyncHttpClient-1-2] DEBUG org.asynchttpclient.netty.channel.ChannelManager -- Adding key: http://localhost:34477 for channel [id: 0x59caad82, L:/127.0.0.1:63152 - R:localhost/127.0.0.1:34477]
22:24:49.404 [Forwarding screenshot on session 95c71151-6fbe-4261-b38e-54c0073864b2 to remote] DEBUG org.asynchttpclient.netty.request.NettyRequestSender -- Using pooled Channel '[id: 0x59caad82, L:/127.0.0.1:63152 - R:localhost/127.0.0.1:34477]' for 'GET' to 'http://localhost:34477/session/95c71151-6fbe-4261-b38e-54c0073864b2/screenshot'
22:24:49.404 [Forwarding screenshot on session 95c71151-6fbe-4261-b38e-54c0073864b2 to remote] DEBUG org.asynchttpclient.netty.request.NettyRequestSender -- Using open Channel [id: 0x59caad82, L:/127.0.0.1:63152 - R:localhost/127.0.0.1:34477] for GET '/session/95c71151-6fbe-4261-b38e-54c0073864b2/screenshot'
22:24:49.465 [AsyncHttpClient-1-2] DEBUG org.asynchttpclient.netty.handler.HttpHandler -- 

Request DefaultFullHttpRequest(decodeResult: success, version: HTTP/1.1, content: EmptyByteBufBE)
GET /session/95c71151-6fbe-4261-b38e-54c0073864b2/screenshot HTTP/1.1
Cache-Control: no-cache
User-Agent: selenium/4.12.0 (java windows)
Content-Type: application/json; charset=utf-8
host: localhost:34477
accept: */*

Response DefaultHttpResponse(decodeResult: success, version: HTTP/1.1)
HTTP/1.1 200 OK
content-type: application/json; charset=utf-8
cache-control: no-cache
content-length: 569920
date: Sun, 28 Apr 2024 03:24:48 GMT

22:24:49.466 [AsyncHttpClient-1-2] DEBUG org.asynchttpclient.netty.channel.ChannelManager -- Adding key: http://localhost:34477 for channel [id: 0x59caad82, L:/127.0.0.1:63152 - R:localhost/127.0.0.1:34477]
22:24:49.478 [main] DEBUG net.serenitybdd.core.photography.Darkroom -- Send negative for processing for C:\Users\USUARIO\OneDrive\Documentos\02 Automatización\03 Pragma\pragma\pragma\target\site\serenity\ae582afb1ecbb305068cab16d446c61923594e225aa13c9491f9a808e3ec74c1.png
22:24:49.479 [Darkroom Processing Line] DEBUG net.serenitybdd.core.photography.DarkroomProcessingLine -- Processing screenshot image in /var/screenshots/screenshot-7795255391183400444
22:24:49.479 [Darkroom Processing Line] DEBUG net.serenitybdd.core.photography.DarkroomProcessingLine -- Saving screenshot to C:\Users\USUARIO\OneDrive\Documentos\02 Automatización\03 Pragma\pragma\pragma\target\site\serenity\ae582afb1ecbb305068cab16d446c61923594e225aa13c9491f9a808e3ec74c1.png
22:24:49.814 [AsyncHttpClient-1-1] DEBUG org.asynchttpclient.netty.channel.DefaultChannelPool -- Entry count for : http://localhost:34477 : 1
22:24:50.491 [main] DEBUG net.thucydides.core.steps.StepInterceptor -- STEP DONE: ingresoAlProducto
22:24:50.495 [Forwarding getAlertText on session 95c71151-6fbe-4261-b38e-54c0073864b2 to remote] DEBUG org.asynchttpclient.netty.request.NettyRequestSender -- Using pooled Channel '[id: 0x59caad82, L:/127.0.0.1:63152 - R:localhost/127.0.0.1:34477]' for 'GET' to 'http://localhost:34477/session/95c71151-6fbe-4261-b38e-54c0073864b2/alert/text'
22:24:50.496 [Forwarding getAlertText on session 95c71151-6fbe-4261-b38e-54c0073864b2 to remote] DEBUG org.asynchttpclient.netty.request.NettyRequestSender -- Using open Channel [id: 0x59caad82, L:/127.0.0.1:63152 - R:localhost/127.0.0.1:34477] for GET '/session/95c71151-6fbe-4261-b38e-54c0073864b2/alert/text'
22:24:50.497 [AsyncHttpClient-1-2] DEBUG org.asynchttpclient.netty.handler.HttpHandler -- 

Request DefaultFullHttpRequest(decodeResult: success, version: HTTP/1.1, content: EmptyByteBufBE)
GET /session/95c71151-6fbe-4261-b38e-54c0073864b2/alert/text HTTP/1.1
Cache-Control: no-cache
User-Agent: selenium/4.12.0 (java windows)
Content-Type: application/json; charset=utf-8
host: localhost:34477
accept: */*

Response DefaultHttpResponse(decodeResult: success, version: HTTP/1.1)
HTTP/1.1 404 Not Found
content-type: application/json; charset=utf-8
cache-control: no-cache
content-length: 842
date: Sun, 28 Apr 2024 03:24:50 GMT

22:24:50.498 [AsyncHttpClient-1-2] DEBUG org.asynchttpclient.netty.channel.ChannelManager -- Adding key: http://localhost:34477 for channel [id: 0x59caad82, L:/127.0.0.1:63152 - R:localhost/127.0.0.1:34477]
22:24:50.499 [Forwarding getCurrentUrl on session 95c71151-6fbe-4261-b38e-54c0073864b2 to remote] DEBUG org.asynchttpclient.netty.request.NettyRequestSender -- Using pooled Channel '[id: 0x59caad82, L:/127.0.0.1:63152 - R:localhost/127.0.0.1:34477]' for 'GET' to 'http://localhost:34477/session/95c71151-6fbe-4261-b38e-54c0073864b2/url'
22:24:50.499 [Forwarding getCurrentUrl on session 95c71151-6fbe-4261-b38e-54c0073864b2 to remote] DEBUG org.asynchttpclient.netty.request.NettyRequestSender -- Using open Channel [id: 0x59caad82, L:/127.0.0.1:63152 - R:localhost/127.0.0.1:34477] for GET '/session/95c71151-6fbe-4261-b38e-54c0073864b2/url'
22:24:50.500 [AsyncHttpClient-1-2] DEBUG org.asynchttpclient.netty.handler.HttpHandler -- 

Request DefaultFullHttpRequest(decodeResult: success, version: HTTP/1.1, content: EmptyByteBufBE)
GET /session/95c71151-6fbe-4261-b38e-54c0073864b2/url HTTP/1.1
Cache-Control: no-cache
User-Agent: selenium/4.12.0 (java windows)
Content-Type: application/json; charset=utf-8
host: localhost:34477
accept: */*

Response DefaultHttpResponse(decodeResult: success, version: HTTP/1.1)
HTTP/1.1 200 OK
content-type: application/json; charset=utf-8
cache-control: no-cache
content-length: 54
date: Sun, 28 Apr 2024 03:24:50 GMT

22:24:50.500 [AsyncHttpClient-1-2] DEBUG org.asynchttpclient.netty.channel.ChannelManager -- Adding key: http://localhost:34477 for channel [id: 0x59caad82, L:/127.0.0.1:63152 - R:localhost/127.0.0.1:34477]
22:24:50.501 [Forwarding screenshot on session 95c71151-6fbe-4261-b38e-54c0073864b2 to remote] DEBUG org.asynchttpclient.netty.request.NettyRequestSender -- Using pooled Channel '[id: 0x59caad82, L:/127.0.0.1:63152 - R:localhost/127.0.0.1:34477]' for 'GET' to 'http://localhost:34477/session/95c71151-6fbe-4261-b38e-54c0073864b2/screenshot'
22:24:50.501 [Forwarding screenshot on session 95c71151-6fbe-4261-b38e-54c0073864b2 to remote] DEBUG org.asynchttpclient.netty.request.NettyRequestSender -- Using open Channel [id: 0x59caad82, L:/127.0.0.1:63152 - R:localhost/127.0.0.1:34477] for GET '/session/95c71151-6fbe-4261-b38e-54c0073864b2/screenshot'
22:24:50.551 [AsyncHttpClient-1-2] DEBUG org.asynchttpclient.netty.handler.HttpHandler -- 

Request DefaultFullHttpRequest(decodeResult: success, version: HTTP/1.1, content: EmptyByteBufBE)
GET /session/95c71151-6fbe-4261-b38e-54c0073864b2/screenshot HTTP/1.1
Cache-Control: no-cache
User-Agent: selenium/4.12.0 (java windows)
Content-Type: application/json; charset=utf-8
host: localhost:34477
accept: */*

Response DefaultHttpResponse(decodeResult: success, version: HTTP/1.1)
HTTP/1.1 200 OK
content-type: application/json; charset=utf-8
cache-control: no-cache
content-length: 569920
date: Sun, 28 Apr 2024 03:24:50 GMT

22:24:50.552 [AsyncHttpClient-1-2] DEBUG org.asynchttpclient.netty.channel.ChannelManager -- Adding key: http://localhost:34477 for channel [id: 0x59caad82, L:/127.0.0.1:63152 - R:localhost/127.0.0.1:34477]
22:24:50.560 [main] DEBUG net.serenitybdd.core.photography.Darkroom -- Send negative for processing for C:\Users\USUARIO\OneDrive\Documentos\02 Automatización\03 Pragma\pragma\pragma\target\site\serenity\ae582afb1ecbb305068cab16d446c61923594e225aa13c9491f9a808e3ec74c1.png
22:24:50.913 [AsyncHttpClient-1-1] DEBUG org.asynchttpclient.netty.channel.DefaultChannelPool -- Entry count for : http://localhost:34477 : 1
22:24:51.578 [main] DEBUG net.thucydides.core.steps.StepInterceptor -- STARTING STEP: StepInterceptor.testContext - extraigoElNombreYPrecioDelProducto
22:24:51.580 [Forwarding findElement on session 95c71151-6fbe-4261-b38e-54c0073864b2 to remote] DEBUG org.asynchttpclient.netty.request.NettyRequestSender -- Using pooled Channel '[id: 0x59caad82, L:/127.0.0.1:63152 - R:localhost/127.0.0.1:34477]' for 'POST' to 'http://localhost:34477/session/95c71151-6fbe-4261-b38e-54c0073864b2/element'
22:24:51.581 [Forwarding findElement on session 95c71151-6fbe-4261-b38e-54c0073864b2 to remote] DEBUG org.asynchttpclient.netty.request.NettyRequestSender -- Using open Channel [id: 0x59caad82, L:/127.0.0.1:63152 - R:localhost/127.0.0.1:34477] for POST '/session/95c71151-6fbe-4261-b38e-54c0073864b2/element'
22:24:51.584 [AsyncHttpClient-1-2] DEBUG org.asynchttpclient.netty.handler.HttpHandler -- 

Request DefaultHttpRequest(decodeResult: success, version: HTTP/1.1)
POST /session/95c71151-6fbe-4261-b38e-54c0073864b2/element HTTP/1.1
User-Agent: selenium/4.12.0 (java windows)
Content-Length: 77
Content-Type: application/json; charset=utf-8
host: localhost:34477
accept: */*

Response DefaultHttpResponse(decodeResult: success, version: HTTP/1.1)
HTTP/1.1 200 OK
content-type: application/json; charset=utf-8
cache-control: no-cache
content-length: 88
date: Sun, 28 Apr 2024 03:24:51 GMT

22:24:51.585 [AsyncHttpClient-1-2] DEBUG org.asynchttpclient.netty.channel.ChannelManager -- Adding key: http://localhost:34477 for channel [id: 0x59caad82, L:/127.0.0.1:63152 - R:localhost/127.0.0.1:34477]
22:24:51.586 [Forwarding getElementText on session 95c71151-6fbe-4261-b38e-54c0073864b2 to remote] DEBUG org.asynchttpclient.netty.request.NettyRequestSender -- Using pooled Channel '[id: 0x59caad82, L:/127.0.0.1:63152 - R:localhost/127.0.0.1:34477]' for 'GET' to 'http://localhost:34477/session/95c71151-6fbe-4261-b38e-54c0073864b2/element/d03f8947-b7e3-40c5-abad-54a7bed3e675/text'
22:24:51.587 [Forwarding getElementText on session 95c71151-6fbe-4261-b38e-54c0073864b2 to remote] DEBUG org.asynchttpclient.netty.request.NettyRequestSender -- Using open Channel [id: 0x59caad82, L:/127.0.0.1:63152 - R:localhost/127.0.0.1:34477] for GET '/session/95c71151-6fbe-4261-b38e-54c0073864b2/element/d03f8947-b7e3-40c5-abad-54a7bed3e675/text'
22:24:51.594 [AsyncHttpClient-1-2] DEBUG org.asynchttpclient.netty.handler.HttpHandler -- 

Request DefaultFullHttpRequest(decodeResult: success, version: HTTP/1.1, content: EmptyByteBufBE)
GET /session/95c71151-6fbe-4261-b38e-54c0073864b2/element/d03f8947-b7e3-40c5-abad-54a7bed3e675/text HTTP/1.1
Cache-Control: no-cache
User-Agent: selenium/4.12.0 (java windows)
Content-Type: application/json; charset=utf-8
host: localhost:34477
accept: */*

Response DefaultHttpResponse(decodeResult: success, version: HTTP/1.1)
HTTP/1.1 200 OK
content-type: application/json; charset=utf-8
cache-control: no-cache
content-length: 30
date: Sun, 28 Apr 2024 03:24:51 GMT

22:24:51.594 [AsyncHttpClient-1-2] DEBUG org.asynchttpclient.netty.channel.ChannelManager -- Adding key: http://localhost:34477 for channel [id: 0x59caad82, L:/127.0.0.1:63152 - R:localhost/127.0.0.1:34477]
22:24:51.596 [Forwarding findElement on session 95c71151-6fbe-4261-b38e-54c0073864b2 to remote] DEBUG org.asynchttpclient.netty.request.NettyRequestSender -- Using pooled Channel '[id: 0x59caad82, L:/127.0.0.1:63152 - R:localhost/127.0.0.1:34477]' for 'POST' to 'http://localhost:34477/session/95c71151-6fbe-4261-b38e-54c0073864b2/element'
22:24:51.596 [Forwarding findElement on session 95c71151-6fbe-4261-b38e-54c0073864b2 to remote] DEBUG org.asynchttpclient.netty.request.NettyRequestSender -- Using open Channel [id: 0x59caad82, L:/127.0.0.1:63152 - R:localhost/127.0.0.1:34477] for POST '/session/95c71151-6fbe-4261-b38e-54c0073864b2/element'
22:24:51.598 [AsyncHttpClient-1-2] DEBUG org.asynchttpclient.netty.handler.HttpHandler -- 

Request DefaultHttpRequest(decodeResult: success, version: HTTP/1.1)
POST /session/95c71151-6fbe-4261-b38e-54c0073864b2/element HTTP/1.1
User-Agent: selenium/4.12.0 (java windows)
Content-Length: 66
Content-Type: application/json; charset=utf-8
host: localhost:34477
accept: */*

Response DefaultHttpResponse(decodeResult: success, version: HTTP/1.1)
HTTP/1.1 200 OK
content-type: application/json; charset=utf-8
cache-control: no-cache
content-length: 88
date: Sun, 28 Apr 2024 03:24:51 GMT

22:24:51.598 [AsyncHttpClient-1-2] DEBUG org.asynchttpclient.netty.channel.ChannelManager -- Adding key: http://localhost:34477 for channel [id: 0x59caad82, L:/127.0.0.1:63152 - R:localhost/127.0.0.1:34477]
22:24:51.598 [Forwarding getElementText on session 95c71151-6fbe-4261-b38e-54c0073864b2 to remote] DEBUG org.asynchttpclient.netty.request.NettyRequestSender -- Using pooled Channel '[id: 0x59caad82, L:/127.0.0.1:63152 - R:localhost/127.0.0.1:34477]' for 'GET' to 'http://localhost:34477/session/95c71151-6fbe-4261-b38e-54c0073864b2/element/e2a42fc2-41d9-48cb-8d7b-dae3e0c6624a/text'
22:24:51.598 [Forwarding getElementText on session 95c71151-6fbe-4261-b38e-54c0073864b2 to remote] DEBUG org.asynchttpclient.netty.request.NettyRequestSender -- Using open Channel [id: 0x59caad82, L:/127.0.0.1:63152 - R:localhost/127.0.0.1:34477] for GET '/session/95c71151-6fbe-4261-b38e-54c0073864b2/element/e2a42fc2-41d9-48cb-8d7b-dae3e0c6624a/text'
22:24:51.603 [AsyncHttpClient-1-2] DEBUG org.asynchttpclient.netty.handler.HttpHandler -- 

Request DefaultFullHttpRequest(decodeResult: success, version: HTTP/1.1, content: EmptyByteBufBE)
GET /session/95c71151-6fbe-4261-b38e-54c0073864b2/element/e2a42fc2-41d9-48cb-8d7b-dae3e0c6624a/text HTTP/1.1
Cache-Control: no-cache
User-Agent: selenium/4.12.0 (java windows)
Content-Type: application/json; charset=utf-8
host: localhost:34477
accept: */*

Response DefaultHttpResponse(decodeResult: success, version: HTTP/1.1)
HTTP/1.1 200 OK
content-type: application/json; charset=utf-8
cache-control: no-cache
content-length: 29
date: Sun, 28 Apr 2024 03:24:51 GMT

22:24:51.603 [AsyncHttpClient-1-2] DEBUG org.asynchttpclient.netty.channel.ChannelManager -- Adding key: http://localhost:34477 for channel [id: 0x59caad82, L:/127.0.0.1:63152 - R:localhost/127.0.0.1:34477]
22:24:51.604 [Forwarding findElement on session 95c71151-6fbe-4261-b38e-54c0073864b2 to remote] DEBUG org.asynchttpclient.netty.request.NettyRequestSender -- Using pooled Channel '[id: 0x59caad82, L:/127.0.0.1:63152 - R:localhost/127.0.0.1:34477]' for 'POST' to 'http://localhost:34477/session/95c71151-6fbe-4261-b38e-54c0073864b2/element'
22:24:51.604 [Forwarding findElement on session 95c71151-6fbe-4261-b38e-54c0073864b2 to remote] DEBUG org.asynchttpclient.netty.request.NettyRequestSender -- Using open Channel [id: 0x59caad82, L:/127.0.0.1:63152 - R:localhost/127.0.0.1:34477] for POST '/session/95c71151-6fbe-4261-b38e-54c0073864b2/element'
22:24:51.606 [AsyncHttpClient-1-2] DEBUG org.asynchttpclient.netty.handler.HttpHandler -- 

Request DefaultHttpRequest(decodeResult: success, version: HTTP/1.1)
POST /session/95c71151-6fbe-4261-b38e-54c0073864b2/element HTTP/1.1
User-Agent: selenium/4.12.0 (java windows)
Content-Length: 77
Content-Type: application/json; charset=utf-8
host: localhost:34477
accept: */*

Response DefaultHttpResponse(decodeResult: success, version: HTTP/1.1)
HTTP/1.1 200 OK
content-type: application/json; charset=utf-8
cache-control: no-cache
content-length: 88
date: Sun, 28 Apr 2024 03:24:51 GMT

22:24:51.606 [AsyncHttpClient-1-2] DEBUG org.asynchttpclient.netty.channel.ChannelManager -- Adding key: http://localhost:34477 for channel [id: 0x59caad82, L:/127.0.0.1:63152 - R:localhost/127.0.0.1:34477]
22:24:51.606 [Forwarding getElementText on session 95c71151-6fbe-4261-b38e-54c0073864b2 to remote] DEBUG org.asynchttpclient.netty.request.NettyRequestSender -- Using pooled Channel '[id: 0x59caad82, L:/127.0.0.1:63152 - R:localhost/127.0.0.1:34477]' for 'GET' to 'http://localhost:34477/session/95c71151-6fbe-4261-b38e-54c0073864b2/element/d03f8947-b7e3-40c5-abad-54a7bed3e675/text'
22:24:51.606 [Forwarding getElementText on session 95c71151-6fbe-4261-b38e-54c0073864b2 to remote] DEBUG org.asynchttpclient.netty.request.NettyRequestSender -- Using open Channel [id: 0x59caad82, L:/127.0.0.1:63152 - R:localhost/127.0.0.1:34477] for GET '/session/95c71151-6fbe-4261-b38e-54c0073864b2/element/d03f8947-b7e3-40c5-abad-54a7bed3e675/text'
22:24:51.611 [AsyncHttpClient-1-2] DEBUG org.asynchttpclient.netty.handler.HttpHandler -- 

Request DefaultFullHttpRequest(decodeResult: success, version: HTTP/1.1, content: EmptyByteBufBE)
GET /session/95c71151-6fbe-4261-b38e-54c0073864b2/element/d03f8947-b7e3-40c5-abad-54a7bed3e675/text HTTP/1.1
Cache-Control: no-cache
User-Agent: selenium/4.12.0 (java windows)
Content-Type: application/json; charset=utf-8
host: localhost:34477
accept: */*

Response DefaultHttpResponse(decodeResult: success, version: HTTP/1.1)
HTTP/1.1 200 OK
content-type: application/json; charset=utf-8
cache-control: no-cache
content-length: 30
date: Sun, 28 Apr 2024 03:24:51 GMT

22:24:51.611 [AsyncHttpClient-1-2] DEBUG org.asynchttpclient.netty.channel.ChannelManager -- Adding key: http://localhost:34477 for channel [id: 0x59caad82, L:/127.0.0.1:63152 - R:localhost/127.0.0.1:34477]
22:24:51.612 [Forwarding findElement on session 95c71151-6fbe-4261-b38e-54c0073864b2 to remote] DEBUG org.asynchttpclient.netty.request.NettyRequestSender -- Using pooled Channel '[id: 0x59caad82, L:/127.0.0.1:63152 - R:localhost/127.0.0.1:34477]' for 'POST' to 'http://localhost:34477/session/95c71151-6fbe-4261-b38e-54c0073864b2/element'
22:24:51.612 [Forwarding findElement on session 95c71151-6fbe-4261-b38e-54c0073864b2 to remote] DEBUG org.asynchttpclient.netty.request.NettyRequestSender -- Using open Channel [id: 0x59caad82, L:/127.0.0.1:63152 - R:localhost/127.0.0.1:34477] for POST '/session/95c71151-6fbe-4261-b38e-54c0073864b2/element'
22:24:51.613 [AsyncHttpClient-1-2] DEBUG org.asynchttpclient.netty.handler.HttpHandler -- 

Request DefaultHttpRequest(decodeResult: success, version: HTTP/1.1)
POST /session/95c71151-6fbe-4261-b38e-54c0073864b2/element HTTP/1.1
User-Agent: selenium/4.12.0 (java windows)
Content-Length: 66
Content-Type: application/json; charset=utf-8
host: localhost:34477
accept: */*

Response DefaultHttpResponse(decodeResult: success, version: HTTP/1.1)
HTTP/1.1 200 OK
content-type: application/json; charset=utf-8
[...]
22:25:35.634 [Forwarding screenshot on session 9778c90b-985a-4cec-93d3-6f1a093d937b to remote] DEBUG org.asynchttpclient.netty.request.NettyRequestSender -- Using open Channel [id: 0xca50dd4e, L:/127.0.0.1:63321 - R:localhost/127.0.0.1:43842] for GET '/session/9778c90b-985a-4cec-93d3-6f1a093d937b/screenshot'
22:25:35.685 [AsyncHttpClient-1-5] DEBUG org.asynchttpclient.netty.handler.HttpHandler -- 

Request DefaultFullHttpRequest(decodeResult: success, version: HTTP/1.1, content: EmptyByteBufBE)
GET /session/9778c90b-985a-4cec-93d3-6f1a093d937b/screenshot HTTP/1.1
Cache-Control: no-cache
User-Agent: selenium/4.12.0 (java windows)
Content-Type: application/json; charset=utf-8
host: localhost:43842
accept: */*

Response DefaultHttpResponse(decodeResult: success, version: HTTP/1.1)
HTTP/1.1 200 OK
content-type: application/json; charset=utf-8
cache-control: no-cache
content-length: 353640
date: Sun, 28 Apr 2024 03:25:35 GMT

22:25:35.686 [AsyncHttpClient-1-5] DEBUG org.asynchttpclient.netty.channel.ChannelManager -- Adding key: http://localhost:43842 for channel [id: 0xca50dd4e, L:/127.0.0.1:63321 - R:localhost/127.0.0.1:43842]
22:25:35.690 [main] DEBUG net.serenitybdd.core.photography.Darkroom -- Send negative for processing for C:\Users\USUARIO\OneDrive\Documentos\02 Automatización\03 Pragma\pragma\pragma\target\site\serenity\7f822f4105e475c610d667e3e258b01f985aa0876427133aa5418b0db912133e.png
22:25:36.020 [AsyncHttpClient-1-1] DEBUG org.asynchttpclient.netty.channel.DefaultChannelPool -- Entry count for : http://localhost:43842 : 1
22:25:36.705 [main] DEBUG net.thucydides.core.steps.StepInterceptor -- STARTING STEP: StepInterceptor.testContext - validarPrecioCorrectoDeCarrito
22:25:36.707 [Forwarding findElement on session 9778c90b-985a-4cec-93d3-6f1a093d937b to remote] DEBUG org.asynchttpclient.netty.request.NettyRequestSender -- Using pooled Channel '[id: 0xca50dd4e, L:/127.0.0.1:63321 - R:localhost/127.0.0.1:43842]' for 'POST' to 'http://localhost:43842/session/9778c90b-985a-4cec-93d3-6f1a093d937b/element'
22:25:36.707 [Forwarding findElement on session 9778c90b-985a-4cec-93d3-6f1a093d937b to remote] DEBUG org.asynchttpclient.netty.request.NettyRequestSender -- Using open Channel [id: 0xca50dd4e, L:/127.0.0.1:63321 - R:localhost/127.0.0.1:43842] for POST '/session/9778c90b-985a-4cec-93d3-6f1a093d937b/element'
22:25:36.711 [AsyncHttpClient-1-5] DEBUG org.asynchttpclient.netty.handler.HttpHandler -- 

Request DefaultHttpRequest(decodeResult: success, version: HTTP/1.1)
POST /session/9778c90b-985a-4cec-93d3-6f1a093d937b/element HTTP/1.1
User-Agent: selenium/4.12.0 (java windows)
Content-Length: 65
Content-Type: application/json; charset=utf-8
host: localhost:43842
accept: */*

Response DefaultHttpResponse(decodeResult: success, version: HTTP/1.1)
HTTP/1.1 200 OK
content-type: application/json; charset=utf-8
cache-control: no-cache
content-length: 88
date: Sun, 28 Apr 2024 03:25:36 GMT

22:25:36.711 [AsyncHttpClient-1-5] DEBUG org.asynchttpclient.netty.channel.ChannelManager -- Adding key: http://localhost:43842 for channel [id: 0xca50dd4e, L:/127.0.0.1:63321 - R:localhost/127.0.0.1:43842]
22:25:36.712 [Forwarding getElementText on session 9778c90b-985a-4cec-93d3-6f1a093d937b to remote] DEBUG org.asynchttpclient.netty.request.NettyRequestSender -- Using pooled Channel '[id: 0xca50dd4e, L:/127.0.0.1:63321 - R:localhost/127.0.0.1:43842]' for 'GET' to 'http://localhost:43842/session/9778c90b-985a-4cec-93d3-6f1a093d937b/element/e6550d68-fab4-44f8-ba77-9e6a03308137/text'
22:25:36.712 [Forwarding getElementText on session 9778c90b-985a-4cec-93d3-6f1a093d937b to remote] DEBUG org.asynchttpclient.netty.request.NettyRequestSender -- Using open Channel [id: 0xca50dd4e, L:/127.0.0.1:63321 - R:localhost/127.0.0.1:43842] for GET '/session/9778c90b-985a-4cec-93d3-6f1a093d937b/element/e6550d68-fab4-44f8-ba77-9e6a03308137/text'
22:25:36.719 [AsyncHttpClient-1-5] DEBUG org.asynchttpclient.netty.handler.HttpHandler -- 

Request DefaultFullHttpRequest(decodeResult: success, version: HTTP/1.1, content: EmptyByteBufBE)
GET /session/9778c90b-985a-4cec-93d3-6f1a093d937b/element/e6550d68-fab4-44f8-ba77-9e6a03308137/text HTTP/1.1
Cache-Control: no-cache
User-Agent: selenium/4.12.0 (java windows)
Content-Type: application/json; charset=utf-8
host: localhost:43842
accept: */*

Response DefaultHttpResponse(decodeResult: success, version: HTTP/1.1)
HTTP/1.1 200 OK
content-type: application/json; charset=utf-8
cache-control: no-cache
content-length: 16
date: Sun, 28 Apr 2024 03:25:36 GMT

22:25:36.720 [AsyncHttpClient-1-5] DEBUG org.asynchttpclient.netty.channel.ChannelManager -- Adding key: http://localhost:43842 for channel [id: 0xca50dd4e, L:/127.0.0.1:63321 - R:localhost/127.0.0.1:43842]
22:25:36.722 [Forwarding getAlertText on session 9778c90b-985a-4cec-93d3-6f1a093d937b to remote] DEBUG org.asynchttpclient.netty.request.NettyRequestSender -- Using pooled Channel '[id: 0xca50dd4e, L:/127.0.0.1:63321 - R:localhost/127.0.0.1:43842]' for 'GET' to 'http://localhost:43842/session/9778c90b-985a-4cec-93d3-6f1a093d937b/alert/text'
22:25:36.722 [Forwarding getAlertText on session 9778c90b-985a-4cec-93d3-6f1a093d937b to remote] DEBUG org.asynchttpclient.netty.request.NettyRequestSender -- Using open Channel [id: 0xca50dd4e, L:/127.0.0.1:63321 - R:localhost/127.0.0.1:43842] for GET '/session/9778c90b-985a-4cec-93d3-6f1a093d937b/alert/text'
22:25:36.723 [AsyncHttpClient-1-5] DEBUG org.asynchttpclient.netty.handler.HttpHandler -- 

Request DefaultFullHttpRequest(decodeResult: success, version: HTTP/1.1, content: EmptyByteBufBE)
GET /session/9778c90b-985a-4cec-93d3-6f1a093d937b/alert/text HTTP/1.1
Cache-Control: no-cache
User-Agent: selenium/4.12.0 (java windows)
Content-Type: application/json; charset=utf-8
host: localhost:43842
accept: */*

Response DefaultHttpResponse(decodeResult: success, version: HTTP/1.1)
HTTP/1.1 404 Not Found
content-type: application/json; charset=utf-8
cache-control: no-cache
content-length: 842
date: Sun, 28 Apr 2024 03:25:36 GMT

22:25:36.723 [AsyncHttpClient-1-5] DEBUG org.asynchttpclient.netty.channel.ChannelManager -- Adding key: http://localhost:43842 for channel [id: 0xca50dd4e, L:/127.0.0.1:63321 - R:localhost/127.0.0.1:43842]
22:25:36.724 [Forwarding getCurrentUrl on session 9778c90b-985a-4cec-93d3-6f1a093d937b to remote] DEBUG org.asynchttpclient.netty.request.NettyRequestSender -- Using pooled Channel '[id: 0xca50dd4e, L:/127.0.0.1:63321 - R:localhost/127.0.0.1:43842]' for 'GET' to 'http://localhost:43842/session/9778c90b-985a-4cec-93d3-6f1a093d937b/url'
22:25:36.724 [Forwarding getCurrentUrl on session 9778c90b-985a-4cec-93d3-6f1a093d937b to remote] DEBUG org.asynchttpclient.netty.request.NettyRequestSender -- Using open Channel [id: 0xca50dd4e, L:/127.0.0.1:63321 - R:localhost/127.0.0.1:43842] for GET '/session/9778c90b-985a-4cec-93d3-6f1a093d937b/url'
22:25:36.725 [AsyncHttpClient-1-5] DEBUG org.asynchttpclient.netty.handler.HttpHandler -- 

Request DefaultFullHttpRequest(decodeResult: success, version: HTTP/1.1, content: EmptyByteBufBE)
GET /session/9778c90b-985a-4cec-93d3-6f1a093d937b/url HTTP/1.1
Cache-Control: no-cache
User-Agent: selenium/4.12.0 (java windows)
Content-Type: application/json; charset=utf-8
host: localhost:43842
accept: */*

Response DefaultHttpResponse(decodeResult: success, version: HTTP/1.1)
HTTP/1.1 200 OK
content-type: application/json; charset=utf-8
cache-control: no-cache
content-length: 47
date: Sun, 28 Apr 2024 03:25:36 GMT

22:25:36.725 [AsyncHttpClient-1-5] DEBUG org.asynchttpclient.netty.channel.ChannelManager -- Adding key: http://localhost:43842 for channel [id: 0xca50dd4e, L:/127.0.0.1:63321 - R:localhost/127.0.0.1:43842]
22:25:36.725 [Forwarding screenshot on session 9778c90b-985a-4cec-93d3-6f1a093d937b to remote] DEBUG org.asynchttpclient.netty.request.NettyRequestSender -- Using pooled Channel '[id: 0xca50dd4e, L:/127.0.0.1:63321 - R:localhost/127.0.0.1:43842]' for 'GET' to 'http://localhost:43842/session/9778c90b-985a-4cec-93d3-6f1a093d937b/screenshot'
22:25:36.725 [Forwarding screenshot on session 9778c90b-985a-4cec-93d3-6f1a093d937b to remote] DEBUG org.asynchttpclient.netty.request.NettyRequestSender -- Using open Channel [id: 0xca50dd4e, L:/127.0.0.1:63321 - R:localhost/127.0.0.1:43842] for GET '/session/9778c90b-985a-4cec-93d3-6f1a093d937b/screenshot'
22:25:36.765 [AsyncHttpClient-1-5] DEBUG org.asynchttpclient.netty.handler.HttpHandler -- 

Request DefaultFullHttpRequest(decodeResult: success, version: HTTP/1.1, content: EmptyByteBufBE)
GET /session/9778c90b-985a-4cec-93d3-6f1a093d937b/screenshot HTTP/1.1
Cache-Control: no-cache
User-Agent: selenium/4.12.0 (java windows)
Content-Type: application/json; charset=utf-8
host: localhost:43842
accept: */*

Response DefaultHttpResponse(decodeResult: success, version: HTTP/1.1)
HTTP/1.1 200 OK
content-type: application/json; charset=utf-8
cache-control: no-cache
content-length: 353640
date: Sun, 28 Apr 2024 03:25:36 GMT

22:25:36.766 [AsyncHttpClient-1-5] DEBUG org.asynchttpclient.netty.channel.ChannelManager -- Adding key: http://localhost:43842 for channel [id: 0xca50dd4e, L:/127.0.0.1:63321 - R:localhost/127.0.0.1:43842]
22:25:36.770 [main] DEBUG net.serenitybdd.core.photography.Darkroom -- Send negative for processing for C:\Users\USUARIO\OneDrive\Documentos\02 Automatización\03 Pragma\pragma\pragma\target\site\serenity\7f822f4105e475c610d667e3e258b01f985aa0876427133aa5418b0db912133e.png
22:25:37.115 [AsyncHttpClient-1-1] DEBUG org.asynchttpclient.netty.channel.DefaultChannelPool -- Entry count for : http://localhost:43842 : 1
22:25:37.781 [main] DEBUG net.thucydides.core.steps.StepInterceptor -- STEP DONE: validarPrecioCorrectoDeCarrito
22:25:37.788 [Forwarding getAlertText on session 9778c90b-985a-4cec-93d3-6f1a093d937b to remote] DEBUG org.asynchttpclient.netty.request.NettyRequestSender -- Using pooled Channel '[id: 0xca50dd4e, L:/127.0.0.1:63321 - R:localhost/127.0.0.1:43842]' for 'GET' to 'http://localhost:43842/session/9778c90b-985a-4cec-93d3-6f1a093d937b/alert/text'
22:25:37.788 [Forwarding getAlertText on session 9778c90b-985a-4cec-93d3-6f1a093d937b to remote] DEBUG org.asynchttpclient.netty.request.NettyRequestSender -- Using open Channel [id: 0xca50dd4e, L:/127.0.0.1:63321 - R:localhost/127.0.0.1:43842] for GET '/session/9778c90b-985a-4cec-93d3-6f1a093d937b/alert/text'
22:25:37.790 [AsyncHttpClient-1-5] DEBUG org.asynchttpclient.netty.handler.HttpHandler -- 

Request DefaultFullHttpRequest(decodeResult: success, version: HTTP/1.1, content: EmptyByteBufBE)
GET /session/9778c90b-985a-4cec-93d3-6f1a093d937b/alert/text HTTP/1.1
Cache-Control: no-cache
User-Agent: selenium/4.12.0 (java windows)
Content-Type: application/json; charset=utf-8
host: localhost:43842
accept: */*

Response DefaultHttpResponse(decodeResult: success, version: HTTP/1.1)
HTTP/1.1 404 Not Found
content-type: application/json; charset=utf-8
cache-control: no-cache
content-length: 842
date: Sun, 28 Apr 2024 03:25:37 GMT

22:25:37.790 [AsyncHttpClient-1-5] DEBUG org.asynchttpclient.netty.channel.ChannelManager -- Adding key: http://localhost:43842 for channel [id: 0xca50dd4e, L:/127.0.0.1:63321 - R:localhost/127.0.0.1:43842]
22:25:37.792 [Forwarding getCurrentUrl on session 9778c90b-985a-4cec-93d3-6f1a093d937b to remote] DEBUG org.asynchttpclient.netty.request.NettyRequestSender -- Using pooled Channel '[id: 0xca50dd4e, L:/127.0.0.1:63321 - R:localhost/127.0.0.1:43842]' for 'GET' to 'http://localhost:43842/session/9778c90b-985a-4cec-93d3-6f1a093d937b/url'
22:25:37.792 [Forwarding getCurrentUrl on session 9778c90b-985a-4cec-93d3-6f1a093d937b to remote] DEBUG org.asynchttpclient.netty.request.NettyRequestSender -- Using open Channel [id: 0xca50dd4e, L:/127.0.0.1:63321 - R:localhost/127.0.0.1:43842] for GET '/session/9778c90b-985a-4cec-93d3-6f1a093d937b/url'
22:25:37.793 [AsyncHttpClient-1-5] DEBUG org.asynchttpclient.netty.handler.HttpHandler -- 

Request DefaultFullHttpRequest(decodeResult: success, version: HTTP/1.1, content: EmptyByteBufBE)
GET /session/9778c90b-985a-4cec-93d3-6f1a093d937b/url HTTP/1.1
Cache-Control: no-cache
User-Agent: selenium/4.12.0 (java windows)
Content-Type: application/json; charset=utf-8
host: localhost:43842
accept: */*

Response DefaultHttpResponse(decodeResult: success, version: HTTP/1.1)
HTTP/1.1 200 OK
content-type: application/json; charset=utf-8
cache-control: no-cache
content-length: 47
date: Sun, 28 Apr 2024 03:25:37 GMT

22:25:37.793 [AsyncHttpClient-1-5] DEBUG org.asynchttpclient.netty.channel.ChannelManager -- Adding key: http://localhost:43842 for channel [id: 0xca50dd4e, L:/127.0.0.1:63321 - R:localhost/127.0.0.1:43842]
22:25:37.794 [Forwarding screenshot on session 9778c90b-985a-4cec-93d3-6f1a093d937b to remote] DEBUG org.asynchttpclient.netty.request.NettyRequestSender -- Using pooled Channel '[id: 0xca50dd4e, L:/127.0.0.1:63321 - R:localhost/127.0.0.1:43842]' for 'GET' to 'http://localhost:43842/session/9778c90b-985a-4cec-93d3-6f1a093d937b/screenshot'
22:25:37.794 [Forwarding screenshot on session 9778c90b-985a-4cec-93d3-6f1a093d937b to remote] DEBUG org.asynchttpclient.netty.request.NettyRequestSender -- Using open Channel [id: 0xca50dd4e, L:/127.0.0.1:63321 - R:localhost/127.0.0.1:43842] for GET '/session/9778c90b-985a-4cec-93d3-6f1a093d937b/screenshot'
22:25:37.837 [AsyncHttpClient-1-5] DEBUG org.asynchttpclient.netty.handler.HttpHandler -- 

Request DefaultFullHttpRequest(decodeResult: success, version: HTTP/1.1, content: EmptyByteBufBE)
GET /session/9778c90b-985a-4cec-93d3-6f1a093d937b/screenshot HTTP/1.1
Cache-Control: no-cache
User-Agent: selenium/4.12.0 (java windows)
Content-Type: application/json; charset=utf-8
host: localhost:43842
accept: */*

Response DefaultHttpResponse(decodeResult: success, version: HTTP/1.1)
HTTP/1.1 200 OK
content-type: application/json; charset=utf-8
cache-control: no-cache
content-length: 353640
date: Sun, 28 Apr 2024 03:25:37 GMT

22:25:37.838 [AsyncHttpClient-1-5] DEBUG org.asynchttpclient.netty.channel.ChannelManager -- Adding key: http://localhost:43842 for channel [id: 0xca50dd4e, L:/127.0.0.1:63321 - R:localhost/127.0.0.1:43842]
22:25:37.841 [main] DEBUG net.serenitybdd.core.photography.Darkroom -- Send negative for processing for C:\Users\USUARIO\OneDrive\Documentos\02 Automatización\03 Pragma\pragma\pragma\target\site\serenity\7f822f4105e475c610d667e3e258b01f985aa0876427133aa5418b0db912133e.png
22:25:38.215 [AsyncHttpClient-1-1] DEBUG org.asynchttpclient.netty.channel.DefaultChannelPool -- Entry count for : http://localhost:43842 : 1
22:25:38.851 [main] INFO  -- &amp#27;[92m
  _____   ___   ___   _____     ___     _     ___   ___   ___   ___  
 |_   _| | __| / __| |_   _|   | _ \   /_\   / __| / __| | __| |   \ 
   | |   | _|  \__ \   | |     |  _/  / _ \  \__ \ \__ \ | _|  | |) |
   |_|   |___| |___/   |_|     |_|   /_/ \_\ |___/ |___/ |___| |___/ 

Agregar dos productos al carrito de compra y validar el total
----------------------------------------------------------------------&amp#27;[0m
22:25:38.856 [AsyncHttpClient-1-7] DEBUG org.asynchttpclient.netty.channel.NettyConnectListener -- Using new Channel '[id: 0x35bd9c53, L:/127.0.0.1:63515 - R:/127.0.0.1:40133]' for 'GET' to '/devtools/browser/37769770-573b-4dae-a19b-bdb6abbe2107'
22:25:38.863 [AsyncHttpClient-1-7] DEBUG org.asynchttpclient.netty.handler.WebSocketHandler -- 

Request DefaultFullHttpRequest(decodeResult: success, version: HTTP/1.1, content: EmptyByteBufBE)
GET /devtools/browser/37769770-573b-4dae-a19b-bdb6abbe2107 HTTP/1.1
upgrade: websocket
connection: upgrade
sec-websocket-key: Jl+eqMX9q9kiMci2i7qHmw==
sec-websocket-version: 13
origin: http://127.0.0.1:40133
host: 127.0.0.1:40133
accept: */*
user-agent: AHC/2.1

Response DefaultHttpResponse(decodeResult: success, version: HTTP/1.1)
HTTP/1.1 101 Switching Protocols
Server: httpd.js
Upgrade: websocket
Connection: Upgrade
Sec-WebSocket-Accept: ZdxiR7KmoUspOCbWnURC61J4/E0=
Content-Length: 0

22:25:38.866 [AsyncHttpClient-1-7] DEBUG org.asynchttpclient.netty.handler.WebSocketHandler -- Channel Closed: [id: 0x35bd9c53, L:/127.0.0.1:63515 ! R:/127.0.0.1:40133] with attribute DISCARD
22:25:38.866 [Driver Command Executor] DEBUG org.asynchttpclient.netty.request.NettyRequestSender -- Using pooled Channel '[id: 0xca50dd4e, L:/127.0.0.1:63321 - R:localhost/127.0.0.1:43842]' for 'DELETE' to 'http://localhost:43842/session/9778c90b-985a-4cec-93d3-6f1a093d937b'
22:25:38.866 [Driver Command Executor] DEBUG org.asynchttpclient.netty.request.NettyRequestSender -- Using open Channel [id: 0xca50dd4e, L:/127.0.0.1:63321 - R:localhost/127.0.0.1:43842] for DELETE '/session/9778c90b-985a-4cec-93d3-6f1a093d937b'
22:25:39.501 [AsyncHttpClient-1-5] DEBUG org.asynchttpclient.netty.handler.HttpHandler -- 

Request DefaultFullHttpRequest(decodeResult: success, version: HTTP/1.1, content: EmptyByteBufBE)
DELETE /session/9778c90b-985a-4cec-93d3-6f1a093d937b HTTP/1.1
User-Agent: selenium/4.12.0 (java windows)
Content-Type: application/json; charset=utf-8
host: localhost:43842
accept: */*

Response DefaultHttpResponse(decodeResult: success, version: HTTP/1.1)
HTTP/1.1 200 OK
content-type: application/json; charset=utf-8
cache-control: no-cache
content-length: 14
date: Sun, 28 Apr 2024 03:25:38 GMT

22:25:39.501 [AsyncHttpClient-1-5] DEBUG org.asynchttpclient.netty.channel.ChannelManager -- Adding key: http://localhost:43842 for channel [id: 0xca50dd4e, L:/127.0.0.1:63321 - R:localhost/127.0.0.1:43842]
22:25:39.502 [AsyncHttpClient-1-5] DEBUG org.asynchttpclient.netty.handler.HttpHandler -- Unexpected I/O exception on channel [id: 0xca50dd4e, L:/127.0.0.1:63321 - R:localhost/127.0.0.1:43842]
java.net.SocketException: Connection reset
	at java.base/sun.nio.ch.SocketChannelImpl.throwConnectionReset(SocketChannelImpl.java:403)
	at java.base/sun.nio.ch.SocketChannelImpl.implRead(SocketChannelImpl.java:435)
	at java.base/sun.nio.ch.SocketChannelImpl.read(SocketChannelImpl.java:493)
	at io.netty.buffer.PooledByteBuf.setBytes(PooledByteBuf.java:254)
	at io.netty.buffer.AbstractByteBuf.writeBytes(AbstractByteBuf.java:1132)
	at io.netty.channel.socket.nio.NioSocketChannel.doReadBytes(NioSocketChannel.java:357)
	at io.netty.channel.nio.AbstractNioByteChannel$NioByteUnsafe.read(AbstractNioByteChannel.java:151)
	at io.netty.channel.nio.NioEventLoop.processSelectedKey(NioEventLoop.java:788)
	at io.netty.channel.nio.NioEventLoop.processSelectedKeysOptimized(NioEventLoop.java:724)
	at io.netty.channel.nio.NioEventLoop.processSelectedKeys(NioEventLoop.java:650)
	at io.netty.channel.nio.NioEventLoop.run(NioEventLoop.java:562)
	at io.netty.util.concurrent.SingleThreadEventExecutor$4.run(SingleThreadEventExecutor.java:997)
	at io.netty.util.internal.ThreadExecutorMap$2.run(ThreadExecutorMap.java:74)
	at io.netty.util.concurrent.FastThreadLocalRunnable.run(FastThreadLocalRunnable.java:30)
	at java.base/java.lang.Thread.run(Thread.java:1570)
22:25:39.502 [AsyncHttpClient-1-5] DEBUG org.asynchttpclient.netty.channel.ChannelManager -- Closing Channel [id: 0xca50dd4e, L:/127.0.0.1:63321 - R:localhost/127.0.0.1:43842] 
22:25:39.503 [AsyncHttpClient-1-5] DEBUG org.asynchttpclient.netty.handler.HttpHandler -- Channel Closed: [id: 0xca50dd4e, L:/127.0.0.1:63321 ! R:localhost/127.0.0.1:43842] with attribute DISCARD
]]></system-out>
    <system-err><![CDATA[abr 27, 2024 10:25:04 P. M. org.openqa.selenium.manager.SeleniumManager lambda$runCommand$1
INFO: Driver path: C:\Users\USUARIO\.cache\selenium\geckodriver\win64\0.34.0\geckodriver.exe
abr 27, 2024 10:25:04 P. M. org.openqa.selenium.manager.SeleniumManager lambda$runCommand$1
INFO: Browser path: C:\Program Files\Mozilla Firefox\firefox.exe
]]></system-err>
  </testcase>
</testsuite>