<?xml version="1.0" encoding="UTF-8"?>
<testsuite xmlns:xsi="http://www.w3.org/2001/XMLSchema-instance" xsi:noNamespaceSchemaLocation="https://maven.apache.org/surefire/maven-failsafe-plugin/xsd/failsafe-test-report-3.0.xsd" version="3.0" name="pragma.acceptanceTests.RunnerRegistroYLoginTest" time="12.807" tests="1" errors="0" skipped="0" failures="0">
  <properties>
[...]
</properties>
  <testcase name="Registrase en el portal demoblaze.com" classname="Test de registro y login de usuario en el portal" time="12.792">
    <system-out><![CDATA[22:25:39.800 [main] DEBUG io.cucumber.core.plugin.SerenityReporter -- Running feature from file:///C:/Users/USUARIO/OneDrive/Documentos/02%20Automatización/03%20Pragma/pragma/pragma/src/test/resources/features/RegistroYLoginUsuario.feature
22:25:39.804 [main] DEBUG net.thucydides.core.steps.StepEventBus -- Test suite started for story net.thucydides.model.domain.Story@7460a160
22:25:39.805 [main] INFO  -- Test Suite Started: Test de registro y login de usuario en el portal
22:25:39.805 [main] DEBUG io.cucumber.core.plugin.SerenityReporter -- Running feature from file:///C:/Users/USUARIO/OneDrive/Documentos/02%20Automatización/03%20Pragma/pragma/pragma/src/test/resources/features/RegistroYLoginUsuario.feature
22:25:39.807 [main] DEBUG net.thucydides.core.steps.StepEventBus -- Test suite started for story net.thucydides.model.domain.Story@7460a160
22:25:39.807 [main] INFO  -- Test Suite Started: Test de registro y login de usuario en el portal
22:25:39.811 [main] DEBUG io.cucumber.core.plugin.SerenityReporter -- Running feature from file:///C:/Users/USUARIO/OneDrive/Documentos/02%20Automatización/03%20Pragma/pragma/pragma/src/test/resources/features/RegistroYLoginUsuario.feature
22:25:39.813 [main] INFO  -- 
  _____   ___   ___   _____     ___   _____     _     ___   _____   ___   ___  
 |_   _| | __| / __| |_   _|   / __| |_   _|   /_\   | _ \ |_   _| | __| |   \ 
   | |   | _|  \__ \   | |     \__ \   | |    / _ \  |   /   | |   | _|  | |) |
   |_|   |___| |___/   |_|     |___/   |_|   /_/ \_\ |_|_\   |_|   |___| |___/ 

Registrase en el portal demoblaze.com(test-de-registro-y-login-de-usuario-en-el-portal;registrase-en-el-portal-demoblaze.com)
--------------------------------------------------------------------------------
22:25:39.847 [main] DEBUG net.thucydides.core.steps.StepInterceptor -- STARTING STEP: StepInterceptor.testContext - ingresarAlPortal
22:25:40.155 [AsyncHttpClient-1-8] DEBUG org.asynchttpclient.netty.channel.NettyConnectListener -- Using new Channel '[id: 0xf69d5a1d, L:/127.0.0.1:63521 - R:localhost/127.0.0.1:9923]' for 'POST' to '/session'
22:25:40.414 [AsyncHttpClient-1-1] DEBUG org.asynchttpclient.netty.channel.DefaultChannelPool -- Entry count for : http://localhost:43842 : 1
22:25:40.414 [AsyncHttpClient-1-1] DEBUG org.asynchttpclient.netty.channel.DefaultChannelPool -- Adding Candidate expired Channel [id: 0xca50dd4e, L:/127.0.0.1:63321 ! R:localhost/127.0.0.1:43842] isIdleTimeoutExpired=false isRemotelyClosed=true isTtlExpired=false
22:25:40.414 [AsyncHttpClient-1-1] DEBUG org.asynchttpclient.netty.channel.DefaultChannelPool -- Closing Idle Channel [id: 0xca50dd4e, L:/127.0.0.1:63321 ! R:localhost/127.0.0.1:43842]
22:25:40.414 [AsyncHttpClient-1-1] DEBUG org.asynchttpclient.netty.channel.DefaultChannelPool -- Closed 1 connections out of 1 in 0 ms
22:25:41.392 [AsyncHttpClient-1-8] DEBUG org.asynchttpclient.netty.handler.HttpHandler -- 

Request DefaultHttpRequest(decodeResult: success, version: HTTP/1.1)
POST /session HTTP/1.1
User-Agent: selenium/4.12.0 (java windows)
Content-Length: 383
Content-Type: application/json; charset=utf-8
host: localhost:9923
accept: */*

Response DefaultHttpResponse(decodeResult: success, version: HTTP/1.1)
HTTP/1.1 200 OK
content-type: application/json; charset=utf-8
cache-control: no-cache
content-length: 843
date: Sun, 28 Apr 2024 03:25:40 GMT

22:25:41.392 [AsyncHttpClient-1-8] DEBUG org.asynchttpclient.netty.channel.ChannelManager -- Adding key: http://localhost:9923 for channel [id: 0xf69d5a1d, L:/127.0.0.1:63521 - R:localhost/127.0.0.1:9923]
22:25:41.395 [AsyncHttpClient-1-9] DEBUG org.asynchttpclient.netty.channel.NettyConnectListener -- Using new Channel '[id: 0x137c983f, L:/127.0.0.1:63550 - R:/127.0.0.1:24569]' for 'GET' to '/json/version'
22:25:41.398 [AsyncHttpClient-1-9] DEBUG org.asynchttpclient.netty.handler.HttpHandler -- 

Request DefaultFullHttpRequest(decodeResult: success, version: HTTP/1.1, content: EmptyByteBufBE)
GET /json/version HTTP/1.1
User-Agent: selenium/4.12.0 (java windows)
host: 127.0.0.1:24569
accept: */*

Response DefaultHttpResponse(decodeResult: success, version: HTTP/1.1)
HTTP/1.1 200 OK
content-type: application/json
content-security-policy: frame-ancestors 'none'
connection: close
server: httpd.js
date: Sun, 28 Apr 2024 03:25:41 GMT

22:25:41.399 [AsyncHttpClient-1-9] DEBUG org.asynchttpclient.netty.channel.ChannelManager -- Closing Channel [id: 0x137c983f, L:/127.0.0.1:63550 ! R:/127.0.0.1:24569] 
22:25:41.399 [AsyncHttpClient-1-9] DEBUG org.asynchttpclient.netty.handler.HttpHandler -- Channel Closed: [id: 0x137c983f, L:/127.0.0.1:63550 ! R:/127.0.0.1:24569] with attribute DISCARD
22:25:41.400 [Forwarding setTimeout on session 07d8ee0d-94c5-4698-80e6-2a52328be02c to remote] DEBUG org.asynchttpclient.netty.request.NettyRequestSender -- Using pooled Channel '[id: 0xf69d5a1d, L:/127.0.0.1:63521 - R:localhost/127.0.0.1:9923]' for 'POST' to 'http://localhost:9923/session/07d8ee0d-94c5-4698-80e6-2a52328be02c/timeouts'
22:25:41.400 [Forwarding setTimeout on session 07d8ee0d-94c5-4698-80e6-2a52328be02c to remote] DEBUG org.asynchttpclient.netty.request.NettyRequestSender -- Using open Channel [id: 0xf69d5a1d, L:/127.0.0.1:63521 - R:localhost/127.0.0.1:9923] for POST '/session/07d8ee0d-94c5-4698-80e6-2a52328be02c/timeouts'
22:25:41.401 [AsyncHttpClient-1-8] DEBUG org.asynchttpclient.netty.handler.HttpHandler -- 

Request DefaultHttpRequest(decodeResult: success, version: HTTP/1.1)
POST /session/07d8ee0d-94c5-4698-80e6-2a52328be02c/timeouts HTTP/1.1
User-Agent: selenium/4.12.0 (java windows)
Content-Length: 22
Content-Type: application/json; charset=utf-8
host: localhost:9923
accept: */*

Response DefaultHttpResponse(decodeResult: success, version: HTTP/1.1)
HTTP/1.1 200 OK
content-type: application/json; charset=utf-8
cache-control: no-cache
content-length: 14
date: Sun, 28 Apr 2024 03:25:41 GMT

22:25:41.401 [AsyncHttpClient-1-8] DEBUG org.asynchttpclient.netty.channel.ChannelManager -- Adding key: http://localhost:9923 for channel [id: 0xf69d5a1d, L:/127.0.0.1:63521 - R:localhost/127.0.0.1:9923]
22:25:41.402 [Forwarding maximizeCurrentWindow on session 07d8ee0d-94c5-4698-80e6-2a52328be02c to remote] DEBUG org.asynchttpclient.netty.request.NettyRequestSender -- Using pooled Channel '[id: 0xf69d5a1d, L:/127.0.0.1:63521 - R:localhost/127.0.0.1:9923]' for 'POST' to 'http://localhost:9923/session/07d8ee0d-94c5-4698-80e6-2a52328be02c/window/maximize'
22:25:41.402 [Forwarding maximizeCurrentWindow on session 07d8ee0d-94c5-4698-80e6-2a52328be02c to remote] DEBUG org.asynchttpclient.netty.request.NettyRequestSender -- Using open Channel [id: 0xf69d5a1d, L:/127.0.0.1:63521 - R:localhost/127.0.0.1:9923] for POST '/session/07d8ee0d-94c5-4698-80e6-2a52328be02c/window/maximize'
22:25:41.665 [AsyncHttpClient-1-8] DEBUG org.asynchttpclient.netty.handler.HttpHandler -- 

Request DefaultHttpRequest(decodeResult: success, version: HTTP/1.1)
POST /session/07d8ee0d-94c5-4698-80e6-2a52328be02c/window/maximize HTTP/1.1
User-Agent: selenium/4.12.0 (java windows)
Content-Length: 3
Content-Type: application/json; charset=utf-8
host: localhost:9923
accept: */*

Response DefaultHttpResponse(decodeResult: success, version: HTTP/1.1)
HTTP/1.1 200 OK
content-type: application/json; charset=utf-8
cache-control: no-cache
content-length: 51
date: Sun, 28 Apr 2024 03:25:41 GMT

22:25:41.666 [AsyncHttpClient-1-8] DEBUG org.asynchttpclient.netty.channel.ChannelManager -- Adding key: http://localhost:9923 for channel [id: 0xf69d5a1d, L:/127.0.0.1:63521 - R:localhost/127.0.0.1:9923]
22:25:41.667 [Forwarding get on session 07d8ee0d-94c5-4698-80e6-2a52328be02c to remote] DEBUG org.asynchttpclient.netty.request.NettyRequestSender -- Using pooled Channel '[id: 0xf69d5a1d, L:/127.0.0.1:63521 - R:localhost/127.0.0.1:9923]' for 'POST' to 'http://localhost:9923/session/07d8ee0d-94c5-4698-80e6-2a52328be02c/url'
22:25:41.668 [Forwarding get on session 07d8ee0d-94c5-4698-80e6-2a52328be02c to remote] DEBUG org.asynchttpclient.netty.request.NettyRequestSender -- Using open Channel [id: 0xf69d5a1d, L:/127.0.0.1:63521 - R:localhost/127.0.0.1:9923] for POST '/session/07d8ee0d-94c5-4698-80e6-2a52328be02c/url'
22:25:42.588 [AsyncHttpClient-1-8] DEBUG org.asynchttpclient.netty.handler.HttpHandler -- 

Request DefaultHttpRequest(decodeResult: success, version: HTTP/1.1)
POST /session/07d8ee0d-94c5-4698-80e6-2a52328be02c/url HTTP/1.1
User-Agent: selenium/4.12.0 (java windows)
Content-Length: 56
Content-Type: application/json; charset=utf-8
host: localhost:9923
accept: */*

Response DefaultHttpResponse(decodeResult: success, version: HTTP/1.1)
HTTP/1.1 200 OK
content-type: application/json; charset=utf-8
cache-control: no-cache
content-length: 14
date: Sun, 28 Apr 2024 03:25:41 GMT

22:25:42.588 [AsyncHttpClient-1-8] DEBUG org.asynchttpclient.netty.channel.ChannelManager -- Adding key: http://localhost:9923 for channel [id: 0xf69d5a1d, L:/127.0.0.1:63521 - R:localhost/127.0.0.1:9923]
22:25:42.589 [Forwarding setTimeout on session 07d8ee0d-94c5-4698-80e6-2a52328be02c to remote] DEBUG org.asynchttpclient.netty.request.NettyRequestSender -- Using pooled Channel '[id: 0xf69d5a1d, L:/127.0.0.1:63521 - R:localhost/127.0.0.1:9923]' for 'POST' to 'http://localhost:9923/session/07d8ee0d-94c5-4698-80e6-2a52328be02c/timeouts'
22:25:42.589 [Forwarding setTimeout on session 07d8ee0d-94c5-4698-80e6-2a52328be02c to remote] DEBUG org.asynchttpclient.netty.request.NettyRequestSender -- Using open Channel [id: 0xf69d5a1d, L:/127.0.0.1:63521 - R:localhost/127.0.0.1:9923] for POST '/session/07d8ee0d-94c5-4698-80e6-2a52328be02c/timeouts'
22:25:42.590 [AsyncHttpClient-1-8] DEBUG org.asynchttpclient.netty.handler.HttpHandler -- 

Request DefaultHttpRequest(decodeResult: success, version: HTTP/1.1)
POST /session/07d8ee0d-94c5-4698-80e6-2a52328be02c/timeouts HTTP/1.1
User-Agent: selenium/4.12.0 (java windows)
Content-Length: 22
Content-Type: application/json; charset=utf-8
host: localhost:9923
accept: */*

Response DefaultHttpResponse(decodeResult: success, version: HTTP/1.1)
HTTP/1.1 200 OK
content-type: application/json; charset=utf-8
cache-control: no-cache
content-length: 14
date: Sun, 28 Apr 2024 03:25:42 GMT

22:25:42.591 [AsyncHttpClient-1-8] DEBUG org.asynchttpclient.netty.channel.ChannelManager -- Adding key: http://localhost:9923 for channel [id: 0xf69d5a1d, L:/127.0.0.1:63521 - R:localhost/127.0.0.1:9923]
22:25:42.593 [main] DEBUG net.serenitybdd.core.photography.Darkroom -- Opening darkroom
22:25:42.594 [Darkroom Processing Line] DEBUG net.serenitybdd.core.photography.DarkroomProcessingLine -- Darkroom processing line starting up
22:25:42.594 [Forwarding getAlertText on session 07d8ee0d-94c5-4698-80e6-2a52328be02c to remote] DEBUG org.asynchttpclient.netty.request.NettyRequestSender -- Using pooled Channel '[id: 0xf69d5a1d, L:/127.0.0.1:63521 - R:localhost/127.0.0.1:9923]' for 'GET' to 'http://localhost:9923/session/07d8ee0d-94c5-4698-80e6-2a52328be02c/alert/text'
22:25:42.594 [Forwarding getAlertText on session 07d8ee0d-94c5-4698-80e6-2a52328be02c to remote] DEBUG org.asynchttpclient.netty.request.NettyRequestSender -- Using open Channel [id: 0xf69d5a1d, L:/127.0.0.1:63521 - R:localhost/127.0.0.1:9923] for GET '/session/07d8ee0d-94c5-4698-80e6-2a52328be02c/alert/text'
22:25:42.596 [AsyncHttpClient-1-8] DEBUG org.asynchttpclient.netty.handler.HttpHandler -- 

Request DefaultFullHttpRequest(decodeResult: success, version: HTTP/1.1, content: EmptyByteBufBE)
GET /session/07d8ee0d-94c5-4698-80e6-2a52328be02c/alert/text HTTP/1.1
Cache-Control: no-cache
User-Agent: selenium/4.12.0 (java windows)
Content-Type: application/json; charset=utf-8
host: localhost:9923
accept: */*

Response DefaultHttpResponse(decodeResult: success, version: HTTP/1.1)
HTTP/1.1 404 Not Found
content-type: application/json; charset=utf-8
cache-control: no-cache
content-length: 842
date: Sun, 28 Apr 2024 03:25:42 GMT

22:25:42.596 [AsyncHttpClient-1-8] DEBUG org.asynchttpclient.netty.channel.ChannelManager -- Adding key: http://localhost:9923 for channel [id: 0xf69d5a1d, L:/127.0.0.1:63521 - R:localhost/127.0.0.1:9923]
22:25:42.598 [Forwarding getCurrentUrl on session 07d8ee0d-94c5-4698-80e6-2a52328be02c to remote] DEBUG org.asynchttpclient.netty.request.NettyRequestSender -- Using pooled Channel '[id: 0xf69d5a1d, L:/127.0.0.1:63521 - R:localhost/127.0.0.1:9923]' for 'GET' to 'http://localhost:9923/session/07d8ee0d-94c5-4698-80e6-2a52328be02c/url'
22:25:42.598 [Forwarding getCurrentUrl on session 07d8ee0d-94c5-4698-80e6-2a52328be02c to remote] DEBUG org.asynchttpclient.netty.request.NettyRequestSender -- Using open Channel [id: 0xf69d5a1d, L:/127.0.0.1:63521 - R:localhost/127.0.0.1:9923] for GET '/session/07d8ee0d-94c5-4698-80e6-2a52328be02c/url'
22:25:42.620 [AsyncHttpClient-1-8] DEBUG org.asynchttpclient.netty.handler.HttpHandler -- 

Request DefaultFullHttpRequest(decodeResult: success, version: HTTP/1.1, content: EmptyByteBufBE)
GET /session/07d8ee0d-94c5-4698-80e6-2a52328be02c/url HTTP/1.1
Cache-Control: no-cache
User-Agent: selenium/4.12.0 (java windows)
Content-Type: application/json; charset=utf-8
host: localhost:9923
accept: */*

Response DefaultHttpResponse(decodeResult: success, version: HTTP/1.1)
HTTP/1.1 200 OK
content-type: application/json; charset=utf-8
cache-control: no-cache
content-length: 38
date: Sun, 28 Apr 2024 03:25:42 GMT

22:25:42.620 [AsyncHttpClient-1-8] DEBUG org.asynchttpclient.netty.channel.ChannelManager -- Adding key: http://localhost:9923 for channel [id: 0xf69d5a1d, L:/127.0.0.1:63521 - R:localhost/127.0.0.1:9923]
22:25:42.621 [Forwarding screenshot on session 07d8ee0d-94c5-4698-80e6-2a52328be02c to remote] DEBUG org.asynchttpclient.netty.request.NettyRequestSender -- Using pooled Channel '[id: 0xf69d5a1d, L:/127.0.0.1:63521 - R:localhost/127.0.0.1:9923]' for 'GET' to 'http://localhost:9923/session/07d8ee0d-94c5-4698-80e6-2a52328be02c/screenshot'
22:25:42.621 [Forwarding screenshot on session 07d8ee0d-94c5-4698-80e6-2a52328be02c to remote] DEBUG org.asynchttpclient.netty.request.NettyRequestSender -- Using open Channel [id: 0xf69d5a1d, L:/127.0.0.1:63521 - R:localhost/127.0.0.1:9923] for GET '/session/07d8ee0d-94c5-4698-80e6-2a52328be02c/screenshot'
22:25:42.688 [AsyncHttpClient-1-8] DEBUG org.asynchttpclient.netty.handler.HttpHandler -- 

Request DefaultFullHttpRequest(decodeResult: success, version: HTTP/1.1, content: EmptyByteBufBE)
GET /session/07d8ee0d-94c5-4698-80e6-2a52328be02c/screenshot HTTP/1.1
Cache-Control: no-cache
User-Agent: selenium/4.12.0 (java windows)
Content-Type: application/json; charset=utf-8
host: localhost:9923
accept: */*

Response DefaultHttpResponse(decodeResult: success, version: HTTP/1.1)
HTTP/1.1 200 OK
content-type: application/json; charset=utf-8
cache-control: no-cache
content-length: 504948
date: Sun, 28 Apr 2024 03:25:42 GMT

22:25:42.689 [AsyncHttpClient-1-8] DEBUG org.asynchttpclient.netty.channel.ChannelManager -- Adding key: http://localhost:9923 for channel [id: 0xf69d5a1d, L:/127.0.0.1:63521 - R:localhost/127.0.0.1:9923]
22:25:42.699 [main] DEBUG net.serenitybdd.core.photography.Darkroom -- Send negative for processing for C:\Users\USUARIO\OneDrive\Documentos\02 Automatización\03 Pragma\pragma\pragma\target\site\serenity\4ee8a2605a1cdda36c2b7788194c259ded3d98d35a623d38fa3b86f65a89fac1.png
22:25:43.704 [main] DEBUG net.thucydides.core.steps.StepInterceptor -- STEP DONE: ingresarAlPortal
22:25:43.712 [Forwarding getAlertText on session 07d8ee0d-94c5-4698-80e6-2a52328be02c to remote] DEBUG org.asynchttpclient.netty.request.NettyRequestSender -- Using pooled Channel '[id: 0xf69d5a1d, L:/127.0.0.1:63521 - R:localhost/127.0.0.1:9923]' for 'GET' to 'http://localhost:9923/session/07d8ee0d-94c5-4698-80e6-2a52328be02c/alert/text'
22:25:43.712 [Forwarding getAlertText on session 07d8ee0d-94c5-4698-80e6-2a52328be02c to remote] DEBUG org.asynchttpclient.netty.request.NettyRequestSender -- Using open Channel [id: 0xf69d5a1d, L:/127.0.0.1:63521 - R:localhost/127.0.0.1:9923] for GET '/session/07d8ee0d-94c5-4698-80e6-2a52328be02c/alert/text'
22:25:43.714 [AsyncHttpClient-1-8] DEBUG org.asynchttpclient.netty.handler.HttpHandler -- 

Request DefaultFullHttpRequest(decodeResult: success, version: HTTP/1.1, content: EmptyByteBufBE)
GET /session/07d8ee0d-94c5-4698-80e6-2a52328be02c/alert/text HTTP/1.1
Cache-Control: no-cache
User-Agent: selenium/4.12.0 (java windows)
Content-Type: application/json; charset=utf-8
host: localhost:9923
accept: */*

Response DefaultHttpResponse(decodeResult: success, version: HTTP/1.1)
HTTP/1.1 404 Not Found
content-type: application/json; charset=utf-8
cache-control: no-cache
content-length: 842
date: Sun, 28 Apr 2024 03:25:43 GMT

22:25:43.715 [AsyncHttpClient-1-8] DEBUG org.asynchttpclient.netty.channel.ChannelManager -- Adding key: http://localhost:9923 for channel [id: 0xf69d5a1d, L:/127.0.0.1:63521 - R:localhost/127.0.0.1:9923]
22:25:43.716 [Forwarding getCurrentUrl on session 07d8ee0d-94c5-4698-80e6-2a52328be02c to remote] DEBUG org.asynchttpclient.netty.request.NettyRequestSender -- Using pooled Channel '[id: 0xf69d5a1d, L:/127.0.0.1:63521 - R:localhost/127.0.0.1:9923]' for 'GET' to 'http://localhost:9923/session/07d8ee0d-94c5-4698-80e6-2a52328be02c/url'
22:25:43.716 [Forwarding getCurrentUrl on session 07d8ee0d-94c5-4698-80e6-2a52328be02c to remote] DEBUG org.asynchttpclient.netty.request.NettyRequestSender -- Using open Channel [id: 0xf69d5a1d, L:/127.0.0.1:63521 - R:localhost/127.0.0.1:9923] for GET '/session/07d8ee0d-94c5-4698-80e6-2a52328be02c/url'
22:25:43.718 [AsyncHttpClient-1-8] DEBUG org.asynchttpclient.netty.handler.HttpHandler -- 

Request DefaultFullHttpRequest(decodeResult: success, version: HTTP/1.1, content: EmptyByteBufBE)
GET /session/07d8ee0d-94c5-4698-80e6-2a52328be02c/url HTTP/1.1
Cache-Control: no-cache
User-Agent: selenium/4.12.0 (java windows)
Content-Type: application/json; charset=utf-8
host: localhost:9923
accept: */*

Response DefaultHttpResponse(decodeResult: success, version: HTTP/1.1)
HTTP/1.1 200 OK
content-type: application/json; charset=utf-8
cache-control: no-cache
content-length: 38
date: Sun, 28 Apr 2024 03:25:43 GMT

22:25:43.718 [AsyncHttpClient-1-8] DEBUG org.asynchttpclient.netty.channel.ChannelManager -- Adding key: http://localhost:9923 for channel [id: 0xf69d5a1d, L:/127.0.0.1:63521 - R:localhost/127.0.0.1:9923]
22:25:43.719 [AsyncHttpClient-1-1] DEBUG org.asynchttpclient.netty.channel.DefaultChannelPool -- Entry count for : http://localhost:9923 : 1
22:25:43.719 [Forwarding screenshot on session 07d8ee0d-94c5-4698-80e6-2a52328be02c to remote] DEBUG org.asynchttpclient.netty.request.NettyRequestSender -- Using pooled Channel '[id: 0xf69d5a1d, L:/127.0.0.1:63521 - R:localhost/127.0.0.1:9923]' for 'GET' to 'http://localhost:9923/session/07d8ee0d-94c5-4698-80e6-2a52328be02c/screenshot'
22:25:43.719 [Forwarding screenshot on session 07d8ee0d-94c5-4698-80e6-2a52328be02c to remote] DEBUG org.asynchttpclient.netty.request.NettyRequestSender -- Using open Channel [id: 0xf69d5a1d, L:/127.0.0.1:63521 - R:localhost/127.0.0.1:9923] for GET '/session/07d8ee0d-94c5-4698-80e6-2a52328be02c/screenshot'
22:25:43.794 [AsyncHttpClient-1-8] DEBUG org.asynchttpclient.netty.handler.HttpHandler -- 

Request DefaultFullHttpRequest(decodeResult: success, version: HTTP/1.1, content: EmptyByteBufBE)
GET /session/07d8ee0d-94c5-4698-80e6-2a52328be02c/screenshot HTTP/1.1
Cache-Control: no-cache
User-Agent: selenium/4.12.0 (java windows)
Content-Type: application/json; charset=utf-8
host: localhost:9923
accept: */*

Response DefaultHttpResponse(decodeResult: success, version: HTTP/1.1)
HTTP/1.1 200 OK
content-type: application/json; charset=utf-8
cache-control: no-cache
content-length: 800340
date: Sun, 28 Apr 2024 03:25:43 GMT

22:25:43.794 [AsyncHttpClient-1-8] DEBUG org.asynchttpclient.netty.channel.ChannelManager -- Adding key: http://localhost:9923 for channel [id: 0xf69d5a1d, L:/127.0.0.1:63521 - R:localhost/127.0.0.1:9923]
22:25:43.802 [main] DEBUG net.serenitybdd.core.photography.Darkroom -- Send negative for processing for C:\Users\USUARIO\OneDrive\Documentos\02 Automatización\03 Pragma\pragma\pragma\target\site\serenity\c6d2d59253a3c52d8b8db4ad723f6da73641757028d146bd6c52f7f99c9aebe9.png
22:25:44.817 [main] DEBUG net.thucydides.core.steps.StepInterceptor -- STARTING STEP: StepInterceptor.testContext - ingresarSeccionRegistro
22:25:44.821 [AsyncHttpClient-1-1] DEBUG org.asynchttpclient.netty.channel.DefaultChannelPool -- Entry count for : http://localhost:9923 : 1
22:25:44.823 [Forwarding findElement on session 07d8ee0d-94c5-4698-80e6-2a52328be02c to remote] DEBUG org.asynchttpclient.netty.request.NettyRequestSender -- Using pooled Channel '[id: 0xf69d5a1d, L:/127.0.0.1:63521 - R:localhost/127.0.0.1:9923]' for 'POST' to 'http://localhost:9923/session/07d8ee0d-94c5-4698-80e6-2a52328be02c/element'
22:25:44.823 [Forwarding findElement on session 07d8ee0d-94c5-4698-80e6-2a52328be02c to remote] DEBUG org.asynchttpclient.netty.request.NettyRequestSender -- Using open Channel [id: 0xf69d5a1d, L:/127.0.0.1:63521 - R:localhost/127.0.0.1:9923] for POST '/session/07d8ee0d-94c5-4698-80e6-2a52328be02c/element'
22:25:44.828 [AsyncHttpClient-1-8] DEBUG org.asynchttpclient.netty.handler.HttpHandler -- 

Request DefaultHttpRequest(decodeResult: success, version: HTTP/1.1)
POST /session/07d8ee0d-94c5-4698-80e6-2a52328be02c/element HTTP/1.1
User-Agent: selenium/4.12.0 (java windows)
Content-Length: 52
Content-Type: application/json; charset=utf-8
host: localhost:9923
accept: */*

Response DefaultHttpResponse(decodeResult: success, version: HTTP/1.1)
HTTP/1.1 200 OK
content-type: application/json; charset=utf-8
cache-control: no-cache
content-length: 88
date: Sun, 28 Apr 2024 03:25:44 GMT

22:25:44.828 [AsyncHttpClient-1-8] DEBUG org.asynchttpclient.netty.channel.ChannelManager -- Adding key: http://localhost:9923 for channel [id: 0xf69d5a1d, L:/127.0.0.1:63521 - R:localhost/127.0.0.1:9923]
22:25:44.829 [Forwarding getElementTagName on session 07d8ee0d-94c5-4698-80e6-2a52328be02c to remote] DEBUG org.asynchttpclient.netty.request.NettyRequestSender -- Using pooled Channel '[id: 0xf69d5a1d, L:/127.0.0.1:63521 - R:localhost/127.0.0.1:9923]' for 'GET' to 'http://localhost:9923/session/07d8ee0d-94c5-4698-80e6-2a52328be02c/element/ec2c3909-a03d-406b-a06f-fbcca330b6e1/name'
22:25:44.829 [Forwarding getElementTagName on session 07d8ee0d-94c5-4698-80e6-2a52328be02c to remote] DEBUG org.asynchttpclient.netty.request.NettyRequestSender -- Using open Channel [id: 0xf69d5a1d, L:/127.0.0.1:63521 - R:localhost/127.0.0.1:9923] for GET '/session/07d8ee0d-94c5-4698-80e6-2a52328be02c/element/ec2c3909-a03d-406b-a06f-fbcca330b6e1/name'
22:25:44.831 [AsyncHttpClient-1-8] DEBUG org.asynchttpclient.netty.handler.HttpHandler -- 

Request DefaultFullHttpRequest(decodeResult: success, version: HTTP/1.1, content: EmptyByteBufBE)
GET /session/07d8ee0d-94c5-4698-80e6-2a52328be02c/element/ec2c3909-a03d-406b-a06f-fbcca330b6e1/name HTTP/1.1
Cache-Control: no-cache
User-Agent: selenium/4.12.0 (java windows)
Content-Type: application/json; charset=utf-8
host: localhost:9923
accept: */*

Response DefaultHttpResponse(decodeResult: success, version: HTTP/1.1)
HTTP/1.1 200 OK
content-type: application/json; charset=utf-8
cache-control: no-cache
content-length: 13
date: Sun, 28 Apr 2024 03:25:44 GMT

22:25:44.831 [AsyncHttpClient-1-8] DEBUG org.asynchttpclient.netty.channel.ChannelManager -- Adding key: http://localhost:9923 for channel [id: 0xf69d5a1d, L:/127.0.0.1:63521 - R:localhost/127.0.0.1:9923]
22:25:44.831 [Forwarding getElementTagName on session 07d8ee0d-94c5-4698-80e6-2a52328be02c to remote] DEBUG org.asynchttpclient.netty.request.NettyRequestSender -- Using pooled Channel '[id: 0xf69d5a1d, L:/127.0.0.1:63521 - R:localhost/127.0.0.1:9923]' for 'GET' to 'http://localhost:9923/session/07d8ee0d-94c5-4698-80e6-2a52328be02c/element/ec2c3909-a03d-406b-a06f-fbcca330b6e1/name'
22:25:44.831 [Forwarding getElementTagName on session 07d8ee0d-94c5-4698-80e6-2a52328be02c to remote] DEBUG org.asynchttpclient.netty.request.NettyRequestSender -- Using open Channel [id: 0xf69d5a1d, L:/127.0.0.1:63521 - R:localhost/127.0.0.1:9923] for GET '/session/07d8ee0d-94c5-4698-80e6-2a52328be02c/element/ec2c3909-a03d-406b-a06f-fbcca330b6e1/name'
22:25:44.833 [AsyncHttpClient-1-8] DEBUG org.asynchttpclient.netty.handler.HttpHandler -- 

Request DefaultFullHttpRequest(decodeResult: success, version: HTTP/1.1, content: EmptyByteBufBE)
GET /session/07d8ee0d-94c5-4698-80e6-2a52328be02c/element/ec2c3909-a03d-406b-a06f-fbcca330b6e1/name HTTP/1.1
Cache-Control: no-cache
User-Agent: selenium/4.12.0 (java windows)
Content-Type: application/json; charset=utf-8
host: localhost:9923
accept: */*

Response DefaultHttpResponse(decodeResult: success, version: HTTP/1.1)
HTTP/1.1 200 OK
content-type: application/json; charset=utf-8
cache-control: no-cache
content-length: 13
date: Sun, 28 Apr 2024 03:25:44 GMT

22:25:44.833 [AsyncHttpClient-1-8] DEBUG org.asynchttpclient.netty.channel.ChannelManager -- Adding key: http://localhost:9923 for channel [id: 0xf69d5a1d, L:/127.0.0.1:63521 - R:localhost/127.0.0.1:9923]
22:25:44.833 [Forwarding findElement on session 07d8ee0d-94c5-4698-80e6-2a52328be02c to remote] DEBUG org.asynchttpclient.netty.request.NettyRequestSender -- Using pooled Channel '[id: 0xf69d5a1d, L:/127.0.0.1:63521 - R:localhost/127.0.0.1:9923]' for 'POST' to 'http://localhost:9923/session/07d8ee0d-94c5-4698-80e6-2a52328be02c/element'
22:25:44.833 [Forwarding findElement on session 07d8ee0d-94c5-4698-80e6-2a52328be02c to remote] DEBUG org.asynchttpclient.netty.request.NettyRequestSender -- Using open Channel [id: 0xf69d5a1d, L:/127.0.0.1:63521 - R:localhost/127.0.0.1:9923] for POST '/session/07d8ee0d-94c5-4698-80e6-2a52328be02c/element'
22:25:44.835 [AsyncHttpClient-1-8] DEBUG org.asynchttpclient.netty.handler.HttpHandler -- 

Request DefaultHttpRequest(decodeResult: success, version: HTTP/1.1)
POST /session/07d8ee0d-94c5-4698-80e6-2a52328be02c/element HTTP/1.1
User-Agent: selenium/4.12.0 (java windows)
Content-Length: 52
Content-Type: application/json; charset=utf-8
host: localhost:9923
accept: */*

Response DefaultHttpResponse(decodeResult: success, version: HTTP/1.1)
HTTP/1.1 200 OK
content-type: application/json; charset=utf-8
cache-control: no-cache
content-length: 88
date: Sun, 28 Apr 2024 03:25:44 GMT

22:25:44.835 [AsyncHttpClient-1-8] DEBUG org.asynchttpclient.netty.channel.ChannelManager -- Adding key: http://localhost:9923 for channel [id: 0xf69d5a1d, L:/127.0.0.1:63521 - R:localhost/127.0.0.1:9923]
22:25:44.835 [Forwarding clickElement on session 07d8ee0d-94c5-4698-80e6-2a52328be02c to remote] DEBUG org.asynchttpclient.netty.request.NettyRequestSender -- Using pooled Channel '[id: 0xf69d5a1d, L:/127.0.0.1:63521 - R:localhost/127.0.0.1:9923]' for 'POST' to 'http://localhost:9923/session/07d8ee0d-94c5-4698-80e6-2a52328be02c/element/ec2c3909-a03d-406b-a06f-fbcca330b6e1/click'
22:25:44.835 [Forwarding clickElement on session 07d8ee0d-94c5-4698-80e6-2a52328be02c to remote] DEBUG org.asynchttpclient.netty.request.NettyRequestSender -- Using open Channel [id: 0xf69d5a1d, L:/127.0.0.1:63521 - R:localhost/127.0.0.1:9923] for POST '/session/07d8ee0d-94c5-4698-80e6-2a52328be02c/element/ec2c3909-a03d-406b-a06f-fbcca330b6e1/click'
22:25:45.051 [AsyncHttpClient-1-8] DEBUG org.asynchttpclient.netty.handler.HttpHandler -- 

Request DefaultHttpRequest(decodeResult: success, version: HTTP/1.1)
POST /session/07d8ee0d-94c5-4698-80e6-2a52328be02c/element/ec2c3909-a03d-406b-a06f-fbcca330b6e1/click HTTP/1.1
User-Agent: selenium/4.12.0 (java windows)
Content-Length: 50
Content-Type: application/json; charset=utf-8
host: localhost:9923
accept: */*

Response DefaultHttpResponse(decodeResult: success, version: HTTP/1.1)
HTTP/1.1 200 OK
content-type: application/json; charset=utf-8
cache-control: no-cache
content-length: 14
date: Sun, 28 Apr 2024 03:25:44 GMT

22:25:45.051 [AsyncHttpClient-1-8] DEBUG org.asynchttpclient.netty.channel.ChannelManager -- Adding key: http://localhost:9923 for channel [id: 0xf69d5a1d, L:/127.0.0.1:63521 - R:localhost/127.0.0.1:9923]
22:25:45.054 [Forwarding getAlertText on session 07d8ee0d-94c5-4698-80e6-2a52328be02c to remote] DEBUG org.asynchttpclient.netty.request.NettyRequestSender -- Using pooled Channel '[id: 0xf69d5a1d, L:/127.0.0.1:63521 - R:localhost/127.0.0.1:9923]' for 'GET' to 'http://localhost:9923/session/07d8ee0d-94c5-4698-80e6-2a52328be02c/alert/text'
22:25:45.055 [Forwarding getAlertText on session 07d8ee0d-94c5-4698-80e6-2a52328be02c to remote] DEBUG org.asynchttpclient.netty.request.NettyRequestSender -- Using open Channel [id: 0xf69d5a1d, L:/127.0.0.1:63521 - R:localhost/127.0.0.1:9923] for GET '/session/07d8ee0d-94c5-4698-80e6-2a52328be02c/alert/text'
22:25:45.056 [AsyncHttpClient-1-8] DEBUG org.asynchttpclient.netty.handler.HttpHandler -- 

Request DefaultFullHttpRequest(decodeResult: success, version: HTTP/1.1, content: EmptyByteBufBE)
GET /session/07d8ee0d-94c5-4698-80e6-2a52328be02c/alert/text HTTP/1.1
Cache-Control: no-cache
User-Agent: selenium/4.12.0 (java windows)
Content-Type: application/json; charset=utf-8
host: localhost:9923
accept: */*

Response DefaultHttpResponse(decodeResult: success, version: HTTP/1.1)
HTTP/1.1 404 Not Found
content-type: application/json; charset=utf-8
cache-control: no-cache
content-length: 842
date: Sun, 28 Apr 2024 03:25:44 GMT

22:25:45.056 [AsyncHttpClient-1-8] DEBUG org.asynchttpclient.netty.channel.ChannelManager -- Adding key: http://localhost:9923 for channel [id: 0xf69d5a1d, L:/127.0.0.1:63521 - R:localhost/127.0.0.1:9923]
22:25:45.057 [Forwarding getCurrentUrl on session 07d8ee0d-94c5-4698-80e6-2a52328be02c to remote] DEBUG org.asynchttpclient.netty.request.NettyRequestSender -- Using pooled Channel '[id: 0xf69d5a1d, L:/127.0.0.1:63521 - R:localhost/127.0.0.1:9923]' for 'GET' to 'http://localhost:9923/session/07d8ee0d-94c5-4698-80e6-2a52328be02c/url'
22:25:45.057 [Forwarding getCurrentUrl on session 07d8ee0d-94c5-4698-80e6-2a52328be02c to remote] DEBUG org.asynchttpclient.netty.request.NettyRequestSender -- Using open Channel [id: 0xf69d5a1d, L:/127.0.0.1:63521 - R:localhost/127.0.0.1:9923] for GET '/session/07d8ee0d-94c5-4698-80e6-2a52328be02c/url'
22:25:45.058 [AsyncHttpClient-1-8] DEBUG org.asynchttpclient.netty.handler.HttpHandler -- 

Request DefaultFullHttpRequest(decodeResult: success, version: HTTP/1.1, content: EmptyByteBufBE)
GET /session/07d8ee0d-94c5-4698-80e6-2a52328be02c/url HTTP/1.1
Cache-Control: no-cache
User-Agent: selenium/4.12.0 (java windows)
Content-Type: application/json; charset=utf-8
host: localhost:9923
accept: */*

Response DefaultHttpResponse(decodeResult: success, version: HTTP/1.1)
HTTP/1.1 200 OK
content-type: application/json; charset=utf-8
cache-control: no-cache
content-length: 38
date: Sun, 28 Apr 2024 03:25:44 GMT

22:25:45.058 [AsyncHttpClient-1-8] DEBUG org.asynchttpclient.netty.channel.ChannelManager -- Adding key: http://localhost:9923 for channel [id: 0xf69d5a1d, L:/127.0.0.1:63521 - R:localhost/127.0.0.1:9923]
22:25:45.058 [Forwarding screenshot on session 07d8ee0d-94c5-4698-80e6-2a52328be02c to remote] DEBUG org.asynchttpclient.netty.request.NettyRequestSender -- Using pooled Channel '[id: 0xf69d5a1d, L:/127.0.0.1:63521 - R:localhost/127.0.0.1:9923]' for 'GET' to 'http://localhost:9923/session/07d8ee0d-94c5-4698-80e6-2a52328be02c/screenshot'
22:25:45.058 [Forwarding screenshot on session 07d8ee0d-94c5-4698-80e6-2a52328be02c to remote] DEBUG org.asynchttpclient.netty.request.NettyRequestSender -- Using open Channel [id: 0xf69d5a1d, L:/127.0.0.1:63521 - R:localhost/127.0.0.1:9923] for GET '/session/07d8ee0d-94c5-4698-80e6-2a52328be02c/screenshot'
22:25:45.164 [AsyncHttpClient-1-8] DEBUG org.asynchttpclient.netty.handler.HttpHandler -- 

Request DefaultFullHttpRequest(decodeResult: success, version: HTTP/1.1, content: EmptyByteBufBE)
GET /session/07d8ee0d-94c5-4698-80e6-2a52328be02c/screenshot HTTP/1.1
Cache-Control: no-cache
User-Agent: selenium/4.12.0 (java windows)
Content-Type: application/json; charset=utf-8
host: localhost:9923
accept: */*

Response DefaultHttpResponse(decodeResult: success, version: HTTP/1.1)
HTTP/1.1 200 OK
content-type: application/json; charset=utf-8
cache-control: no-cache
content-length: 648364
date: Sun, 28 Apr 2024 03:25:44 GMT

22:25:45.165 [AsyncHttpClient-1-8] DEBUG org.asynchttpclient.netty.channel.ChannelManager -- Adding key: http://localhost:9923 for channel [id: 0xf69d5a1d, L:/127.0.0.1:63521 - R:localhost/127.0.0.1:9923]
22:25:45.178 [main] DEBUG net.serenitybdd.core.photography.Darkroom -- Send negative for processing for C:\Users\USUARIO\OneDrive\Documentos\02 Automatización\03 Pragma\pragma\pragma\target\site\serenity\2c39510cdd3632dbb7e2e4291b5d2a0d471d14a6b705c8e292fb3a92fe15b60a.png
22:25:45.178 [Darkroom Processing Line] DEBUG net.serenitybdd.core.photography.DarkroomProcessingLine -- Processing screenshot image in /var/screenshots/screenshot-6796068580232705299
22:25:45.178 [Darkroom Processing Line] DEBUG net.serenitybdd.core.photography.DarkroomProcessingLine -- Saving screenshot to C:\Users\USUARIO\OneDrive\Documentos\02 Automatización\03 Pragma\pragma\pragma\target\site\serenity\2c39510cdd3632dbb7e2e4291b5d2a0d471d14a6b705c8e292fb3a92fe15b60a.png
22:25:45.914 [AsyncHttpClient-1-1] DEBUG org.asynchttpclient.netty.channel.DefaultChannelPool -- Entry count for : http://localhost:9923 : 1
22:25:46.189 [main] DEBUG net.thucydides.core.steps.StepInterceptor -- STEP DONE: ingresarSeccionRegistro
22:25:46.194 [Forwarding getAlertText on session 07d8ee0d-94c5-4698-80e6-2a52328be02c to remote] DEBUG org.asynchttpclient.netty.request.NettyRequestSender -- Using pooled Channel '[id: 0xf69d5a1d, L:/127.0.0.1:63521 - R:localhost/127.0.0.1:9923]' for 'GET' to 'http://localhost:9923/session/07d8ee0d-94c5-4698-80e6-2a52328be02c/alert/text'
22:25:46.194 [Forwarding getAlertText on session 07d8ee0d-94c5-4698-80e6-2a52328be02c to remote] DEBUG org.asynchttpclient.netty.request.NettyRequestSender -- Using open Channel [id: 0xf69d5a1d, L:/127.0.0.1:63521 - R:localhost/127.0.0.1:9923] for GET '/session/07d8ee0d-94c5-4698-80e6-2a52328be02c/alert/text'
22:25:46.197 [AsyncHttpClient-1-8] DEBUG org.asynchttpclient.netty.handler.HttpHandler -- 

Request DefaultFullHttpRequest(decodeResult: success, version: HTTP/1.1, content: EmptyByteBufBE)
GET /session/07d8ee0d-94c5-4698-80e6-2a52328be02c/alert/text HTTP/1.1
Cache-Control: no-cache
User-Agent: selenium/4.12.0 (java windows)
Content-Type: application/json; charset=utf-8
host: localhost:9923
accept: */*

Response DefaultHttpResponse(decodeResult: success, version: HTTP/1.1)
HTTP/1.1 404 Not Found
content-type: application/json; charset=utf-8
cache-control: no-cache
content-length: 842
date: Sun, 28 Apr 2024 03:25:46 GMT

22:25:46.197 [AsyncHttpClient-1-8] DEBUG org.asynchttpclient.netty.channel.ChannelManager -- Adding key: http://localhost:9923 for channel [id: 0xf69d5a1d, L:/127.0.0.1:63521 - R:localhost/127.0.0.1:9923]
22:25:46.198 [Forwarding getCurrentUrl on session 07d8ee0d-94c5-4698-80e6-2a52328be02c to remote] DEBUG org.asynchttpclient.netty.request.NettyRequestSender -- Using pooled Channel '[id: 0xf69d5a1d, L:/127.0.0.1:63521 - R:localhost/127.0.0.1:9923]' for 'GET' to 'http://localhost:9923/session/07d8ee0d-94c5-4698-80e6-2a52328be02c/url'
22:25:46.198 [Forwarding getCurrentUrl on session 07d8ee0d-94c5-4698-80e6-2a52328be02c to remote] DEBUG org.asynchttpclient.netty.request.NettyRequestSender -- Using open Channel [id: 0xf69d5a1d, L:/127.0.0.1:63521 - R:localhost/127.0.0.1:9923] for GET '/session/07d8ee0d-94c5-4698-80e6-2a52328be02c/url'
22:25:46.200 [AsyncHttpClient-1-8] DEBUG org.asynchttpclient.netty.handler.HttpHandler -- 

Request DefaultFullHttpRequest(decodeResult: success, version: HTTP/1.1, content: EmptyByteBufBE)
GET /session/07d8ee0d-94c5-4698-80e6-2a52328be02c/url HTTP/1.1
Cache-Control: no-cache
User-Agent: selenium/4.12.0 (java windows)
Content-Type: application/json; charset=utf-8
host: localhost:9923
accept: */*

Response DefaultHttpResponse(decodeResult: success, version: HTTP/1.1)
HTTP/1.1 200 OK
content-type: application/json; charset=utf-8
cache-control: no-cache
content-length: 38
date: Sun, 28 Apr 2024 03:25:46 GMT

22:25:46.200 [AsyncHttpClient-1-8] DEBUG org.asynchttpclient.netty.channel.ChannelManager -- Adding key: http://localhost:9923 for channel [id: 0xf69d5a1d, L:/127.0.0.1:63521 - R:localhost/127.0.0.1:9923]
22:25:46.201 [Forwarding screenshot on session 07d8ee0d-94c5-4698-80e6-2a52328be02c to remote] DEBUG org.asynchttpclient.netty.request.NettyRequestSender -- Using pooled Channel '[id: 0xf69d5a1d, L:/127.0.0.1:63521 - R:localhost/127.0.0.1:9923]' for 'GET' to 'http://localhost:9923/session/07d8ee0d-94c5-4698-80e6-2a52328be02c/screenshot'
22:25:46.201 [Forwarding screenshot on session 07d8ee0d-94c5-4698-80e6-2a52328be02c to remote] DEBUG org.asynchttpclient.netty.request.NettyRequestSender -- Using open Channel [id: 0xf69d5a1d, L:/127.0.0.1:63521 - R:localhost/127.0.0.1:9923] for GET '/session/07d8ee0d-94c5-4698-80e6-2a52328be02c/screenshot'
22:25:46.271 [AsyncHttpClient-1-8] DEBUG org.asynchttpclient.netty.handler.HttpHandler -- 

Request DefaultFullHttpRequest(decodeResult: success, version: HTTP/1.1, content: EmptyByteBufBE)
GET /session/07d8ee0d-94c5-4698-80e6-2a52328be02c/screenshot HTTP/1.1
Cache-Control: no-cache
User-Agent: selenium/4.12.0 (java windows)
Content-Type: application/json; charset=utf-8
host: localhost:9923
accept: */*

Response DefaultHttpResponse(decodeResult: success, version: HTTP/1.1)
HTTP/1.1 200 OK
content-type: application/json; charset=utf-8
cache-control: no-cache
content-length: 475868
date: Sun, 28 Apr 2024 03:25:46 GMT

22:25:46.271 [AsyncHttpClient-1-8] DEBUG org.asynchttpclient.netty.channel.ChannelManager -- Adding key: http://localhost:9923 for channel [id: 0xf69d5a1d, L:/127.0.0.1:63521 - R:localhost/127.0.0.1:9923]
22:25:46.275 [main] DEBUG net.serenitybdd.core.photography.Darkroom -- Send negative for processing for C:\Users\USUARIO\OneDrive\Documentos\02 Automatización\03 Pragma\pragma\pragma\target\site\serenity\fd826a39f14d4ae1c90f0aba8848c5de35b03fec7fa0c7ed50b763e4bbfa3828.png
22:25:46.275 [Darkroom Processing Line] DEBUG net.serenitybdd.core.photography.DarkroomProcessingLine -- Processing screenshot image in /var/screenshots/screenshot-5133501432421382574
22:25:46.275 [Darkroom Processing Line] DEBUG net.serenitybdd.core.photography.DarkroomProcessingLine -- Saving screenshot to C:\Users\USUARIO\OneDrive\Documentos\02 Automatización\03 Pragma\pragma\pragma\target\site\serenity\fd826a39f14d4ae1c90f0aba8848c5de35b03fec7fa0c7ed50b763e4bbfa3828.png
22:25:47.014 [AsyncHttpClient-1-1] DEBUG org.asynchttpclient.netty.channel.DefaultChannelPool -- Entry count for : http://localhost:9923 : 1
22:25:47.295 [main] DEBUG net.thucydides.core.steps.StepInterceptor -- STARTING STEP: StepInterceptor.testContext - registro
22:25:47.308 [Forwarding findElement on session 07d8ee0d-94c5-4698-80e6-2a52328be02c to remote] DEBUG org.asynchttpclient.netty.request.NettyRequestSender -- Using pooled Channel '[id: 0xf69d5a1d, L:/127.0.0.1:63521 - R:localhost/127.0.0.1:9923]' for 'POST' to 'http://localhost:9923/session/07d8ee0d-94c5-4698-80e6-2a52328be02c/element'
22:25:47.308 [Forwarding findElement on session 07d8ee0d-94c5-4698-80e6-2a52328be02c to remote] DEBUG org.asynchttpclient.netty.request.NettyRequestSender -- Using open Channel [id: 0xf69d5a1d, L:/127.0.0.1:63521 - R:localhost/127.0.0.1:9923] for POST '/session/07d8ee0d-94c5-4698-80e6-2a52328be02c/element'
22:25:47.310 [AsyncHttpClient-1-8] DEBUG org.asynchttpclient.netty.handler.HttpHandler -- 

Request DefaultHttpRequest(decodeResult: success, version: HTTP/1.1)
POST /session/07d8ee0d-94c5-4698-80e6-2a52328be02c/element HTTP/1.1
User-Agent: selenium/4.12.0 (java windows)
Content-Length: 60
Content-Type: application/json; charset=utf-8
host: localhost:9923
accept: */*

Response DefaultHttpResponse(decodeResult: success, version: HTTP/1.1)
HTTP/1.1 200 OK
content-type: application/json; charset=utf-8
cache-control: no-cache
content-length: 88
date: Sun, 28 Apr 2024 03:25:47 GMT

22:25:47.310 [AsyncHttpClient-1-8] DEBUG org.asynchttpclient.netty.channel.ChannelManager -- Adding key: http://localhost:9923 for channel [id: 0xf69d5a1d, L:/127.0.0.1:63521 - R:localhost/127.0.0.1:9923]
22:25:47.311 [Forwarding clearElement on session 07d8ee0d-94c5-4698-80e6-2a52328be02c to remote] DEBUG org.asynchttpclient.netty.request.NettyRequestSender -- Using pooled Channel '[id: 0xf69d5a1d, L:/127.0.0.1:63521 - R:localhost/127.0.0.1:9923]' for 'POST' to 'http://localhost:9923/session/07d8ee0d-94c5-4698-80e6-2a52328be02c/element/93e927c3-3aab-40eb-b2bd-2541f055c8f5/clear'
22:25:47.311 [Forwarding clearElement on session 07d8ee0d-94c5-4698-80e6-2a52328be02c to remote] DEBUG org.asynchttpclient.netty.request.NettyRequestSender -- Using open Channel [id: 0xf69d5a1d, L:/127.0.0.1:63521 - R:localhost/127.0.0.1:9923] for POST '/session/07d8ee0d-94c5-4698-80e6-2a52328be02c/element/93e927c3-3aab-40eb-b2bd-2541f055c8f5/clear'
22:25:47.313 [AsyncHttpClient-1-8] DEBUG org.asynchttpclient.netty.handler.HttpHandler -- 

Request DefaultHttpRequest(decodeResult: success, version: HTTP/1.1)
POST /session/07d8ee0d-94c5-4698-80e6-2a52328be02c/element/93e927c3-3aab-40eb-b2bd-2541f055c8f5/clear HTTP/1.1
User-Agent: selenium/4.12.0 (java windows)
Content-Length: 50
Content-Type: application/json; charset=utf-8
host: localhost:9923
accept: */*

Response DefaultHttpResponse(decodeResult: success, version: HTTP/1.1)
HTTP/1.1 200 OK
content-type: application/json; charset=utf-8
cache-control: no-cache
content-length: 14
date: Sun, 28 Apr 2024 03:25:47 GMT

22:25:47.313 [AsyncHttpClient-1-8] DEBUG org.asynchttpclient.netty.channel.ChannelManager -- Adding key: http://localhost:9923 for channel [id: 0xf69d5a1d, L:/127.0.0.1:63521 - R:localhost/127.0.0.1:9923]
22:25:47.315 [Forwarding sendKeysToElement on session 07d8ee0d-94c5-4698-80e6-2a52328be02c to remote] DEBUG org.asynchttpclient.netty.request.NettyRequestSender -- Using pooled Channel '[id: 0xf69d5a1d, L:/127.0.0.1:63521 - R:localhost/127.0.0.1:9923]' for 'POST' to 'http://localhost:9923/session/07d8ee0d-94c5-4698-80e6-2a52328be02c/element/93e927c3-3aab-40eb-b2bd-2541f055c8f5/value'
22:25:47.316 [Forwarding sendKeysToElement on session 07d8ee0d-94c5-4698-80e6-2a52328be02c to remote] DEBUG org.asynchttpclient.netty.request.NettyRequestSender -- Using open Channel [id: 0xf69d5a1d, L:/127.0.0.1:63521 - R:localhost/127.0.0.1:9923] for POST '/session/07d8ee0d-94c5-4698-80e6-2a52328be02c/element/93e927c3-3aab-40eb-b2bd-2541f055c8f5/value'
22:25:47.342 [AsyncHttpClient-1-8] DEBUG org.asynchttpclient.netty.handler.HttpHandler -- 

Request DefaultHttpRequest(decodeResult: success, version: HTTP/1.1)
POST /session/07d8ee0d-94c5-4698-80e6-2a52328be02c/element/93e927c3-3aab-40eb-b2bd-2541f055c8f5/value HTTP/1.1
User-Agent: selenium/4.12.0 (java windows)
Content-Length: 195
Content-Type: application/json; charset=utf-8
host: localhost:9923
accept: */*

Response DefaultHttpResponse(decodeResult: success, version: HTTP/1.1)
HTTP/1.1 200 OK
content-type: application/json; charset=utf-8
cache-control: no-cache
content-length: 14
date: Sun, 28 Apr 2024 03:25:47 GMT

22:25:47.343 [AsyncHttpClient-1-8] DEBUG org.asynchttpclient.netty.channel.ChannelManager -- Adding key: http://localhost:9923 for channel [id: 0xf69d5a1d, L:/127.0.0.1:63521 - R:localhost/127.0.0.1:9923]
22:25:47.344 [Forwarding findElement on session 07d8ee0d-94c5-4698-80e6-2a52328be02c to remote] DEBUG org.asynchttpclient.netty.request.NettyRequestSender -- Using pooled Channel '[id: 0xf69d5a1d, L:/127.0.0.1:63521 - R:localhost/127.0.0.1:9923]' for 'POST' to 'http://localhost:9923/session/07d8ee0d-94c5-4698-80e6-2a52328be02c/element'
22:25:47.345 [Forwarding findElement on session 07d8ee0d-94c5-4698-80e6-2a52328be02c to remote] DEBUG org.asynchttpclient.netty.request.NettyRequestSender -- Using open Channel [id: 0xf69d5a1d, L:/127.0.0.1:63521 - R:localhost/127.0.0.1:9923] for POST '/session/07d8ee0d-94c5-4698-80e6-2a52328be02c/element'
22:25:47.346 [AsyncHttpClient-1-8] DEBUG org.asynchttpclient.netty.handler.HttpHandler -- 

Request DefaultHttpRequest(decodeResult: success, version: HTTP/1.1)
POST /session/07d8ee0d-94c5-4698-80e6-2a52328be02c/element HTTP/1.1
User-Agent: selenium/4.12.0 (java windows)
Content-Length: 60
Content-Type: application/json; charset=utf-8
host: localhost:9923
accept: */*

Response DefaultHttpResponse(decodeResult: success, version: HTTP/1.1)
HTTP/1.1 200 OK
content-type: application/json; charset=utf-8
cache-control: no-cache
content-length: 88
date: Sun, 28 Apr 2024 03:25:47 GMT

22:25:47.347 [AsyncHttpClient-1-8] DEBUG org.asynchttpclient.netty.channel.ChannelManager -- Adding key: http://localhost:9923 for channel [id: 0xf69d5a1d, L:/127.0.0.1:63521 - R:localhost/127.0.0.1:9923]
22:25:47.348 [Forwarding clearElement on session 07d8ee0d-94c5-4698-80e6-2a52328be02c to remote] DEBUG org.asynchttpclient.netty.request.NettyRequestSender -- Using pooled Channel '[id: 0xf69d5a1d, L:/127.0.0.1:63521 - R:localhost/127.0.0.1:9923]' for 'POST' to 'http://localhost:9923/session/07d8ee0d-94c5-4698-80e6-2a52328be02c/element/e403439b-5850-4b65-9f59-899226173383/clear'
22:25:47.348 [Forwarding clearElement on session 07d8ee0d-94c5-4698-80e6-2a52328be02c to remote] DEBUG org.asynchttpclient.netty.request.NettyRequestSender -- Using open Channel [id: 0xf69d5a1d, L:/127.0.0.1:63521 - R:localhost/127.0.0.1:9923] for POST '/session/07d8ee0d-94c5-4698-80e6-2a52328be02c/element/e403439b-5850-4b65-9f59-899226173383/clear'
22:25:47.350 [AsyncHttpClient-1-8] DEBUG org.asynchttpclient.netty.handler.HttpHandler -- 

Request DefaultHttpRequest(decodeResult: success, version: HTTP/1.1)
POST /session/07d8ee0d-94c5-4698-80e6-2a52328be02c/element/e403439b-5850-4b65-9f59-899226173383/clear HTTP/1.1
User-Agent: selenium/4.12.0 (java windows)
Content-Length: 50
Content-Type: application/json; charset=utf-8
host: localhost:9923
accept: */*

Response DefaultHttpResponse(decodeResult: success, version: HTTP/1.1)
HTTP/1.1 200 OK
content-type: application/json; charset=utf-8
cache-control: no-cache
content-length: 14
date: Sun, 28 Apr 2024 03:25:47 GMT

22:25:47.350 [AsyncHttpClient-1-8] DEBUG org.asynchttpclient.netty.channel.ChannelManager -- Adding key: http://localhost:9923 for channel [id: 0xf69d5a1d, L:/127.0.0.1:63521 - R:localhost/127.0.0.1:9923]
22:25:47.351 [Forwarding sendKeysToElement on session 07d8ee0d-94c5-4698-80e6-2a52328be02c to remote] DEBUG org.asynchttpclient.netty.request.NettyRequestSender -- Using pooled Channel '[id: 0xf69d5a1d, L:/127.0.0.1:63521 - R:localhost/127.0.0.1:9923]' for 'POST' to 'http://localhost:9923/session/07d8ee0d-94c5-4698-80e6-2a52328be02c/element/e403439b-5850-4b65-9f59-899226173383/value'
22:25:47.351 [Forwarding sendKeysToElement on session 07d8ee0d-94c5-4698-80e6-2a52328be02c to remote] DEBUG org.asynchttpclient.netty.request.NettyRequestSender -- Using open Channel [id: 0xf69d5a1d, L:/127.0.0.1:63521 - R:localhost/127.0.0.1:9923] for POST '/session/07d8ee0d-94c5-4698-80e6-2a52328be02c/element/e403439b-5850-4b65-9f59-899226173383/value'
22:25:47.358 [AsyncHttpClient-1-8] DEBUG org.asynchttpclient.netty.handler.HttpHandler -- 

Request DefaultHttpRequest(decodeResult: success, version: HTTP/1.1)
POST /session/07d8ee0d-94c5-4698-80e6-2a52328be02c/element/e403439b-5850-4b65-9f59-899226173383/value HTTP/1.1
User-Agent: selenium/4.12.0 (java windows)
Content-Length: 205
Content-Type: application/json; charset=utf-8
host: localhost:9923
accept: */*

Response DefaultHttpResponse(decodeResult: success, version: HTTP/1.1)
HTTP/1.1 200 OK
content-type: application/json; charset=utf-8
cache-control: no-cache
content-length: 14
date: Sun, 28 Apr 2024 03:25:47 GMT

22:25:47.358 [AsyncHttpClient-1-8] DEBUG org.asynchttpclient.netty.channel.ChannelManager -- Adding key: http://localhost:9923 for channel [id: 0xf69d5a1d, L:/127.0.0.1:63521 - R:localhost/127.0.0.1:9923]
22:25:47.360 [Forwarding findElement on session 07d8ee0d-94c5-4698-80e6-2a52328be02c to remote] DEBUG org.asynchttpclient.netty.request.NettyRequestSender -- Using pooled Channel '[id: 0xf69d5a1d, L:/127.0.0.1:63521 - R:localhost/127.0.0.1:9923]' for 'POST' to 'http://localhost:9923/session/07d8ee0d-94c5-4698-80e6-2a52328be02c/element'
22:25:47.360 [Forwarding findElement on session 07d8ee0d-94c5-4698-80e6-2a52328be02c to remote] DEBUG org.asynchttpclient.netty.request.NettyRequestSender -- Using open Channel [id: 0xf69d5a1d, L:/127.0.0.1:63521 - R:localhost/127.0.0.1:9923] for POST '/session/07d8ee0d-94c5-4698-80e6-2a52328be02c/element'
22:25:47.363 [AsyncHttpClient-1-8] DEBUG org.asynchttpclient.netty.handler.HttpHandler -- 

Request DefaultHttpRequest(decodeResult: success, version: HTTP/1.1)
POST /session/07d8ee0d-94c5-4698-80e6-2a52328be02c/element HTTP/1.1
User-Agent: selenium/4.12.0 (java windows)
Content-Length: 116
Content-Type: application/json; charset=utf-8
host: localhost:9923
accept: */*

Response DefaultHttpResponse(decodeResult: success, version: HTTP/1.1)
HTTP/1.1 200 OK
content-type: application/json; charset=utf-8
cache-control: no-cache
content-length: 88
date: Sun, 28 Apr 2024 03:25:47 GMT

22:25:47.363 [AsyncHttpClient-1-8] DEBUG org.asynchttpclient.netty.channel.ChannelManager -- Adding key: http://localhost:9923 for channel [id: 0xf69d5a1d, L:/127.0.0.1:63521 - R:localhost/127.0.0.1:9923]
22:25:47.364 [Forwarding getElementTagName on session 07d8ee0d-94c5-4698-80e6-2a52328be02c to remote] DEBUG org.asynchttpclient.netty.request.NettyRequestSender -- Using pooled Channel '[id: 0xf69d5a1d, L:/127.0.0.1:63521 - R:localhost/127.0.0.1:9923]' for 'GET' to 'http://localhost:9923/session/07d8ee0d-94c5-4698-80e6-2a52328be02c/element/e6a149ce-20ea-470e-a4de-7d4ebe8a3b4d/name'
22:25:47.364 [Forwarding getElementTagName on session 07d8ee0d-94c5-4698-80e6-2a52328be02c to remote] DEBUG org.asynchttpclient.netty.request.NettyRequestSender -- Using open Channel [id: 0xf69d5a1d, L:/127.0.0.1:63521 - R:localhost/127.0.0.1:9923] for GET '/session/07d8ee0d-94c5-4698-80e6-2a52328be02c/element/e6a149ce-20ea-470e-a4de-7d4ebe8a3b4d/name'
22:25:47.366 [AsyncHttpClient-1-8] DEBUG org.asynchttpclient.netty.handler.HttpHandler -- 

Request DefaultFullHttpRequest(decodeResult: success, version: HTTP/1.1, content: EmptyByteBufBE)
GET /session/07d8ee0d-94c5-4698-80e6-2a52328be02c/element/e6a149ce-20ea-470e-a4de-7d4ebe8a3b4d/name HTTP/1.1
Cache-Control: no-cache
User-Agent: selenium/4.12.0 (java windows)
Content-Type: application/json; charset=utf-8
host: localhost:9923
accept: */*

Response DefaultHttpResponse(decodeResult: success, version: HTTP/1.1)
HTTP/1.1 200 OK
content-type: application/json; charset=utf-8
cache-control: no-cache
content-length: 18
date: Sun, 28 Apr 2024 03:25:47 GMT

22:25:47.366 [AsyncHttpClient-1-8] DEBUG org.asynchttpclient.netty.channel.ChannelManager -- Adding key: http://localhost:9923 for channel [id: 0xf69d5a1d, L:/127.0.0.1:63521 - R:localhost/127.0.0.1:9923]
22:25:47.367 [Forwarding getElementTagName on session 07d8ee0d-94c5-4698-80e6-2a52328be02c to remote] DEBUG org.asynchttpclient.netty.request.NettyRequestSender -- Using pooled Channel '[id: 0xf69d5a1d, L:/127.0.0.1:63521 - R:localhost/127.0.0.1:9923]' for 'GET' to 'http://localhost:9923/session/07d8ee0d-94c5-4698-80e6-2a52328be02c/element/e6a149ce-20ea-470e-a4de-7d4ebe8a3b4d/name'
22:25:47.367 [Forwarding getElementTagName on session 07d8ee0d-94c5-4698-80e6-2a52328be02c to remote] DEBUG org.asynchttpclient.netty.request.NettyRequestSender -- Using open Channel [id: 0xf69d5a1d, L:/127.0.0.1:63521 - R:localhost/127.0.0.1:9923] for GET '/session/07d8ee0d-94c5-4698-80e6-2a52328be02c/element/e6a149ce-20ea-470e-a4de-7d4ebe8a3b4d/name'
22:25:47.368 [AsyncHttpClient-1-8] DEBUG org.asynchttpclient.netty.handler.HttpHandler -- 

Request DefaultFullHttpRequest(decodeResult: success, version: HTTP/1.1, content: EmptyByteBufBE)
GET /session/07d8ee0d-94c5-4698-80e6-2a52328be02c/element/e6a149ce-20ea-470e-a4de-7d4ebe8a3b4d/name HTTP/1.1
Cache-Control: no-cache
User-Agent: selenium/4.12.0 (java windows)
Content-Type: application/json; charset=utf-8
host: localhost:9923
accept: */*

Response DefaultHttpResponse(decodeResult: success, version: HTTP/1.1)
HTTP/1.1 200 OK
content-type: application/json; charset=utf-8
cache-control: no-cache
content-length: 18
date: Sun, 28 Apr 2024 03:25:47 GMT

22:25:47.369 [AsyncHttpClient-1-8] DEBUG org.asynchttpclient.netty.channel.ChannelManager -- Adding key: http://localhost:9923 for channel [id: 0xf69d5a1d, L:/127.0.0.1:63521 - R:localhost/127.0.0.1:9923]
22:25:47.370 [Forwarding isElementEnabled on session 07d8ee0d-94c5-4698-80e6-2a52328be02c to remote] DEBUG org.asynchttpclient.netty.request.NettyRequestSender -- Using pooled Channel '[id: 0xf69d5a1d, L:/127.0.0.1:63521 - R:localhost/127.0.0.1:9923]' for 'GET' to 'http://localhost:9923/session/07d8ee0d-94c5-4698-80e6-2a52328be02c/element/e6a149ce-20ea-470e-a4de-7d4ebe8a3b4d/enabled'
22:25:47.370 [Forwarding isElementEnabled on session 07d8ee0d-94c5-4698-80e6-2a52328be02c to remote] DEBUG org.asynchttpclient.netty.request.NettyRequestSender -- Using open Channel [id: 0xf69d5a1d, L:/127.0.0.1:63521 - R:localhost/127.0.0.1:9923] for GET '/session/07d8ee0d-94c5-4698-80e6-2a52328be02c/element/e6a149ce-20ea-470e-a4de-7d4ebe8a3b4d/enabled'
22:25:47.374 [AsyncHttpClient-1-8] DEBUG org.asynchttpclient.netty.handler.HttpHandler -- 

Request DefaultFullHttpRequest(decodeResult: success, version: HTTP/1.1, content: EmptyByteBufBE)
GET /session/07d8ee0d-94c5-4698-80e6-2a52328be02c/element/e6a149ce-20ea-470e-a4de-7d4ebe8a3b4d/enabled HTTP/1.1
Cache-Control: no-cache
User-Agent: selenium/4.12.0 (java windows)
Content-Type: application/json; charset=utf-8
host: localhost:9923
accept: */*

Response DefaultHttpResponse(decodeResult: success, version: HTTP/1.1)
HTTP/1.1 200 OK
content-type: application/json; charset=utf-8
cache-control: no-cache
content-length: 14
date: Sun, 28 Apr 2024 03:25:47 GMT

22:25:47.374 [AsyncHttpClient-1-8] DEBUG org.asynchttpclient.netty.channel.ChannelManager -- Adding key: http://localhost:9923 for channel [id: 0xf69d5a1d, L:/127.0.0.1:63521 - R:localhost/127.0.0.1:9923]
22:25:47.375 [Forwarding isElementEnabled on session 07d8ee0d-94c5-4698-80e6-2a52328be02c to remote] DEBUG org.asynchttpclient.netty.request.NettyRequestSender -- Using pooled Channel '[id: 0xf69d5a1d, L:/127.0.0.1:63521 - R:localhost/127.0.0.1:9923]' for 'GET' to 'http://localhost:9923/session/07d8ee0d-94c5-4698-80e6-2a52328be02c/element/e6a149ce-20ea-470e-a4de-7d4ebe8a3b4d/enabled'
22:25:47.375 [Forwarding isElementEnabled on session 07d8ee0d-94c5-4698-80e6-2a52328be02c to remote] DEBUG org.asynchttpclient.netty.request.NettyRequestSender -- Using open Channel [id: 0xf69d5a1d, L:/127.0.0.1:63521 - R:localhost/127.0.0.1:9923] for GET '/session/07d8ee0d-94c5-4698-80e6-2a52328be02c/element/e6a149ce-20ea-470e-a4de-7d4ebe8a3b4d/enabled'
22:25:47.378 [AsyncHttpClient-1-8] DEBUG org.asynchttpclient.netty.handler.HttpHandler -- 

Request DefaultFullHttpRequest(decodeResult: success, version: HTTP/1.1, content: EmptyByteBufBE)
GET /session/07d8ee0d-94c5-4698-80e6-2a52328be02c/element/e6a149ce-20ea-470e-a4de-7d4ebe8a3b4d/enabled HTTP/1.1
Cache-Control: no-cache
User-Agent: selenium/4.12.0 (java windows)
Content-Type: application/json; charset=utf-8
host: localhost:9923
accept: */*

Response DefaultHttpResponse(decodeResult: success, version: HTTP/1.1)
HTTP/1.1 200 OK
content-type: application/json; charset=utf-8
cache-control: no-cache
content-length: 14
date: Sun, 28 Apr 2024 03:25:47 GMT

22:25:47.378 [AsyncHttpClient-1-8] DEBUG org.asynchttpclient.netty.channel.ChannelManager -- Adding key: http://localhost:9923 for channel [id: 0xf69d5a1d, L:/127.0.0.1:63521 - R:localhost/127.0.0.1:9923]
22:25:47.380 [Forwarding findElement on session 07d8ee0d-94c5-4698-80e6-2a52328be02c to remote] DEBUG org.asynchttpclient.netty.request.NettyRequestSender -- Using pooled Channel '[id: 0xf69d5a1d, L:/127.0.0.1:63521 - R:localhost/127.0.0.1:9923]' for 'POST' to 'http://localhost:9923/session/07d8ee0d-94c5-4698-80e6-2a52328be02c/element'
22:25:47.380 [Forwarding findElement on session 07d8ee0d-94c5-4698-80e6-2a52328be02c to remote] DEBUG org.asynchttpclient.netty.request.NettyRequestSender -- Using open Channel [id: 0xf69d5a1d, L:/127.0.0.1:63521 - R:localhost/127.0.0.1:9923] for POST '/session/07d8ee0d-94c5-4698-80e6-2a52328be02c/element'
22:25:47.383 [AsyncHttpClient-1-8] DEBUG org.asynchttpclient.netty.handler.HttpHandler -- 

Request DefaultHttpRequest(decodeResult: success, version: HTTP/1.1)
POST /session/07d8ee0d-94c5-4698-80e6-2a52328be02c/element HTTP/1.1
User-Agent: selenium/4.12.0 (java windows)
Content-Length: 116
Content-Type: application/json; charset=utf-8
host: localhost:9923
accept: */*

Response DefaultHttpResponse(decodeResult: success, version: HTTP/1.1)
HTTP/1.1 200 OK
content-type: application/json; charset=utf-8
cache-control: no-cache
content-length: 88
date: Sun, 28 Apr 2024 03:25:47 GMT

22:25:47.383 [AsyncHttpClient-1-8] DEBUG org.asynchttpclient.netty.channel.ChannelManager -- Adding key: http://localhost:9923 for channel [id: 0xf69d5a1d, L:/127.0.0.1:63521 - R:localhost/127.0.0.1:9923]
22:25:47.384 [Forwarding clickElement on session 07d8ee0d-94c5-4698-80e6-2a52328be02c to remote] DEBUG org.asynchttpclient.netty.request.NettyRequestSender -- Using pooled Channel '[id: 0xf69d5a1d, L:/127.0.0.1:63521 - R:localhost/127.0.0.1:9923]' for 'POST' to 'http://localhost:9923/session/07d8ee0d-94c5-4698-80e6-2a52328be02c/element/e6a149ce-20ea-470e-a4de-7d4ebe8a3b4d/click'
22:25:47.384 [Forwarding clickElement on session 07d8ee0d-94c5-4698-80e6-2a52328be02c to remote] DEBUG org.asynchttpclient.netty.request.NettyRequestSender -- Using open Channel [id: 0xf69d5a1d, L:/127.0.0.1:63521 - R:localhost/127.0.0.1:9923] for POST '/session/07d8ee0d-94c5-4698-80e6-2a52328be02c/element/e6a149ce-20ea-470e-a4de-7d4ebe8a3b4d/click'
22:25:47.591 [AsyncHttpClient-1-8] DEBUG org.asynchttpclient.netty.handler.HttpHandler -- 

Request DefaultHttpRequest(decodeResult: success, version: HTTP/1.1)
POST /session/07d8ee0d-94c5-4698-80e6-2a52328be02c/element/e6a149ce-20ea-470e-a4de-7d4ebe8a3b4d/click HTTP/1.1
User-Agent: selenium/4.12.0 (java windows)
Content-Length: 50
Content-Type: application/json; charset=utf-8
host: localhost:9923
accept: */*

Response DefaultHttpResponse(decodeResult: success, version: HTTP/1.1)
HTTP/1.1 200 OK
content-type: application/json; charset=utf-8
cache-control: no-cache
content-length: 14
date: Sun, 28 Apr 2024 03:25:47 GMT

22:25:47.591 [AsyncHttpClient-1-8] DEBUG org.asynchttpclient.netty.channel.ChannelManager -- Adding key: http://localhost:9923 for channel [id: 0xf69d5a1d, L:/127.0.0.1:63521 - R:localhost/127.0.0.1:9923]
22:25:47.594 [Forwarding getAlertText on session 07d8ee0d-94c5-4698-80e6-2a52328be02c to remote] DEBUG org.asynchttpclient.netty.request.NettyRequestSender -- Using pooled Channel '[id: 0xf69d5a1d, L:/127.0.0.1:63521 - R:localhost/127.0.0.1:9923]' for 'GET' to 'http://localhost:9923/session/07d8ee0d-94c5-4698-80e6-2a52328be02c/alert/text'
22:25:47.594 [Forwarding getAlertText on session 07d8ee0d-94c5-4698-80e6-2a52328be02c to remote] DEBUG org.asynchttpclient.netty.request.NettyRequestSender -- Using open Channel [id: 0xf69d5a1d, L:/127.0.0.1:63521 - R:localhost/127.0.0.1:9923] for GET '/session/07d8ee0d-94c5-4698-80e6-2a52328be02c/alert/text'
22:25:47.595 [AsyncHttpClient-1-8] DEBUG org.asynchttpclient.netty.handler.HttpHandler -- 

Request DefaultFullHttpRequest(decodeResult: success, version: HTTP/1.1, content: EmptyByteBufBE)
GET /session/07d8ee0d-94c5-4698-80e6-2a52328be02c/alert/text HTTP/1.1
Cache-Control: no-cache
User-Agent: selenium/4.12.0 (java windows)
Content-Type: application/json; charset=utf-8
host: localhost:9923
accept: */*

Response DefaultHttpResponse(decodeResult: success, version: HTTP/1.1)
HTTP/1.1 404 Not Found
content-type: application/json; charset=utf-8
cache-control: no-cache
content-length: 842
date: Sun, 28 Apr 2024 03:25:47 GMT

22:25:47.595 [AsyncHttpClient-1-8] DEBUG org.asynchttpclient.netty.channel.ChannelManager -- Adding key: http://localhost:9923 for channel [id: 0xf69d5a1d, L:/127.0.0.1:63521 - R:localhost/127.0.0.1:9923]
22:25:47.596 [Forwarding getCurrentUrl on session 07d8ee0d-94c5-4698-80e6-2a52328be02c to remote] DEBUG org.asynchttpclient.netty.request.NettyRequestSender -- Using pooled Channel '[id: 0xf69d5a1d, L:/127.0.0.1:63521 - R:localhost/127.0.0.1:9923]' for 'GET' to 'http://localhost:9923/session/07d8ee0d-94c5-4698-80e6-2a52328be02c/url'
22:25:47.596 [Forwarding getCurrentUrl on session 07d8ee0d-94c5-4698-80e6-2a52328be02c to remote] DEBUG org.asynchttpclient.netty.request.NettyRequestSender -- Using open Channel [id: 0xf69d5a1d, L:/127.0.0.1:63521 - R:localhost/127.0.0.1:9923] for GET '/session/07d8ee0d-94c5-4698-80e6-2a52328be02c/url'
22:25:47.597 [AsyncHttpClient-1-8] DEBUG org.asynchttpclient.netty.handler.HttpHandler -- 

Request DefaultFullHttpRequest(decodeResult: success, version: HTTP/1.1, content: EmptyByteBufBE)
GET /session/07d8ee0d-94c5-4698-80e6-2a52328be02c/url HTTP/1.1
Cache-Control: no-cache
User-Agent: selenium/4.12.0 (java windows)
Content-Type: application/json; charset=utf-8
host: localhost:9923
accept: */*

Response DefaultHttpResponse(decodeResult: success, version: HTTP/1.1)
HTTP/1.1 200 OK
content-type: application/json; charset=utf-8
cache-control: no-cache
content-length: 38
date: Sun, 28 Apr 2024 03:25:47 GMT

22:25:47.597 [AsyncHttpClient-1-8] DEBUG org.asynchttpclient.netty.channel.ChannelManager -- Adding key: http://localhost:9923 for channel [id: 0xf69d5a1d, L:/127.0.0.1:63521 - R:localhost/127.0.0.1:9923]
22:25:47.597 [Forwarding screenshot on session 07d8ee0d-94c5-4698-80e6-2a52328be02c to remote] DEBUG org.asynchttpclient.netty.request.NettyRequestSender -- Using pooled Channel '[id: 0xf69d5a1d, L:/127.0.0.1:63521 - R:localhost/127.0.0.1:9923]' for 'GET' to 'http://localhost:9923/session/07d8ee0d-94c5-4698-80e6-2a52328be02c/screenshot'
22:25:47.598 [Forwarding screenshot on session 07d8ee0d-94c5-4698-80e6-2a52328be02c to remote] DEBUG org.asynchttpclient.netty.request.NettyRequestSender -- Using open Channel [id: 0xf69d5a1d, L:/127.0.0.1:63521 - R:localhost/127.0.0.1:9923] for GET '/session/07d8ee0d-94c5-4698-80e6-2a52328be02c/screenshot'
22:25:47.663 [AsyncHttpClient-1-8] DEBUG org.asynchttpclient.netty.handler.HttpHandler -- 

Request DefaultFullHttpRequest(decodeResult: success, version: HTTP/1.1, content: EmptyByteBufBE)
GET /session/07d8ee0d-94c5-4698-80e6-2a52328be02c/screenshot HTTP/1.1
Cache-Control: no-cache
User-Agent: selenium/4.12.0 (java windows)
Content-Type: application/json; charset=utf-8
host: localhost:9923
accept: */*

Response DefaultHttpResponse(decodeResult: success, version: HTTP/1.1)
HTTP/1.1 200 OK
content-type: application/json; charset=utf-8
cache-control: no-cache
content-length: 480168
date: Sun, 28 Apr 2024 03:25:47 GMT

22:25:47.664 [AsyncHttpClient-1-8] DEBUG org.asynchttpclient.netty.channel.ChannelManager -- Adding key: http://localhost:9923 for channel [id: 0xf69d5a1d, L:/127.0.0.1:63521 - R:localhost/127.0.0.1:9923]
22:25:47.670 [main] DEBUG net.serenitybdd.core.photography.Darkroom -- Send negative for processing for C:\Users\USUARIO\OneDrive\Documentos\02 Automatización\03 Pragma\pragma\pragma\target\site\serenity\e74e0b78a396442ca9ea23941790f172b853bdc93e7fc59913633c726c6f41bb.png
22:25:47.670 [Darkroom Processing Line] DEBUG net.serenitybdd.core.photography.DarkroomProcessingLine -- Processing screenshot image in /var/screenshots/screenshot-2848114139217231468
22:25:47.670 [Darkroom Processing Line] DEBUG net.serenitybdd.core.photography.DarkroomProcessingLine -- Saving screenshot to C:\Users\USUARIO\OneDrive\Documentos\02 Automatización\03 Pragma\pragma\pragma\target\site\serenity\e74e0b78a396442ca9ea23941790f172b853bdc93e7fc59913633c726c6f41bb.png
22:25:48.115 [AsyncHttpClient-1-1] DEBUG org.asynchttpclient.netty.channel.DefaultChannelPool -- Entry count for : http://localhost:9923 : 1
22:25:48.673 [main] DEBUG net.thucydides.core.steps.StepInterceptor -- STEP DONE: registro
22:25:48.682 [Forwarding getAlertText on session 07d8ee0d-94c5-4698-80e6-2a52328be02c to remote] DEBUG org.asynchttpclient.netty.request.NettyRequestSender -- Using pooled Channel '[id: 0xf69d5a1d, L:/127.0.0.1:63521 - R:localhost/127.0.0.1:9923]' for 'GET' to 'http://localhost:9923/session/07d8ee0d-94c5-4698-80e6-2a52328be02c/alert/text'
22:25:48.682 [Forwarding getAlertText on session 07d8ee0d-94c5-4698-80e6-2a52328be02c to remote] DEBUG org.asynchttpclient.netty.request.NettyRequestSender -- Using open Channel [id: 0xf69d5a1d, L:/127.0.0.1:63521 - R:localhost/127.0.0.1:9923] for GET '/session/07d8ee0d-94c5-4698-80e6-2a52328be02c/alert/text'
22:25:48.684 [AsyncHttpClient-1-8] DEBUG org.asynchttpclient.netty.handler.HttpHandler -- 

Request DefaultFullHttpRequest(decodeResult: success, version: HTTP/1.1, content: EmptyByteBufBE)
GET /session/07d8ee0d-94c5-4698-80e6-2a52328be02c/alert/text HTTP/1.1
Cache-Control: no-cache
User-Agent: selenium/4.12.0 (java windows)
Content-Type: application/json; charset=utf-8
host: localhost:9923
accept: */*

Response DefaultHttpResponse(decodeResult: success, version: HTTP/1.1)
HTTP/1.1 200 OK
content-type: application/json; charset=utf-8
cache-control: no-cache
content-length: 31
date: Sun, 28 Apr 2024 03:25:48 GMT

22:25:48.684 [AsyncHttpClient-1-8] DEBUG org.asynchttpclient.netty.channel.ChannelManager -- Adding key: http://localhost:9923 for channel [id: 0xf69d5a1d, L:/127.0.0.1:63521 - R:localhost/127.0.0.1:9923]
22:25:49.215 [AsyncHttpClient-1-1] DEBUG org.asynchttpclient.netty.channel.DefaultChannelPool -- Entry count for : http://localhost:9923 : 1
22:25:49.693 [main] DEBUG net.thucydides.core.steps.StepInterceptor -- STARTING STEP: StepInterceptor.testContext - validarRegistroExitoso
22:25:49.694 [Forwarding getAlertText on session 07d8ee0d-94c5-4698-80e6-2a52328be02c to remote] DEBUG org.asynchttpclient.netty.request.NettyRequestSender -- Using pooled Channel '[id: 0xf69d5a1d, L:/127.0.0.1:63521 - R:localhost/127.0.0.1:9923]' for 'GET' to 'http://localhost:9923/session/07d8ee0d-94c5-4698-80e6-2a52328be02c/alert/text'
22:25:49.694 [Forwarding getAlertText on session 07d8ee0d-94c5-4698-80e6-2a52328be02c to remote] DEBUG org.asynchttpclient.netty.request.NettyRequestSender -- Using open Channel [id: 0xf69d5a1d, L:/127.0.0.1:63521 - R:localhost/127.0.0.1:9923] for GET '/session/07d8ee0d-94c5-4698-80e6-2a52328be02c/alert/text'
22:25:49.696 [AsyncHttpClient-1-8] DEBUG org.asynchttpclient.netty.handler.HttpHandler -- 

Request DefaultFullHttpRequest(decodeResult: success, version: HTTP/1.1, content: EmptyByteBufBE)
GET /session/07d8ee0d-94c5-4698-80e6-2a52328be02c/alert/text HTTP/1.1
Cache-Control: no-cache
User-Agent: selenium/4.12.0 (java windows)
Content-Type: application/json; charset=utf-8
host: localhost:9923
accept: */*

Response DefaultHttpResponse(decodeResult: success, version: HTTP/1.1)
HTTP/1.1 200 OK
content-type: application/json; charset=utf-8
cache-control: no-cache
content-length: 31
date: Sun, 28 Apr 2024 03:25:49 GMT

22:25:49.697 [AsyncHttpClient-1-8] DEBUG org.asynchttpclient.netty.channel.ChannelManager -- Adding key: http://localhost:9923 for channel [id: 0xf69d5a1d, L:/127.0.0.1:63521 - R:localhost/127.0.0.1:9923]
22:25:49.699 [Forwarding getAlertText on session 07d8ee0d-94c5-4698-80e6-2a52328be02c to remote] DEBUG org.asynchttpclient.netty.request.NettyRequestSender -- Using pooled Channel '[id: 0xf69d5a1d, L:/127.0.0.1:63521 - R:localhost/127.0.0.1:9923]' for 'GET' to 'http://localhost:9923/session/07d8ee0d-94c5-4698-80e6-2a52328be02c/alert/text'
22:25:49.699 [Forwarding getAlertText on session 07d8ee0d-94c5-4698-80e6-2a52328be02c to remote] DEBUG org.asynchttpclient.netty.request.NettyRequestSender -- Using open Channel [id: 0xf69d5a1d, L:/127.0.0.1:63521 - R:localhost/127.0.0.1:9923] for GET '/session/07d8ee0d-94c5-4698-80e6-2a52328be02c/alert/text'
22:25:49.700 [AsyncHttpClient-1-8] DEBUG org.asynchttpclient.netty.handler.HttpHandler -- 

Request DefaultFullHttpRequest(decodeResult: success, version: HTTP/1.1, content: EmptyByteBufBE)
GET /session/07d8ee0d-94c5-4698-80e6-2a52328be02c/alert/text HTTP/1.1
Cache-Control: no-cache
User-Agent: selenium/4.12.0 (java windows)
Content-Type: application/json; charset=utf-8
host: localhost:9923
accept: */*

Response DefaultHttpResponse(decodeResult: success, version: HTTP/1.1)
HTTP/1.1 200 OK
content-type: application/json; charset=utf-8
cache-control: no-cache
content-length: 31
date: Sun, 28 Apr 2024 03:25:49 GMT

22:25:49.700 [AsyncHttpClient-1-8] DEBUG org.asynchttpclient.netty.channel.ChannelManager -- Adding key: http://localhost:9923 for channel [id: 0xf69d5a1d, L:/127.0.0.1:63521 - R:localhost/127.0.0.1:9923]
22:25:49.701 [Forwarding getAlertText on session 07d8ee0d-94c5-4698-80e6-2a52328be02c to remote] DEBUG org.asynchttpclient.netty.request.NettyRequestSender -- Using pooled Channel '[id: 0xf69d5a1d, L:/127.0.0.1:63521 - R:localhost/127.0.0.1:9923]' for 'GET' to 'http://localhost:9923/session/07d8ee0d-94c5-4698-80e6-2a52328be02c/alert/text'
22:25:49.701 [Forwarding getAlertText on session 07d8ee0d-94c5-4698-80e6-2a52328be02c to remote] DEBUG org.asynchttpclient.netty.request.NettyRequestSender -- Using open Channel [id: 0xf69d5a1d, L:/127.0.0.1:63521 - R:localhost/127.0.0.1:9923] for GET '/session/07d8ee0d-94c5-4698-80e6-2a52328be02c/alert/text'
22:25:49.702 [AsyncHttpClient-1-8] DEBUG org.asynchttpclient.netty.handler.HttpHandler -- 

Request DefaultFullHttpRequest(decodeResult: success, version: HTTP/1.1, content: EmptyByteBufBE)
GET /session/07d8ee0d-94c5-4698-80e6-2a52328be02c/alert/text HTTP/1.1
Cache-Control: no-cache
User-Agent: selenium/4.12.0 (java windows)
Content-Type: application/json; charset=utf-8
host: localhost:9923
accept: */*

Response DefaultHttpResponse(decodeResult: success, version: HTTP/1.1)
HTTP/1.1 200 OK
content-type: application/json; charset=utf-8
cache-control: no-cache
content-length: 31
date: Sun, 28 Apr 2024 03:25:49 GMT

22:25:49.702 [AsyncHttpClient-1-8] DEBUG org.asynchttpclient.netty.channel.ChannelManager -- Adding key: http://localhost:9923 for channel [id: 0xf69d5a1d, L:/127.0.0.1:63521 - R:localhost/127.0.0.1:9923]
22:25:49.703 [Forwarding getAlertText on session 07d8ee0d-94c5-4698-80e6-2a52328be02c to remote] DEBUG org.asynchttpclient.netty.request.NettyRequestSender -- Using pooled Channel '[id: 0xf69d5a1d, L:/127.0.0.1:63521 - R:localhost/127.0.0.1:9923]' for 'GET' to 'http://localhost:9923/session/07d8ee0d-94c5-4698-80e6-2a52328be02c/alert/text'
22:25:49.703 [Forwarding getAlertText on session 07d8ee0d-94c5-4698-80e6-2a52328be02c to remote] DEBUG org.asynchttpclient.netty.request.NettyRequestSender -- Using open Channel [id: 0xf69d5a1d, L:/127.0.0.1:63521 - R:localhost/127.0.0.1:9923] for GET '/session/07d8ee0d-94c5-4698-80e6-2a52328be02c/alert/text'
22:25:49.704 [AsyncHttpClient-1-8] DEBUG org.asynchttpclient.netty.handler.HttpHandler -- 

Request DefaultFullHttpRequest(decodeResult: success, version: HTTP/1.1, content: EmptyByteBufBE)
GET /session/07d8ee0d-94c5-4698-80e6-2a52328be02c/alert/text HTTP/1.1
Cache-Control: no-cache
User-Agent: selenium/4.12.0 (java windows)
Content-Type: application/json; charset=utf-8
host: localhost:9923
accept: */*

Response DefaultHttpResponse(decodeResult: success, version: HTTP/1.1)
HTTP/1.1 200 OK
content-type: application/json; charset=utf-8
cache-control: no-cache
content-length: 31
date: Sun, 28 Apr 2024 03:25:49 GMT

22:25:49.704 [AsyncHttpClient-1-8] DEBUG org.asynchttpclient.netty.channel.ChannelManager -- Adding key: http://localhost:9923 for channel [id: 0xf69d5a1d, L:/127.0.0.1:63521 - R:localhost/127.0.0.1:9923]
>>>> Cliente registrado con exito !!
22:25:49.707 [Forwarding getAlertText on session 07d8ee0d-94c5-4698-80e6-2a52328be02c to remote] DEBUG org.asynchttpclient.netty.request.NettyRequestSender -- Using pooled Channel '[id: 0xf69d5a1d, L:/127.0.0.1:63521 - R:localhost/127.0.0.1:9923]' for 'GET' to 'http://localhost:9923/session/07d8ee0d-94c5-4698-80e6-2a52328be02c/alert/text'
22:25:49.707 [Forwarding getAlertText on session 07d8ee0d-94c5-4698-80e6-2a52328be02c to remote] DEBUG org.asynchttpclient.netty.request.NettyRequestSender -- Using open Channel [id: 0xf69d5a1d, L:/127.0.0.1:63521 - R:localhost/127.0.0.1:9923] for GET '/session/07d8ee0d-94c5-4698-80e6-2a52328be02c/alert/text'
22:25:49.708 [AsyncHttpClient-1-8] DEBUG org.asynchttpclient.netty.handler.HttpHandler -- 

Request DefaultFullHttpRequest(decodeResult: success, version: HTTP/1.1, content: EmptyByteBufBE)
GET /session/07d8ee0d-94c5-4698-80e6-2a52328be02c/alert/text HTTP/1.1
Cache-Control: no-cache
User-Agent: selenium/4.12.0 (java windows)
Content-Type: application/json; charset=utf-8
host: localhost:9923
accept: */*

Response DefaultHttpResponse(decodeResult: success, version: HTTP/1.1)
HTTP/1.1 200 OK
content-type: application/json; charset=utf-8
cache-control: no-cache
content-length: 31
date: Sun, 28 Apr 2024 03:25:49 GMT

22:25:49.708 [AsyncHttpClient-1-8] DEBUG org.asynchttpclient.netty.channel.ChannelManager -- Adding key: http://localhost:9923 for channel [id: 0xf69d5a1d, L:/127.0.0.1:63521 - R:localhost/127.0.0.1:9923]
22:25:49.709 [Forwarding getPageSource on session 07d8ee0d-94c5-4698-80e6-2a52328be02c to remote] DEBUG org.asynchttpclient.netty.request.NettyRequestSender -- Using pooled Channel '[id: 0xf69d5a1d, L:/127.0.0.1:63521 - R:localhost/127.0.0.1:9923]' for 'POST' to 'http://localhost:9923/session/07d8ee0d-94c5-4698-80e6-2a52328be02c/execute/sync'
22:25:49.709 [Forwarding getPageSource on session 07d8ee0d-94c5-4698-80e6-2a52328be02c to remote] DEBUG org.asynchttpclient.netty.request.NettyRequestSender -- Using open Channel [id: 0xf69d5a1d, L:/127.0.0.1:63521 - R:localhost/127.0.0.1:9923] for POST '/session/07d8ee0d-94c5-4698-80e6-2a52328be02c/execute/sync'
22:25:49.715 [AsyncHttpClient-1-8] DEBUG org.asynchttpclient.netty.handler.HttpHandler -- 

Request DefaultHttpRequest(decodeResult: success, version: HTTP/1.1)
POST /session/07d8ee0d-94c5-4698-80e6-2a52328be02c/execute/sync HTTP/1.1
User-Agent: selenium/4.12.0 (java windows)
Content-Length: 176
Content-Type: application/json; charset=utf-8
host: localhost:9923
accept: */*

Response DefaultHttpResponse(decodeResult: success, version: HTTP/1.1)
HTTP/1.1 500 Internal Server Error
content-type: application/json; charset=utf-8
cache-control: no-cache
content-length: 455
date: Sun, 28 Apr 2024 03:25:49 GMT

22:25:49.715 [AsyncHttpClient-1-8] DEBUG org.asynchttpclient.netty.channel.ChannelManager -- Adding key: http://localhost:9923 for channel [id: 0xf69d5a1d, L:/127.0.0.1:63521 - R:localhost/127.0.0.1:9923]
22:25:49.742 [Forwarding getCurrentUrl on session 07d8ee0d-94c5-4698-80e6-2a52328be02c to remote] DEBUG org.asynchttpclient.netty.request.NettyRequestSender -- Using pooled Channel '[id: 0xf69d5a1d, L:/127.0.0.1:63521 - R:localhost/127.0.0.1:9923]' for 'GET' to 'http://localhost:9923/session/07d8ee0d-94c5-4698-80e6-2a52328be02c/url'
22:25:49.742 [Forwarding getCurrentUrl on session 07d8ee0d-94c5-4698-80e6-2a52328be02c to remote] DEBUG org.asynchttpclient.netty.request.NettyRequestSender -- Using open Channel [id: 0xf69d5a1d, L:/127.0.0.1:63521 - R:localhost/127.0.0.1:9923] for GET '/session/07d8ee0d-94c5-4698-80e6-2a52328be02c/url'
22:25:49.743 [AsyncHttpClient-1-8] DEBUG org.asynchttpclient.netty.handler.HttpHandler -- 

Request DefaultFullHttpRequest(decodeResult: success, version: HTTP/1.1, content: EmptyByteBufBE)
GET /session/07d8ee0d-94c5-4698-80e6-2a52328be02c/url HTTP/1.1
Cache-Control: no-cache
User-Agent: selenium/4.12.0 (java windows)
Content-Type: application/json; charset=utf-8
host: localhost:9923
accept: */*

Response DefaultHttpResponse(decodeResult: success, version: HTTP/1.1)
HTTP/1.1 200 OK
content-type: application/json; charset=utf-8
cache-control: no-cache
content-length: 38
date: Sun, 28 Apr 2024 03:25:49 GMT

22:25:49.743 [AsyncHttpClient-1-8] DEBUG org.asynchttpclient.netty.channel.ChannelManager -- Adding key: http://localhost:9923 for channel [id: 0xf69d5a1d, L:/127.0.0.1:63521 - R:localhost/127.0.0.1:9923]
22:25:49.748 [Forwarding getAlertText on session 07d8ee0d-94c5-4698-80e6-2a52328be02c to remote] DEBUG org.asynchttpclient.netty.request.NettyRequestSender -- Using pooled Channel '[id: 0xf69d5a1d, L:/127.0.0.1:63521 - R:localhost/127.0.0.1:9923]' for 'GET' to 'http://localhost:9923/session/07d8ee0d-94c5-4698-80e6-2a52328be02c/alert/text'
22:25:49.748 [Forwarding getAlertText on session 07d8ee0d-94c5-4698-80e6-2a52328be02c to remote] DEBUG org.asynchttpclient.netty.request.NettyRequestSender -- Using open Channel [id: 0xf69d5a1d, L:/127.0.0.1:63521 - R:localhost/127.0.0.1:9923] for GET '/session/07d8ee0d-94c5-4698-80e6-2a52328be02c/alert/text'
22:25:49.750 [AsyncHttpClient-1-8] DEBUG org.asynchttpclient.netty.handler.HttpHandler -- 

Request DefaultFullHttpRequest(decodeResult: success, version: HTTP/1.1, content: EmptyByteBufBE)
GET /session/07d8ee0d-94c5-4698-80e6-2a52328be02c/alert/text HTTP/1.1
Cache-Control: no-cache
User-Agent: selenium/4.12.0 (java windows)
Content-Type: application/json; charset=utf-8
host: localhost:9923
accept: */*

Response DefaultHttpResponse(decodeResult: success, version: HTTP/1.1)
HTTP/1.1 404 Not Found
content-type: application/json; charset=utf-8
cache-control: no-cache
content-length: 842
date: Sun, 28 Apr 2024 03:25:49 GMT

22:25:49.751 [AsyncHttpClient-1-8] DEBUG org.asynchttpclient.netty.channel.ChannelManager -- Adding key: http://localhost:9923 for channel [id: 0xf69d5a1d, L:/127.0.0.1:63521 - R:localhost/127.0.0.1:9923]
22:25:49.752 [Forwarding getCurrentUrl on session 07d8ee0d-94c5-4698-80e6-2a52328be02c to remote] DEBUG org.asynchttpclient.netty.request.NettyRequestSender -- Using pooled Channel '[id: 0xf69d5a1d, L:/127.0.0.1:63521 - R:localhost/127.0.0.1:9923]' for 'GET' to 'http://localhost:9923/session/07d8ee0d-94c5-4698-80e6-2a52328be02c/url'
22:25:49.752 [Forwarding getCurrentUrl on session 07d8ee0d-94c5-4698-80e6-2a52328be02c to remote] DEBUG org.asynchttpclient.netty.request.NettyRequestSender -- Using open Channel [id: 0xf69d5a1d, L:/127.0.0.1:63521 - R:localhost/127.0.0.1:9923] for GET '/session/07d8ee0d-94c5-4698-80e6-2a52328be02c/url'
22:25:49.753 [AsyncHttpClient-1-8] DEBUG org.asynchttpclient.netty.handler.HttpHandler -- 

Request DefaultFullHttpRequest(decodeResult: success, version: HTTP/1.1, content: EmptyByteBufBE)
GET /session/07d8ee0d-94c5-4698-80e6-2a52328be02c/url HTTP/1.1
Cache-Control: no-cache
User-Agent: selenium/4.12.0 (java windows)
Content-Type: application/json; charset=utf-8
host: localhost:9923
accept: */*

Response DefaultHttpResponse(decodeResult: success, version: HTTP/1.1)
HTTP/1.1 200 OK
content-type: application/json; charset=utf-8
cache-control: no-cache
content-length: 38
date: Sun, 28 Apr 2024 03:25:49 GMT

22:25:49.753 [AsyncHttpClient-1-8] DEBUG org.asynchttpclient.netty.channel.ChannelManager -- Adding key: http://localhost:9923 for channel [id: 0xf69d5a1d, L:/127.0.0.1:63521 - R:localhost/127.0.0.1:9923]
22:25:49.753 [Forwarding screenshot on session 07d8ee0d-94c5-4698-80e6-2a52328be02c to remote] DEBUG org.asynchttpclient.netty.request.NettyRequestSender -- Using pooled Channel '[id: 0xf69d5a1d, L:/127.0.0.1:63521 - R:localhost/127.0.0.1:9923]' for 'GET' to 'http://localhost:9923/session/07d8ee0d-94c5-4698-80e6-2a52328be02c/screenshot'
22:25:49.753 [Forwarding screenshot on session 07d8ee0d-94c5-4698-80e6-2a52328be02c to remote] DEBUG org.asynchttpclient.netty.request.NettyRequestSender -- Using open Channel [id: 0xf69d5a1d, L:/127.0.0.1:63521 - R:localhost/127.0.0.1:9923] for GET '/session/07d8ee0d-94c5-4698-80e6-2a52328be02c/screenshot'
22:25:49.826 [AsyncHttpClient-1-8] DEBUG org.asynchttpclient.netty.handler.HttpHandler -- 

Request DefaultFullHttpRequest(decodeResult: success, version: HTTP/1.1, content: EmptyByteBufBE)
GET /session/07d8ee0d-94c5-4698-80e6-2a52328be02c/screenshot HTTP/1.1
Cache-Control: no-cache
User-Agent: selenium/4.12.0 (java windows)
Content-Type: application/json; charset=utf-8
host: localhost:9923
accept: */*

Response DefaultHttpResponse(decodeResult: success, version: HTTP/1.1)
HTTP/1.1 200 OK
content-type: application/json; charset=utf-8
cache-control: no-cache
content-length: 927304
date: Sun, 28 Apr 2024 03:25:49 GMT

22:25:49.827 [AsyncHttpClient-1-8] DEBUG org.asynchttpclient.netty.channel.ChannelManager -- Adding key: http://localhost:9923 for channel [id: 0xf69d5a1d, L:/127.0.0.1:63521 - R:localhost/127.0.0.1:9923]
22:25:49.836 [main] DEBUG net.serenitybdd.core.photography.Darkroom -- Send negative for processing for C:\Users\USUARIO\OneDrive\Documentos\02 Automatización\03 Pragma\pragma\pragma\target\site\serenity\ae582ce275256e6cb60093eca4c1dc8c6362a94b27319a3d0bfa49d9b1cb3db2.png
22:25:49.836 [Darkroom Processing Line] DEBUG net.serenitybdd.core.photography.DarkroomProcessingLine -- Processing screenshot image in /var/screenshots/screenshot-16163786214966639102
22:25:49.836 [Darkroom Processing Line] DEBUG net.serenitybdd.core.photography.DarkroomProcessingLine -- Saving screenshot to C:\Users\USUARIO\OneDrive\Documentos\02 Automatización\03 Pragma\pragma\pragma\target\site\serenity\ae582ce275256e6cb60093eca4c1dc8c6362a94b27319a3d0bfa49d9b1cb3db2.png
22:25:50.313 [AsyncHttpClient-1-1] DEBUG org.asynchttpclient.netty.channel.DefaultChannelPool -- Entry count for : http://localhost:9923 : 1
22:25:50.838 [main] DEBUG net.thucydides.core.steps.StepInterceptor -- STEP DONE: validarRegistroExitoso
22:25:50.841 [Forwarding getAlertText on session 07d8ee0d-94c5-4698-80e6-2a52328be02c to remote] DEBUG org.asynchttpclient.netty.request.NettyRequestSender -- Using pooled Channel '[id: 0xf69d5a1d, L:/127.0.0.1:63521 - R:localhost/127.0.0.1:9923]' for 'GET' to 'http://localhost:9923/session/07d8ee0d-94c5-4698-80e6-2a52328be02c/alert/text'
22:25:50.841 [Forwarding getAlertText on session 07d8ee0d-94c5-4698-80e6-2a52328be02c to remote] DEBUG org.asynchttpclient.netty.request.NettyRequestSender -- Using open Channel [id: 0xf69d5a1d, L:/127.0.0.1:63521 - R:localhost/127.0.0.1:9923] for GET '/session/07d8ee0d-94c5-4698-80e6-2a52328be02c/alert/text'
22:25:50.845 [AsyncHttpClient-1-8] DEBUG org.asynchttpclient.netty.handler.HttpHandler -- 

Request DefaultFullHttpRequest(decodeResult: success, version: HTTP/1.1, content: EmptyByteBufBE)
GET /session/07d8ee0d-94c5-4698-80e6-2a52328be02c/alert/text HTTP/1.1
Cache-Control: no-cache
User-Agent: selenium/4.12.0 (java windows)
Content-Type: application/json; charset=utf-8
host: localhost:9923
accept: */*

Response DefaultHttpResponse(decodeResult: success, version: HTTP/1.1)
HTTP/1.1 404 Not Found
content-type: application/json; charset=utf-8
cache-control: no-cache
content-length: 842
date: Sun, 28 Apr 2024 03:25:50 GMT

22:25:50.845 [AsyncHttpClient-1-8] DEBUG org.asynchttpclient.netty.channel.ChannelManager -- Adding key: http://localhost:9923 for channel [id: 0xf69d5a1d, L:/127.0.0.1:63521 - R:localhost/127.0.0.1:9923]
22:25:50.845 [Forwarding getCurrentUrl on session 07d8ee0d-94c5-4698-80e6-2a52328be02c to remote] DEBUG org.asynchttpclient.netty.request.NettyRequestSender -- Using pooled Channel '[id: 0xf69d5a1d, L:/127.0.0.1:63521 - R:localhost/127.0.0.1:9923]' for 'GET' to 'http://localhost:9923/session/07d8ee0d-94c5-4698-80e6-2a52328be02c/url'
22:25:50.845 [Forwarding getCurrentUrl on session 07d8ee0d-94c5-4698-80e6-2a52328be02c to remote] DEBUG org.asynchttpclient.netty.request.NettyRequestSender -- Using open Channel [id: 0xf69d5a1d, L:/127.0.0.1:63521 - R:localhost/127.0.0.1:9923] for GET '/session/07d8ee0d-94c5-4698-80e6-2a52328be02c/url'
22:25:50.845 [AsyncHttpClient-1-8] DEBUG org.asynchttpclient.netty.handler.HttpHandler -- 

Request DefaultFullHttpRequest(decodeResult: success, version: HTTP/1.1, content: EmptyByteBufBE)
GET /session/07d8ee0d-94c5-4698-80e6-2a52328be02c/url HTTP/1.1
Cache-Control: no-cache
User-Agent: selenium/4.12.0 (java windows)
Content-Type: application/json; charset=utf-8
host: localhost:9923
accept: */*

Response DefaultHttpResponse(decodeResult: success, version: HTTP/1.1)
HTTP/1.1 200 OK
content-type: application/json; charset=utf-8
cache-control: no-cache
content-length: 38
date: Sun, 28 Apr 2024 03:25:50 GMT

22:25:50.845 [AsyncHttpClient-1-8] DEBUG org.asynchttpclient.netty.channel.ChannelManager -- Adding key: http://localhost:9923 for channel [id: 0xf69d5a1d, L:/127.0.0.1:63521 - R:localhost/127.0.0.1:9923]
22:25:50.845 [Forwarding screenshot on session 07d8ee0d-94c5-4698-80e6-2a52328be02c to remote] DEBUG org.asynchttpclient.netty.request.NettyRequestSender -- Using pooled Channel '[id: 0xf69d5a1d, L:/127.0.0.1:63521 - R:localhost/127.0.0.1:9923]' for 'GET' to 'http://localhost:9923/session/07d8ee0d-94c5-4698-80e6-2a52328be02c/screenshot'
22:25:50.845 [Forwarding screenshot on session 07d8ee0d-94c5-4698-80e6-2a52328be02c to remote] DEBUG org.asynchttpclient.netty.request.NettyRequestSender -- Using open Channel [id: 0xf69d5a1d, L:/127.0.0.1:63521 - R:localhost/127.0.0.1:9923] for GET '/session/07d8ee0d-94c5-4698-80e6-2a52328be02c/screenshot'
22:25:50.918 [AsyncHttpClient-1-8] DEBUG org.asynchttpclient.netty.handler.HttpHandler -- 

Request DefaultFullHttpRequest(decodeResult: success, version: HTTP/1.1, content: EmptyByteBufBE)
GET /session/07d8ee0d-94c5-4698-80e6-2a52328be02c/screenshot HTTP/1.1
Cache-Control: no-cache
User-Agent: selenium/4.12.0 (java windows)
Content-Type: application/json; charset=utf-8
host: localhost:9923
accept: */*

Response DefaultHttpResponse(decodeResult: success, version: HTTP/1.1)
HTTP/1.1 200 OK
content-type: application/json; charset=utf-8
cache-control: no-cache
content-length: 928016
date: Sun, 28 Apr 2024 03:25:50 GMT

22:25:50.918 [AsyncHttpClient-1-8] DEBUG org.asynchttpclient.netty.channel.ChannelManager -- Adding key: http://localhost:9923 for channel [id: 0xf69d5a1d, L:/127.0.0.1:63521 - R:localhost/127.0.0.1:9923]
22:25:50.926 [main] DEBUG net.serenitybdd.core.photography.Darkroom -- Send negative for processing for C:\Users\USUARIO\OneDrive\Documentos\02 Automatización\03 Pragma\pragma\pragma\target\site\serenity\17d38076a311c06528d20fc8f3a562bd3db9bae07a62f3ef0564395983d00e91.png
22:25:50.926 [Darkroom Processing Line] DEBUG net.serenitybdd.core.photography.DarkroomProcessingLine -- Processing screenshot image in /var/screenshots/screenshot-14566748700690329309
22:25:50.930 [Darkroom Processing Line] DEBUG net.serenitybdd.core.photography.DarkroomProcessingLine -- Saving screenshot to C:\Users\USUARIO\OneDrive\Documentos\02 Automatización\03 Pragma\pragma\pragma\target\site\serenity\17d38076a311c06528d20fc8f3a562bd3db9bae07a62f3ef0564395983d00e91.png
22:25:51.417 [AsyncHttpClient-1-1] DEBUG org.asynchttpclient.netty.channel.DefaultChannelPool -- Entry count for : http://localhost:9923 : 1
22:25:51.941 [main] INFO  -- &amp#27;[92m
  _____   ___   ___   _____     ___     _     ___   ___   ___   ___  
 |_   _| | __| / __| |_   _|   | _ \   /_\   / __| / __| | __| |   \ 
   | |   | _|  \__ \   | |     |  _/  / _ \  \__ \ \__ \ | _|  | |) |
   |_|   |___| |___/   |_|     |_|   /_/ \_\ |___/ |___/ |___| |___/ 

Registrase en el portal demoblaze.com
----------------------------------------------------------------------&amp#27;[0m
22:25:51.943 [AsyncHttpClient-1-10] DEBUG org.asynchttpclient.netty.channel.NettyConnectListener -- Using new Channel '[id: 0x7fed278b, L:/127.0.0.1:63615 - R:/127.0.0.1:24569]' for 'GET' to '/devtools/browser/1abb5765-f34b-49ea-bf4e-3fabe3e09b56'
22:25:51.947 [AsyncHttpClient-1-10] DEBUG org.asynchttpclient.netty.handler.WebSocketHandler -- 

Request DefaultFullHttpRequest(decodeResult: success, version: HTTP/1.1, content: EmptyByteBufBE)
GET /devtools/browser/1abb5765-f34b-49ea-bf4e-3fabe3e09b56 HTTP/1.1
upgrade: websocket
connection: upgrade
sec-websocket-key: PdSZmnbJScZFtJuE50JNrQ==
sec-websocket-version: 13
origin: http://127.0.0.1:24569
host: 127.0.0.1:24569
accept: */*
user-agent: AHC/2.1

Response DefaultHttpResponse(decodeResult: success, version: HTTP/1.1)
HTTP/1.1 101 Switching Protocols
Server: httpd.js
Upgrade: websocket
Connection: Upgrade
Sec-WebSocket-Accept: dxyDeAkGtiG9uOc6//+m36t9COE=
Content-Length: 0

22:25:51.947 [Driver Command Executor] DEBUG org.asynchttpclient.netty.request.NettyRequestSender -- Using pooled Channel '[id: 0xf69d5a1d, L:/127.0.0.1:63521 - R:localhost/127.0.0.1:9923]' for 'DELETE' to 'http://localhost:9923/session/07d8ee0d-94c5-4698-80e6-2a52328be02c'
22:25:51.947 [Driver Command Executor] DEBUG org.asynchttpclient.netty.request.NettyRequestSender -- Using open Channel [id: 0xf69d5a1d, L:/127.0.0.1:63521 - R:localhost/127.0.0.1:9923] for DELETE '/session/07d8ee0d-94c5-4698-80e6-2a52328be02c'
22:25:51.947 [AsyncHttpClient-1-10] DEBUG org.asynchttpclient.netty.handler.WebSocketHandler -- Channel Closed: [id: 0x7fed278b, L:/127.0.0.1:63615 ! R:/127.0.0.1:24569] with attribute DISCARD
22:25:52.535 [AsyncHttpClient-1-8] DEBUG org.asynchttpclient.netty.handler.HttpHandler -- 

Request DefaultFullHttpRequest(decodeResult: success, version: HTTP/1.1, content: EmptyByteBufBE)
DELETE /session/07d8ee0d-94c5-4698-80e6-2a52328be02c HTTP/1.1
User-Agent: selenium/4.12.0 (java windows)
Content-Type: application/json; charset=utf-8
host: localhost:9923
accept: */*

Response DefaultHttpResponse(decodeResult: success, version: HTTP/1.1)
HTTP/1.1 200 OK
content-type: application/json; charset=utf-8
cache-control: no-cache
content-length: 14
date: Sun, 28 Apr 2024 03:25:51 GMT

22:25:52.535 [AsyncHttpClient-1-8] DEBUG org.asynchttpclient.netty.channel.ChannelManager -- Adding key: http://localhost:9923 for channel [id: 0xf69d5a1d, L:/127.0.0.1:63521 - R:localhost/127.0.0.1:9923]
22:25:52.535 [AsyncHttpClient-1-8] DEBUG org.asynchttpclient.netty.handler.HttpHandler -- Unexpected I/O exception on channel [id: 0xf69d5a1d, L:/127.0.0.1:63521 - R:localhost/127.0.0.1:9923]
java.net.SocketException: Connection reset
	at java.base/sun.nio.ch.SocketChannelImpl.throwConnectionReset(SocketChannelImpl.java:403)
	at java.base/sun.nio.ch.SocketChannelImpl.implRead(SocketChannelImpl.java:435)
	at java.base/sun.nio.ch.SocketChannelImpl.read(SocketChannelImpl.java:493)
	at io.netty.buffer.PooledByteBuf.setBytes(PooledByteBuf.java:254)
	at io.netty.buffer.AbstractByteBuf.writeBytes(AbstractByteBuf.java:1132)
	at io.netty.channel.socket.nio.NioSocketChannel.doReadBytes(NioSocketChannel.java:357)
	at io.netty.channel.nio.AbstractNioByteChannel$NioByteUnsafe.read(AbstractNioByteChannel.java:151)
	at io.netty.channel.nio.NioEventLoop.processSelectedKey(NioEventLoop.java:788)
	at io.netty.channel.nio.NioEventLoop.processSelectedKeysOptimized(NioEventLoop.java:724)
	at io.netty.channel.nio.NioEventLoop.processSelectedKeys(NioEventLoop.java:650)
	at io.netty.channel.nio.NioEventLoop.run(NioEventLoop.java:562)
	at io.netty.util.concurrent.SingleThreadEventExecutor$4.run(SingleThreadEventExecutor.java:997)
	at io.netty.util.internal.ThreadExecutorMap$2.run(ThreadExecutorMap.java:74)
	at io.netty.util.concurrent.FastThreadLocalRunnable.run(FastThreadLocalRunnable.java:30)
	at java.base/java.lang.Thread.run(Thread.java:1570)
22:25:52.535 [AsyncHttpClient-1-8] DEBUG org.asynchttpclient.netty.channel.ChannelManager -- Closing Channel [id: 0xf69d5a1d, L:/127.0.0.1:63521 - R:localhost/127.0.0.1:9923] 
22:25:52.535 [AsyncHttpClient-1-8] DEBUG org.asynchttpclient.netty.handler.HttpHandler -- Channel Closed: [id: 0xf69d5a1d, L:/127.0.0.1:63521 ! R:localhost/127.0.0.1:9923] with attribute DISCARD
]]></system-out>
    <system-err><![CDATA[abr 27, 2024 10:25:40 P. M. org.openqa.selenium.manager.SeleniumManager lambda$runCommand$1
INFO: Driver path: C:\Users\USUARIO\.cache\selenium\geckodriver\win64\0.34.0\geckodriver.exe
abr 27, 2024 10:25:40 P. M. org.openqa.selenium.manager.SeleniumManager lambda$runCommand$1
INFO: Browser path: C:\Program Files\Mozilla Firefox\firefox.exe
]]></system-err>
  </testcase>
</testsuite>