<?xml version="1.0" encoding="UTF-8"?>
<testsuite xmlns:xsi="http://www.w3.org/2001/XMLSchema-instance" xsi:noNamespaceSchemaLocation="https://maven.apache.org/surefire/maven-failsafe-plugin/xsd/failsafe-test-report-3.0.xsd" version="3.0" name="pragma.acceptanceTests.RunnerEliminarProductosCarritoTest" time="78.872" tests="2" errors="0" skipped="0" failures="0">
  <properties>
[...]
</properties>
  <testcase name="Eliminar un producto del carrito de compra #1" classname="Test eliminar producto al carrito de compra en el portal" time="28.598">
    <system-out><![CDATA[22:24:39.911 [main] DEBUG io.cucumber.core.plugin.SerenityReporter -- Running feature from file:///C:/Users/USUARIO/OneDrive/Documentos/02%20Automatización/03%20Pragma/pragma/pragma/src/test/resources/features/EliminarProductosCarrito.feature
22:24:39.954 [main] INFO  -- &amp#27;[96m

-------------------------------------------------------------------------------------
     _______. _______ .______       _______ .__   __.  __  .___________.____    ____ 
    /       ||   ____||   _  \     |   ____||  \ |  | |  | |           |\   \  /   / 
   |   (----`|  |__   |  |_)  |    |  |__   |   \|  | |  | `---|  |----` \   \/   /  
    \   \    |   __|  |      /     |   __|  |  . `  | |  |     |  |       \_    _/   
.----)   |   |  |____ |  |\  \----.|  |____ |  |\   | |  |     |  |         |  |     
|_______/    |_______|| _| `._____||_______||__| \__| |__|     |__|         |__|    
                                                                                     
 News and tutorials at http://www.serenity-bdd.info                                  
 Documentation at https://wakaleo.gitbooks.io/the-serenity-book/content/             
 Join the Serenity Community on Gitter: https://gitter.im/serenity-bdd/serenity-core 
 Serenity BDD Support and Training at http://serenity-bdd.info/#/trainingandsupport  
-------------------------------------------------------------------------------------
&amp#27;[0m
22:24:39.959 [main] DEBUG net.thucydides.core.steps.StepEventBus -- Test suite started for story net.thucydides.model.domain.Story@f016280
22:24:39.961 [main] INFO  -- Test Suite Started: Test eliminar producto al carrito de compra en el portal
22:24:40.003 [main] DEBUG io.cucumber.core.plugin.SerenityReporter -- Running feature from file:///C:/Users/USUARIO/OneDrive/Documentos/02%20Automatización/03%20Pragma/pragma/pragma/src/test/resources/features/EliminarProductosCarrito.feature
22:24:40.007 [main] DEBUG net.thucydides.core.steps.StepEventBus -- Test suite started for story net.thucydides.model.domain.Story@f016280
22:24:40.008 [main] INFO  -- Test Suite Started: Test eliminar producto al carrito de compra en el portal
22:24:40.080 [main] DEBUG io.cucumber.core.plugin.SerenityReporter -- Running feature from file:///C:/Users/USUARIO/OneDrive/Documentos/02%20Automatización/03%20Pragma/pragma/pragma/src/test/resources/features/EliminarProductosCarrito.feature
22:24:40.094 [main] INFO  -- 
  _____   ___   ___   _____     ___   _____     _     ___   _____   ___   ___  
 |_   _| | __| / __| |_   _|   / __| |_   _|   /_\   | _ \ |_   _| | __| |   \ 
   | |   | _|  \__ \   | |     \__ \   | |    / _ \  |   /   | |   | _|  | |) |
   |_|   |___| |___/   |_|     |___/   |_|   /_/ \_\ |_|_\   |_|   |___| |___/ 

Eliminar un producto del carrito de compra(test-eliminar-producto-al-carrito-de-compra-en-el-portal;eliminar-un-producto-del-carrito-de-compra)
--------------------------------------------------------------------------------
22:24:40.458 [main] DEBUG net.thucydides.core.steps.StepInterceptor -- STARTING STEP: StepInterceptor.testContext - ingresarAlPortal
22:24:40.484 [main] WARN net.serenitybdd.model.buildinfo.PropertyBasedDriverCapabilityRecord -- Failed to store browser configuration for {moz:debuggerAddress=true, acceptInsecureCerts=true, browserName=firefox, moz:firefoxOptions={args=[], log={level=error}}}
22:24:40.886 [main] DEBUG io.netty.util.internal.logging.InternalLoggerFactory -- Using SLF4J as the default logging framework
22:24:40.887 [main] DEBUG io.netty.util.ResourceLeakDetector -- -Dio.netty.leakDetection.level: simple
22:24:40.888 [main] DEBUG io.netty.util.ResourceLeakDetector -- -Dio.netty.leakDetection.targetRecords: 4
22:24:40.890 [main] DEBUG io.netty.util.ResourceLeakDetectorFactory -- Loaded default ResourceLeakDetector: io.netty.util.ResourceLeakDetector@42ef042a
22:24:40.898 [main] DEBUG io.netty.util.internal.PlatformDependent0 -- -Dio.netty.noUnsafe: false
22:24:40.898 [main] DEBUG io.netty.util.internal.PlatformDependent0 -- Java version: 22
22:24:40.898 [main] DEBUG io.netty.util.internal.PlatformDependent0 -- sun.misc.Unsafe.theUnsafe: available
22:24:40.899 [main] DEBUG io.netty.util.internal.PlatformDependent0 -- sun.misc.Unsafe.copyMemory: available
22:24:40.899 [main] DEBUG io.netty.util.internal.PlatformDependent0 -- sun.misc.Unsafe.storeFence: available
22:24:40.899 [main] DEBUG io.netty.util.internal.PlatformDependent0 -- java.nio.Buffer.address: available
22:24:40.900 [main] DEBUG io.netty.util.internal.PlatformDependent0 -- direct buffer constructor: unavailable: Reflective setAccessible(true) disabled
22:24:40.900 [main] DEBUG io.netty.util.internal.PlatformDependent0 -- java.nio.Bits.unaligned: available, true
22:24:40.900 [main] DEBUG io.netty.util.internal.PlatformDependent0 -- jdk.internal.misc.Unsafe.allocateUninitializedArray(int): unavailable: class io.netty.util.internal.PlatformDependent0$7 cannot access class jdk.internal.misc.Unsafe (in module java.base) because module java.base does not export jdk.internal.misc to unnamed module @131ef10
22:24:40.901 [main] DEBUG io.netty.util.internal.PlatformDependent0 -- java.nio.DirectByteBuffer.<init>(long, {int,long}): unavailable
22:24:40.901 [main] DEBUG io.netty.util.internal.PlatformDependent -- sun.misc.Unsafe: available
22:24:40.902 [main] DEBUG io.netty.util.internal.PlatformDependent -- maxDirectMemory: 4198498304 bytes (maybe)
22:24:40.902 [main] DEBUG io.netty.util.internal.PlatformDependent -- -Dio.netty.tmpdir: C:\Users\USUARIO\AppData\Local\Temp (java.io.tmpdir)
22:24:40.902 [main] DEBUG io.netty.util.internal.PlatformDependent -- -Dio.netty.bitMode: 64 (sun.arch.data.model)
22:24:40.902 [main] DEBUG io.netty.util.internal.PlatformDependent -- Platform: Windows
22:24:40.902 [main] DEBUG io.netty.util.internal.PlatformDependent -- -Dio.netty.maxDirectMemory: -1 bytes
22:24:40.902 [main] DEBUG io.netty.util.internal.PlatformDependent -- -Dio.netty.uninitializedArrayAllocationThreshold: -1
22:24:40.903 [main] DEBUG io.netty.util.internal.CleanerJava9 -- java.nio.ByteBuffer.cleaner(): available
22:24:40.903 [main] DEBUG io.netty.util.internal.PlatformDependent -- -Dio.netty.noPreferDirect: false
22:24:40.907 [main] DEBUG io.netty.util.internal.PlatformDependent -- org.jctools-core.MpscChunkedArrayQueue: available
22:24:40.915 [main] DEBUG io.netty.util.internal.InternalThreadLocalMap -- -Dio.netty.threadLocalMap.stringBuilder.initialSize: 1024
22:24:40.915 [main] DEBUG io.netty.util.internal.InternalThreadLocalMap -- -Dio.netty.threadLocalMap.stringBuilder.maxSize: 4096
22:24:41.020 [main] DEBUG io.netty.handler.ssl.JdkSslContext -- Default protocols (JDK): [TLSv1.3, TLSv1.2] 
22:24:41.020 [main] DEBUG io.netty.handler.ssl.JdkSslContext -- Default cipher suites (JDK): [TLS_ECDHE_ECDSA_WITH_AES_256_GCM_SHA384, TLS_ECDHE_ECDSA_WITH_AES_128_GCM_SHA256, TLS_ECDHE_RSA_WITH_AES_128_GCM_SHA256, TLS_ECDHE_RSA_WITH_AES_256_GCM_SHA384, TLS_ECDHE_RSA_WITH_AES_128_CBC_SHA, TLS_ECDHE_RSA_WITH_AES_256_CBC_SHA, TLS_RSA_WITH_AES_128_GCM_SHA256, TLS_RSA_WITH_AES_128_CBC_SHA, TLS_RSA_WITH_AES_256_CBC_SHA, TLS_AES_128_GCM_SHA256, TLS_AES_256_GCM_SHA384]
22:24:41.025 [main] DEBUG io.netty.util.concurrent.GlobalEventExecutor -- -Dio.netty.globalEventExecutor.quietPeriodSeconds: 1
22:24:41.031 [main] DEBUG io.netty.channel.MultithreadEventLoopGroup -- -Dio.netty.eventLoopThreads: 40
22:24:41.035 [main] DEBUG io.netty.channel.nio.NioEventLoop -- -Dio.netty.noKeySetOptimization: false
22:24:41.036 [main] DEBUG io.netty.channel.nio.NioEventLoop -- -Dio.netty.selectorAutoRebuildThreshold: 512
22:24:41.076 [main] DEBUG io.netty.buffer.PooledByteBufAllocator -- -Dio.netty.allocator.numHeapArenas: 40
22:24:41.076 [main] DEBUG io.netty.buffer.PooledByteBufAllocator -- -Dio.netty.allocator.numDirectArenas: 40
22:24:41.076 [main] DEBUG io.netty.buffer.PooledByteBufAllocator -- -Dio.netty.allocator.pageSize: 8192
22:24:41.076 [main] DEBUG io.netty.buffer.PooledByteBufAllocator -- -Dio.netty.allocator.maxOrder: 9
22:24:41.076 [main] DEBUG io.netty.buffer.PooledByteBufAllocator -- -Dio.netty.allocator.chunkSize: 4194304
22:24:41.077 [main] DEBUG io.netty.buffer.PooledByteBufAllocator -- -Dio.netty.allocator.smallCacheSize: 256
22:24:41.077 [main] DEBUG io.netty.buffer.PooledByteBufAllocator -- -Dio.netty.allocator.normalCacheSize: 64
22:24:41.077 [main] DEBUG io.netty.buffer.PooledByteBufAllocator -- -Dio.netty.allocator.maxCachedBufferCapacity: 32768
22:24:41.077 [main] DEBUG io.netty.buffer.PooledByteBufAllocator -- -Dio.netty.allocator.cacheTrimInterval: 8192
22:24:41.077 [main] DEBUG io.netty.buffer.PooledByteBufAllocator -- -Dio.netty.allocator.cacheTrimIntervalMillis: 0
22:24:41.077 [main] DEBUG io.netty.buffer.PooledByteBufAllocator -- -Dio.netty.allocator.useCacheForAllThreads: false
22:24:41.077 [main] DEBUG io.netty.buffer.PooledByteBufAllocator -- -Dio.netty.allocator.maxCachedByteBuffersPerChunk: 1023
22:24:41.084 [main] DEBUG io.netty.buffer.ByteBufUtil -- -Dio.netty.allocator.type: pooled
22:24:41.085 [main] DEBUG io.netty.buffer.ByteBufUtil -- -Dio.netty.threadLocalDirectBufferSize: 0
22:24:41.085 [main] DEBUG io.netty.buffer.ByteBufUtil -- -Dio.netty.maxThreadLocalCharBufferSize: 16384
22:24:41.238 [Forwarding newSession on session null to remote] DEBUG io.netty.channel.DefaultChannelId -- -Dio.netty.processId: 15320 (auto-detected)
22:24:41.239 [Forwarding newSession on session null to remote] DEBUG io.netty.util.NetUtil -- -Djava.net.preferIPv4Stack: false
22:24:41.240 [Forwarding newSession on session null to remote] DEBUG io.netty.util.NetUtil -- -Djava.net.preferIPv6Addresses: false
22:24:41.241 [Forwarding newSession on session null to remote] DEBUG io.netty.util.NetUtilInitializations -- Loopback interface: loopback_0 (Software Loopback Interface 1, 0:0:0:0:0:0:0:1)
22:24:41.241 [Forwarding newSession on session null to remote] DEBUG io.netty.util.NetUtil -- Failed to get SOMAXCONN from sysctl and file \proc\sys\net\core\somaxconn. Default: 200
22:24:41.242 [Forwarding newSession on session null to remote] DEBUG io.netty.channel.DefaultChannelId -- -Dio.netty.machineId: f8:54:f6:ff:fe:94:ff:b2 (auto-detected)
22:24:41.264 [AsyncHttpClient-1-2] DEBUG io.netty.buffer.AbstractByteBuf -- -Dio.netty.buffer.checkAccessible: true
22:24:41.264 [AsyncHttpClient-1-2] DEBUG io.netty.buffer.AbstractByteBuf -- -Dio.netty.buffer.checkBounds: true
22:24:41.264 [AsyncHttpClient-1-2] DEBUG io.netty.util.ResourceLeakDetectorFactory -- Loaded default ResourceLeakDetector: io.netty.util.ResourceLeakDetector@401341b5
22:24:41.272 [AsyncHttpClient-1-2] DEBUG org.asynchttpclient.netty.channel.NettyConnectListener -- Using new Channel '[id: 0x42511ba1, L:/127.0.0.1:63151 - R:localhost/127.0.0.1:26454]' for 'POST' to '/session'
22:24:41.281 [AsyncHttpClient-1-2] DEBUG io.netty.util.Recycler -- -Dio.netty.recycler.maxCapacityPerThread: 4096
22:24:41.281 [AsyncHttpClient-1-2] DEBUG io.netty.util.Recycler -- -Dio.netty.recycler.ratio: 8
22:24:41.281 [AsyncHttpClient-1-2] DEBUG io.netty.util.Recycler -- -Dio.netty.recycler.chunkSize: 32
22:24:41.281 [AsyncHttpClient-1-2] DEBUG io.netty.util.Recycler -- -Dio.netty.recycler.blocking: false
22:24:41.281 [AsyncHttpClient-1-2] DEBUG io.netty.util.Recycler -- -Dio.netty.recycler.batchFastThreadLocalOnly: true
22:24:42.779 [AsyncHttpClient-1-2] DEBUG io.netty.handler.codec.compression.Brotli -- brotli4j not in the classpath; Brotli support will be unavailable.
22:24:42.779 [AsyncHttpClient-1-2] DEBUG org.asynchttpclient.netty.handler.HttpHandler -- 

Request DefaultHttpRequest(decodeResult: success, version: HTTP/1.1)
POST /session HTTP/1.1
User-Agent: selenium/4.12.0 (java windows)
Content-Length: 383
Content-Type: application/json; charset=utf-8
host: localhost:26454
accept: */*

Response DefaultHttpResponse(decodeResult: success, version: HTTP/1.1)
HTTP/1.1 200 OK
content-type: application/json; charset=utf-8
cache-control: no-cache
content-length: 843
date: Sun, 28 Apr 2024 03:24:41 GMT

22:24:42.786 [AsyncHttpClient-1-2] DEBUG org.asynchttpclient.netty.channel.ChannelManager -- Adding key: http://localhost:26454 for channel [id: 0x42511ba1, L:/127.0.0.1:63151 - R:localhost/127.0.0.1:26454]
22:24:42.817 [AsyncHttpClient-1-3] DEBUG org.asynchttpclient.netty.channel.NettyConnectListener -- Using new Channel '[id: 0xb1183278, L:/127.0.0.1:63226 - R:/127.0.0.1:48474]' for 'GET' to '/json/version'
22:24:42.822 [AsyncHttpClient-1-3] DEBUG org.asynchttpclient.netty.handler.HttpHandler -- 

Request DefaultFullHttpRequest(decodeResult: success, version: HTTP/1.1, content: EmptyByteBufBE)
GET /json/version HTTP/1.1
User-Agent: selenium/4.12.0 (java windows)
host: 127.0.0.1:48474
accept: */*

Response DefaultHttpResponse(decodeResult: success, version: HTTP/1.1)
HTTP/1.1 200 OK
content-type: application/json
content-security-policy: frame-ancestors 'none'
connection: close
server: httpd.js
date: Sun, 28 Apr 2024 03:24:42 GMT

22:24:42.824 [AsyncHttpClient-1-3] DEBUG org.asynchttpclient.netty.channel.ChannelManager -- Closing Channel [id: 0xb1183278, L:/127.0.0.1:63226 ! R:/127.0.0.1:48474] 
22:24:42.825 [AsyncHttpClient-1-3] DEBUG org.asynchttpclient.netty.handler.HttpHandler -- Channel Closed: [id: 0xb1183278, L:/127.0.0.1:63226 ! R:/127.0.0.1:48474] with attribute DISCARD
22:24:42.834 [Forwarding setTimeout on session e07c61e4-6c8c-40fa-bf02-54c105e74990 to remote] DEBUG org.asynchttpclient.netty.request.NettyRequestSender -- Using pooled Channel '[id: 0x42511ba1, L:/127.0.0.1:63151 - R:localhost/127.0.0.1:26454]' for 'POST' to 'http://localhost:26454/session/e07c61e4-6c8c-40fa-bf02-54c105e74990/timeouts'
22:24:42.834 [Forwarding setTimeout on session e07c61e4-6c8c-40fa-bf02-54c105e74990 to remote] DEBUG org.asynchttpclient.netty.request.NettyRequestSender -- Using open Channel [id: 0x42511ba1, L:/127.0.0.1:63151 - R:localhost/127.0.0.1:26454] for POST '/session/e07c61e4-6c8c-40fa-bf02-54c105e74990/timeouts'
22:24:42.837 [AsyncHttpClient-1-2] DEBUG org.asynchttpclient.netty.handler.HttpHandler -- 

Request DefaultHttpRequest(decodeResult: success, version: HTTP/1.1)
POST /session/e07c61e4-6c8c-40fa-bf02-54c105e74990/timeouts HTTP/1.1
User-Agent: selenium/4.12.0 (java windows)
Content-Length: 22
Content-Type: application/json; charset=utf-8
host: localhost:26454
accept: */*

Response DefaultHttpResponse(decodeResult: success, version: HTTP/1.1)
HTTP/1.1 200 OK
content-type: application/json; charset=utf-8
cache-control: no-cache
content-length: 14
date: Sun, 28 Apr 2024 03:24:42 GMT

22:24:42.838 [AsyncHttpClient-1-2] DEBUG org.asynchttpclient.netty.channel.ChannelManager -- Adding key: http://localhost:26454 for channel [id: 0x42511ba1, L:/127.0.0.1:63151 - R:localhost/127.0.0.1:26454]
22:24:42.843 [Forwarding maximizeCurrentWindow on session e07c61e4-6c8c-40fa-bf02-54c105e74990 to remote] DEBUG org.asynchttpclient.netty.request.NettyRequestSender -- Using pooled Channel '[id: 0x42511ba1, L:/127.0.0.1:63151 - R:localhost/127.0.0.1:26454]' for 'POST' to 'http://localhost:26454/session/e07c61e4-6c8c-40fa-bf02-54c105e74990/window/maximize'
22:24:42.843 [Forwarding maximizeCurrentWindow on session e07c61e4-6c8c-40fa-bf02-54c105e74990 to remote] DEBUG org.asynchttpclient.netty.request.NettyRequestSender -- Using open Channel [id: 0x42511ba1, L:/127.0.0.1:63151 - R:localhost/127.0.0.1:26454] for POST '/session/e07c61e4-6c8c-40fa-bf02-54c105e74990/window/maximize'
22:24:43.107 [AsyncHttpClient-1-2] DEBUG org.asynchttpclient.netty.handler.HttpHandler -- 

Request DefaultHttpRequest(decodeResult: success, version: HTTP/1.1)
POST /session/e07c61e4-6c8c-40fa-bf02-54c105e74990/window/maximize HTTP/1.1
User-Agent: selenium/4.12.0 (java windows)
Content-Length: 3
Content-Type: application/json; charset=utf-8
host: localhost:26454
accept: */*

Response DefaultHttpResponse(decodeResult: success, version: HTTP/1.1)
HTTP/1.1 200 OK
content-type: application/json; charset=utf-8
cache-control: no-cache
content-length: 51
date: Sun, 28 Apr 2024 03:24:42 GMT

22:24:43.108 [AsyncHttpClient-1-2] DEBUG org.asynchttpclient.netty.channel.ChannelManager -- Adding key: http://localhost:26454 for channel [id: 0x42511ba1, L:/127.0.0.1:63151 - R:localhost/127.0.0.1:26454]
22:24:43.144 [Forwarding get on session e07c61e4-6c8c-40fa-bf02-54c105e74990 to remote] DEBUG org.asynchttpclient.netty.request.NettyRequestSender -- Using pooled Channel '[id: 0x42511ba1, L:/127.0.0.1:63151 - R:localhost/127.0.0.1:26454]' for 'POST' to 'http://localhost:26454/session/e07c61e4-6c8c-40fa-bf02-54c105e74990/url'
22:24:43.144 [Forwarding get on session e07c61e4-6c8c-40fa-bf02-54c105e74990 to remote] DEBUG org.asynchttpclient.netty.request.NettyRequestSender -- Using open Channel [id: 0x42511ba1, L:/127.0.0.1:63151 - R:localhost/127.0.0.1:26454] for POST '/session/e07c61e4-6c8c-40fa-bf02-54c105e74990/url'
22:24:44.143 [AsyncHttpClient-1-2] DEBUG org.asynchttpclient.netty.handler.HttpHandler -- 

Request DefaultHttpRequest(decodeResult: success, version: HTTP/1.1)
POST /session/e07c61e4-6c8c-40fa-bf02-54c105e74990/url HTTP/1.1
User-Agent: selenium/4.12.0 (java windows)
Content-Length: 56
Content-Type: application/json; charset=utf-8
host: localhost:26454
accept: */*

Response DefaultHttpResponse(decodeResult: success, version: HTTP/1.1)
HTTP/1.1 200 OK
content-type: application/json; charset=utf-8
cache-control: no-cache
content-length: 14
date: Sun, 28 Apr 2024 03:24:42 GMT

22:24:44.144 [AsyncHttpClient-1-2] DEBUG org.asynchttpclient.netty.channel.ChannelManager -- Adding key: http://localhost:26454 for channel [id: 0x42511ba1, L:/127.0.0.1:63151 - R:localhost/127.0.0.1:26454]
22:24:44.145 [Forwarding setTimeout on session e07c61e4-6c8c-40fa-bf02-54c105e74990 to remote] DEBUG org.asynchttpclient.netty.request.NettyRequestSender -- Using pooled Channel '[id: 0x42511ba1, L:/127.0.0.1:63151 - R:localhost/127.0.0.1:26454]' for 'POST' to 'http://localhost:26454/session/e07c61e4-6c8c-40fa-bf02-54c105e74990/timeouts'
22:24:44.145 [Forwarding setTimeout on session e07c61e4-6c8c-40fa-bf02-54c105e74990 to remote] DEBUG org.asynchttpclient.netty.request.NettyRequestSender -- Using open Channel [id: 0x42511ba1, L:/127.0.0.1:63151 - R:localhost/127.0.0.1:26454] for POST '/session/e07c61e4-6c8c-40fa-bf02-54c105e74990/timeouts'
22:24:44.147 [AsyncHttpClient-1-2] DEBUG org.asynchttpclient.netty.handler.HttpHandler -- 

Request DefaultHttpRequest(decodeResult: success, version: HTTP/1.1)
POST /session/e07c61e4-6c8c-40fa-bf02-54c105e74990/timeouts HTTP/1.1
User-Agent: selenium/4.12.0 (java windows)
Content-Length: 22
Content-Type: application/json; charset=utf-8
host: localhost:26454
accept: */*

Response DefaultHttpResponse(decodeResult: success, version: HTTP/1.1)
HTTP/1.1 200 OK
content-type: application/json; charset=utf-8
cache-control: no-cache
content-length: 14
date: Sun, 28 Apr 2024 03:24:44 GMT

22:24:44.147 [AsyncHttpClient-1-2] DEBUG org.asynchttpclient.netty.channel.ChannelManager -- Adding key: http://localhost:26454 for channel [id: 0x42511ba1, L:/127.0.0.1:63151 - R:localhost/127.0.0.1:26454]
22:24:44.187 [main] DEBUG net.serenitybdd.core.photography.Darkroom -- Opening darkroom
22:24:44.190 [Darkroom Processing Line] DEBUG net.serenitybdd.core.photography.DarkroomProcessingLine -- Darkroom processing line starting up
22:24:44.208 [Forwarding getAlertText on session e07c61e4-6c8c-40fa-bf02-54c105e74990 to remote] DEBUG org.asynchttpclient.netty.request.NettyRequestSender -- Using pooled Channel '[id: 0x42511ba1, L:/127.0.0.1:63151 - R:localhost/127.0.0.1:26454]' for 'GET' to 'http://localhost:26454/session/e07c61e4-6c8c-40fa-bf02-54c105e74990/alert/text'
22:24:44.208 [Forwarding getAlertText on session e07c61e4-6c8c-40fa-bf02-54c105e74990 to remote] DEBUG org.asynchttpclient.netty.request.NettyRequestSender -- Using open Channel [id: 0x42511ba1, L:/127.0.0.1:63151 - R:localhost/127.0.0.1:26454] for GET '/session/e07c61e4-6c8c-40fa-bf02-54c105e74990/alert/text'
22:24:44.211 [AsyncHttpClient-1-2] DEBUG org.asynchttpclient.netty.handler.HttpHandler -- 

Request DefaultFullHttpRequest(decodeResult: success, version: HTTP/1.1, content: EmptyByteBufBE)
GET /session/e07c61e4-6c8c-40fa-bf02-54c105e74990/alert/text HTTP/1.1
Cache-Control: no-cache
User-Agent: selenium/4.12.0 (java windows)
Content-Type: application/json; charset=utf-8
host: localhost:26454
accept: */*

Response DefaultHttpResponse(decodeResult: success, version: HTTP/1.1)
HTTP/1.1 404 Not Found
content-type: application/json; charset=utf-8
cache-control: no-cache
content-length: 842
date: Sun, 28 Apr 2024 03:24:44 GMT

22:24:44.211 [AsyncHttpClient-1-2] DEBUG org.asynchttpclient.netty.channel.ChannelManager -- Adding key: http://localhost:26454 for channel [id: 0x42511ba1, L:/127.0.0.1:63151 - R:localhost/127.0.0.1:26454]
22:24:44.220 [Forwarding getCurrentUrl on session e07c61e4-6c8c-40fa-bf02-54c105e74990 to remote] DEBUG org.asynchttpclient.netty.request.NettyRequestSender -- Using pooled Channel '[id: 0x42511ba1, L:/127.0.0.1:63151 - R:localhost/127.0.0.1:26454]' for 'GET' to 'http://localhost:26454/session/e07c61e4-6c8c-40fa-bf02-54c105e74990/url'
22:24:44.220 [Forwarding getCurrentUrl on session e07c61e4-6c8c-40fa-bf02-54c105e74990 to remote] DEBUG org.asynchttpclient.netty.request.NettyRequestSender -- Using open Channel [id: 0x42511ba1, L:/127.0.0.1:63151 - R:localhost/127.0.0.1:26454] for GET '/session/e07c61e4-6c8c-40fa-bf02-54c105e74990/url'
22:24:44.223 [AsyncHttpClient-1-2] DEBUG org.asynchttpclient.netty.handler.HttpHandler -- 

Request DefaultFullHttpRequest(decodeResult: success, version: HTTP/1.1, content: EmptyByteBufBE)
GET /session/e07c61e4-6c8c-40fa-bf02-54c105e74990/url HTTP/1.1
Cache-Control: no-cache
User-Agent: selenium/4.12.0 (java windows)
Content-Type: application/json; charset=utf-8
host: localhost:26454
accept: */*

Response DefaultHttpResponse(decodeResult: success, version: HTTP/1.1)
HTTP/1.1 200 OK
content-type: application/json; charset=utf-8
cache-control: no-cache
content-length: 38
date: Sun, 28 Apr 2024 03:24:44 GMT

22:24:44.223 [AsyncHttpClient-1-2] DEBUG org.asynchttpclient.netty.channel.ChannelManager -- Adding key: http://localhost:26454 for channel [id: 0x42511ba1, L:/127.0.0.1:63151 - R:localhost/127.0.0.1:26454]
22:24:44.227 [Forwarding screenshot on session e07c61e4-6c8c-40fa-bf02-54c105e74990 to remote] DEBUG org.asynchttpclient.netty.request.NettyRequestSender -- Using pooled Channel '[id: 0x42511ba1, L:/127.0.0.1:63151 - R:localhost/127.0.0.1:26454]' for 'GET' to 'http://localhost:26454/session/e07c61e4-6c8c-40fa-bf02-54c105e74990/screenshot'
22:24:44.228 [Forwarding screenshot on session e07c61e4-6c8c-40fa-bf02-54c105e74990 to remote] DEBUG org.asynchttpclient.netty.request.NettyRequestSender -- Using open Channel [id: 0x42511ba1, L:/127.0.0.1:63151 - R:localhost/127.0.0.1:26454] for GET '/session/e07c61e4-6c8c-40fa-bf02-54c105e74990/screenshot'
22:24:44.324 [AsyncHttpClient-1-2] DEBUG org.asynchttpclient.netty.handler.HttpHandler -- 

Request DefaultFullHttpRequest(decodeResult: success, version: HTTP/1.1, content: EmptyByteBufBE)
GET /session/e07c61e4-6c8c-40fa-bf02-54c105e74990/screenshot HTTP/1.1
Cache-Control: no-cache
User-Agent: selenium/4.12.0 (java windows)
Content-Type: application/json; charset=utf-8
host: localhost:26454
accept: */*

Response DefaultHttpResponse(decodeResult: success, version: HTTP/1.1)
HTTP/1.1 200 OK
content-type: application/json; charset=utf-8
cache-control: no-cache
content-length: 504948
date: Sun, 28 Apr 2024 03:24:44 GMT

22:24:44.327 [AsyncHttpClient-1-2] DEBUG org.asynchttpclient.netty.channel.ChannelManager -- Adding key: http://localhost:26454 for channel [id: 0x42511ba1, L:/127.0.0.1:63151 - R:localhost/127.0.0.1:26454]
22:24:44.370 [main] DEBUG net.serenitybdd.core.photography.Darkroom -- Send negative for processing for C:\Users\USUARIO\OneDrive\Documentos\02 Automatización\03 Pragma\pragma\pragma\target\site\serenity\4ee8a2605a1cdda36c2b7788194c259ded3d98d35a623d38fa3b86f65a89fac1.png
22:24:45.379 [main] DEBUG net.thucydides.core.steps.StepInterceptor -- STEP DONE: ingresarAlPortal
22:24:45.389 [Forwarding getAlertText on session e07c61e4-6c8c-40fa-bf02-54c105e74990 to remote] DEBUG org.asynchttpclient.netty.request.NettyRequestSender -- Using pooled Channel '[id: 0x42511ba1, L:/127.0.0.1:63151 - R:localhost/127.0.0.1:26454]' for 'GET' to 'http://localhost:26454/session/e07c61e4-6c8c-40fa-bf02-54c105e74990/alert/text'
22:24:45.390 [Forwarding getAlertText on session e07c61e4-6c8c-40fa-bf02-54c105e74990 to remote] DEBUG org.asynchttpclient.netty.request.NettyRequestSender -- Using open Channel [id: 0x42511ba1, L:/127.0.0.1:63151 - R:localhost/127.0.0.1:26454] for GET '/session/e07c61e4-6c8c-40fa-bf02-54c105e74990/alert/text'
22:24:45.392 [AsyncHttpClient-1-2] DEBUG org.asynchttpclient.netty.handler.HttpHandler -- 

Request DefaultFullHttpRequest(decodeResult: success, version: HTTP/1.1, content: EmptyByteBufBE)
GET /session/e07c61e4-6c8c-40fa-bf02-54c105e74990/alert/text HTTP/1.1
Cache-Control: no-cache
User-Agent: selenium/4.12.0 (java windows)
Content-Type: application/json; charset=utf-8
host: localhost:26454
accept: */*

Response DefaultHttpResponse(decodeResult: success, version: HTTP/1.1)
HTTP/1.1 404 Not Found
content-type: application/json; charset=utf-8
cache-control: no-cache
content-length: 842
date: Sun, 28 Apr 2024 03:24:45 GMT

22:24:45.392 [AsyncHttpClient-1-2] DEBUG org.asynchttpclient.netty.channel.ChannelManager -- Adding key: http://localhost:26454 for channel [id: 0x42511ba1, L:/127.0.0.1:63151 - R:localhost/127.0.0.1:26454]
22:24:45.394 [Forwarding getCurrentUrl on session e07c61e4-6c8c-40fa-bf02-54c105e74990 to remote] DEBUG org.asynchttpclient.netty.request.NettyRequestSender -- Using pooled Channel '[id: 0x42511ba1, L:/127.0.0.1:63151 - R:localhost/127.0.0.1:26454]' for 'GET' to 'http://localhost:26454/session/e07c61e4-6c8c-40fa-bf02-54c105e74990/url'
22:24:45.394 [Forwarding getCurrentUrl on session e07c61e4-6c8c-40fa-bf02-54c105e74990 to remote] DEBUG org.asynchttpclient.netty.request.NettyRequestSender -- Using open Channel [id: 0x42511ba1, L:/127.0.0.1:63151 - R:localhost/127.0.0.1:26454] for GET '/session/e07c61e4-6c8c-40fa-bf02-54c105e74990/url'
22:24:45.396 [AsyncHttpClient-1-2] DEBUG org.asynchttpclient.netty.handler.HttpHandler -- 

Request DefaultFullHttpRequest(decodeResult: success, version: HTTP/1.1, content: EmptyByteBufBE)
GET /session/e07c61e4-6c8c-40fa-bf02-54c105e74990/url HTTP/1.1
Cache-Control: no-cache
User-Agent: selenium/4.12.0 (java windows)
Content-Type: application/json; charset=utf-8
host: localhost:26454
accept: */*

Response DefaultHttpResponse(decodeResult: success, version: HTTP/1.1)
HTTP/1.1 200 OK
content-type: application/json; charset=utf-8
cache-control: no-cache
content-length: 38
date: Sun, 28 Apr 2024 03:24:45 GMT

22:24:45.397 [AsyncHttpClient-1-2] DEBUG org.asynchttpclient.netty.channel.ChannelManager -- Adding key: http://localhost:26454 for channel [id: 0x42511ba1, L:/127.0.0.1:63151 - R:localhost/127.0.0.1:26454]
22:24:45.398 [Forwarding screenshot on session e07c61e4-6c8c-40fa-bf02-54c105e74990 to remote] DEBUG org.asynchttpclient.netty.request.NettyRequestSender -- Using pooled Channel '[id: 0x42511ba1, L:/127.0.0.1:63151 - R:localhost/127.0.0.1:26454]' for 'GET' to 'http://localhost:26454/session/e07c61e4-6c8c-40fa-bf02-54c105e74990/screenshot'
22:24:45.398 [Forwarding screenshot on session e07c61e4-6c8c-40fa-bf02-54c105e74990 to remote] DEBUG org.asynchttpclient.netty.request.NettyRequestSender -- Using open Channel [id: 0x42511ba1, L:/127.0.0.1:63151 - R:localhost/127.0.0.1:26454] for GET '/session/e07c61e4-6c8c-40fa-bf02-54c105e74990/screenshot'
22:24:45.468 [AsyncHttpClient-1-2] DEBUG org.asynchttpclient.netty.handler.HttpHandler -- 

Request DefaultFullHttpRequest(decodeResult: success, version: HTTP/1.1, content: EmptyByteBufBE)
GET /session/e07c61e4-6c8c-40fa-bf02-54c105e74990/screenshot HTTP/1.1
Cache-Control: no-cache
User-Agent: selenium/4.12.0 (java windows)
Content-Type: application/json; charset=utf-8
host: localhost:26454
accept: */*

Response DefaultHttpResponse(decodeResult: success, version: HTTP/1.1)
HTTP/1.1 200 OK
content-type: application/json; charset=utf-8
cache-control: no-cache
content-length: 800340
date: Sun, 28 Apr 2024 03:24:45 GMT

22:24:45.471 [AsyncHttpClient-1-2] DEBUG org.asynchttpclient.netty.channel.ChannelManager -- Adding key: http://localhost:26454 for channel [id: 0x42511ba1, L:/127.0.0.1:63151 - R:localhost/127.0.0.1:26454]
22:24:45.493 [main] DEBUG net.serenitybdd.core.photography.Darkroom -- Send negative for processing for C:\Users\USUARIO\OneDrive\Documentos\02 Automatización\03 Pragma\pragma\pragma\target\site\serenity\c6d2d59253a3c52d8b8db4ad723f6da73641757028d146bd6c52f7f99c9aebe9.png
22:24:46.509 [AsyncHttpClient-1-1] DEBUG org.asynchttpclient.netty.channel.DefaultChannelPool -- Entry count for : http://localhost:26454 : 1
22:24:46.623 [main] DEBUG net.thucydides.core.steps.StepInterceptor -- STARTING STEP: StepInterceptor.testContext - ingresoACategoria
22:24:46.630 [Forwarding findElement on session e07c61e4-6c8c-40fa-bf02-54c105e74990 to remote] DEBUG org.asynchttpclient.netty.request.NettyRequestSender -- Using pooled Channel '[id: 0x42511ba1, L:/127.0.0.1:63151 - R:localhost/127.0.0.1:26454]' for 'POST' to 'http://localhost:26454/session/e07c61e4-6c8c-40fa-bf02-54c105e74990/element'
22:24:46.630 [Forwarding findElement on session e07c61e4-6c8c-40fa-bf02-54c105e74990 to remote] DEBUG org.asynchttpclient.netty.request.NettyRequestSender -- Using open Channel [id: 0x42511ba1, L:/127.0.0.1:63151 - R:localhost/127.0.0.1:26454] for POST '/session/e07c61e4-6c8c-40fa-bf02-54c105e74990/element'
22:24:46.637 [AsyncHttpClient-1-2] DEBUG org.asynchttpclient.netty.handler.HttpHandler -- 

Request DefaultHttpRequest(decodeResult: success, version: HTTP/1.1)
POST /session/e07c61e4-6c8c-40fa-bf02-54c105e74990/element HTTP/1.1
User-Agent: selenium/4.12.0 (java windows)
Content-Length: 78
Content-Type: application/json; charset=utf-8
host: localhost:26454
accept: */*

Response DefaultHttpResponse(decodeResult: success, version: HTTP/1.1)
HTTP/1.1 200 OK
content-type: application/json; charset=utf-8
cache-control: no-cache
content-length: 88
date: Sun, 28 Apr 2024 03:24:46 GMT

22:24:46.638 [AsyncHttpClient-1-2] DEBUG org.asynchttpclient.netty.channel.ChannelManager -- Adding key: http://localhost:26454 for channel [id: 0x42511ba1, L:/127.0.0.1:63151 - R:localhost/127.0.0.1:26454]
22:24:46.640 [Forwarding getElementTagName on session e07c61e4-6c8c-40fa-bf02-54c105e74990 to remote] DEBUG org.asynchttpclient.netty.request.NettyRequestSender -- Using pooled Channel '[id: 0x42511ba1, L:/127.0.0.1:63151 - R:localhost/127.0.0.1:26454]' for 'GET' to 'http://localhost:26454/session/e07c61e4-6c8c-40fa-bf02-54c105e74990/element/885cd233-a09d-4718-80a4-30d237d4dba3/name'
22:24:46.640 [Forwarding getElementTagName on session e07c61e4-6c8c-40fa-bf02-54c105e74990 to remote] DEBUG org.asynchttpclient.netty.request.NettyRequestSender -- Using open Channel [id: 0x42511ba1, L:/127.0.0.1:63151 - R:localhost/127.0.0.1:26454] for GET '/session/e07c61e4-6c8c-40fa-bf02-54c105e74990/element/885cd233-a09d-4718-80a4-30d237d4dba3/name'
22:24:46.643 [AsyncHttpClient-1-2] DEBUG org.asynchttpclient.netty.handler.HttpHandler -- 

Request DefaultFullHttpRequest(decodeResult: success, version: HTTP/1.1, content: EmptyByteBufBE)
GET /session/e07c61e4-6c8c-40fa-bf02-54c105e74990/element/885cd233-a09d-4718-80a4-30d237d4dba3/name HTTP/1.1
Cache-Control: no-cache
User-Agent: selenium/4.12.0 (java windows)
Content-Type: application/json; charset=utf-8
host: localhost:26454
accept: */*

Response DefaultHttpResponse(decodeResult: success, version: HTTP/1.1)
HTTP/1.1 200 OK
content-type: application/json; charset=utf-8
cache-control: no-cache
content-length: 13
date: Sun, 28 Apr 2024 03:24:46 GMT

22:24:46.643 [AsyncHttpClient-1-2] DEBUG org.asynchttpclient.netty.channel.ChannelManager -- Adding key: http://localhost:26454 for channel [id: 0x42511ba1, L:/127.0.0.1:63151 - R:localhost/127.0.0.1:26454]
22:24:46.644 [Forwarding getElementTagName on session e07c61e4-6c8c-40fa-bf02-54c105e74990 to remote] DEBUG org.asynchttpclient.netty.request.NettyRequestSender -- Using pooled Channel '[id: 0x42511ba1, L:/127.0.0.1:63151 - R:localhost/127.0.0.1:26454]' for 'GET' to 'http://localhost:26454/session/e07c61e4-6c8c-40fa-bf02-54c105e74990/element/885cd233-a09d-4718-80a4-30d237d4dba3/name'
22:24:46.644 [Forwarding getElementTagName on session e07c61e4-6c8c-40fa-bf02-54c105e74990 to remote] DEBUG org.asynchttpclient.netty.request.NettyRequestSender -- Using open Channel [id: 0x42511ba1, L:/127.0.0.1:63151 - R:localhost/127.0.0.1:26454] for GET '/session/e07c61e4-6c8c-40fa-bf02-54c105e74990/element/885cd233-a09d-4718-80a4-30d237d4dba3/name'
22:24:46.646 [AsyncHttpClient-1-2] DEBUG org.asynchttpclient.netty.handler.HttpHandler -- 

Request DefaultFullHttpRequest(decodeResult: success, version: HTTP/1.1, content: EmptyByteBufBE)
GET /session/e07c61e4-6c8c-40fa-bf02-54c105e74990/element/885cd233-a09d-4718-80a4-30d237d4dba3/name HTTP/1.1
Cache-Control: no-cache
User-Agent: selenium/4.12.0 (java windows)
Content-Type: application/json; charset=utf-8
host: localhost:26454
accept: */*

Response DefaultHttpResponse(decodeResult: success, version: HTTP/1.1)
HTTP/1.1 200 OK
content-type: application/json; charset=utf-8
cache-control: no-cache
content-length: 13
date: Sun, 28 Apr 2024 03:24:46 GMT

22:24:46.647 [AsyncHttpClient-1-2] DEBUG org.asynchttpclient.netty.channel.ChannelManager -- Adding key: http://localhost:26454 for channel [id: 0x42511ba1, L:/127.0.0.1:63151 - R:localhost/127.0.0.1:26454]
22:24:46.649 [Forwarding findElement on session e07c61e4-6c8c-40fa-bf02-54c105e74990 to remote] DEBUG org.asynchttpclient.netty.request.NettyRequestSender -- Using pooled Channel '[id: 0x42511ba1, L:/127.0.0.1:63151 - R:localhost/127.0.0.1:26454]' for 'POST' to 'http://localhost:26454/session/e07c61e4-6c8c-40fa-bf02-54c105e74990/element'
22:24:46.650 [Forwarding findElement on session e07c61e4-6c8c-40fa-bf02-54c105e74990 to remote] DEBUG org.asynchttpclient.netty.request.NettyRequestSender -- Using open Channel [id: 0x42511ba1, L:/127.0.0.1:63151 - R:localhost/127.0.0.1:26454] for POST '/session/e07c61e4-6c8c-40fa-bf02-54c105e74990/element'
22:24:46.652 [AsyncHttpClient-1-2] DEBUG org.asynchttpclient.netty.handler.HttpHandler -- 

Request DefaultHttpRequest(decodeResult: success, version: HTTP/1.1)
POST /session/e07c61e4-6c8c-40fa-bf02-54c105e74990/element HTTP/1.1
User-Agent: selenium/4.12.0 (java windows)
Content-Length: 78
Content-Type: application/json; charset=utf-8
host: localhost:26454
accept: */*

Response DefaultHttpResponse(decodeResult: success, version: HTTP/1.1)
HTTP/1.1 200 OK
content-type: application/json; charset=utf-8
cache-control: no-cache
content-length: 88
date: Sun, 28 Apr 2024 03:24:46 GMT

22:24:46.652 [AsyncHttpClient-1-2] DEBUG org.asynchttpclient.netty.channel.ChannelManager -- Adding key: http://localhost:26454 for channel [id: 0x42511ba1, L:/127.0.0.1:63151 - R:localhost/127.0.0.1:26454]
22:24:46.653 [Forwarding clickElement on session e07c61e4-6c8c-40fa-bf02-54c105e74990 to remote] DEBUG org.asynchttpclient.netty.request.NettyRequestSender -- Using pooled Channel '[id: 0x42511ba1, L:/127.0.0.1:63151 - R:localhost/127.0.0.1:26454]' for 'POST' to 'http://localhost:26454/session/e07c61e4-6c8c-40fa-bf02-54c105e74990/element/885cd233-a09d-4718-80a4-30d237d4dba3/click'
22:24:46.653 [Forwarding clickElement on session e07c61e4-6c8c-40fa-bf02-54c105e74990 to remote] DEBUG org.asynchttpclient.netty.request.NettyRequestSender -- Using open Channel [id: 0x42511ba1, L:/127.0.0.1:63151 - R:localhost/127.0.0.1:26454] for POST '/session/e07c61e4-6c8c-40fa-bf02-54c105e74990/element/885cd233-a09d-4718-80a4-30d237d4dba3/click'
22:24:46.680 [AsyncHttpClient-1-2] DEBUG org.asynchttpclient.netty.handler.HttpHandler -- 

Request DefaultHttpRequest(decodeResult: success, version: HTTP/1.1)
POST /session/e07c61e4-6c8c-40fa-bf02-54c105e74990/element/885cd233-a09d-4718-80a4-30d237d4dba3/click HTTP/1.1
User-Agent: selenium/4.12.0 (java windows)
Content-Length: 50
Content-Type: application/json; charset=utf-8
host: localhost:26454
accept: */*

Response DefaultHttpResponse(decodeResult: success, version: HTTP/1.1)
HTTP/1.1 200 OK
content-type: application/json; charset=utf-8
cache-control: no-cache
content-length: 14
date: Sun, 28 Apr 2024 03:24:46 GMT

22:24:46.680 [AsyncHttpClient-1-2] DEBUG org.asynchttpclient.netty.channel.ChannelManager -- Adding key: http://localhost:26454 for channel [id: 0x42511ba1, L:/127.0.0.1:63151 - R:localhost/127.0.0.1:26454]
22:24:46.687 [Forwarding getAlertText on session e07c61e4-6c8c-40fa-bf02-54c105e74990 to remote] DEBUG org.asynchttpclient.netty.request.NettyRequestSender -- Using pooled Channel '[id: 0x42511ba1, L:/127.0.0.1:63151 - R:localhost/127.0.0.1:26454]' for 'GET' to 'http://localhost:26454/session/e07c61e4-6c8c-40fa-bf02-54c105e74990/alert/text'
22:24:46.688 [Forwarding getAlertText on session e07c61e4-6c8c-40fa-bf02-54c105e74990 to remote] DEBUG org.asynchttpclient.netty.request.NettyRequestSender -- Using open Channel [id: 0x42511ba1, L:/127.0.0.1:63151 - R:localhost/127.0.0.1:26454] for GET '/session/e07c61e4-6c8c-40fa-bf02-54c105e74990/alert/text'
22:24:46.690 [AsyncHttpClient-1-2] DEBUG org.asynchttpclient.netty.handler.HttpHandler -- 

Request DefaultFullHttpRequest(decodeResult: success, version: HTTP/1.1, content: EmptyByteBufBE)
GET /session/e07c61e4-6c8c-40fa-bf02-54c105e74990/alert/text HTTP/1.1
Cache-Control: no-cache
User-Agent: selenium/4.12.0 (java windows)
Content-Type: application/json; charset=utf-8
host: localhost:26454
accept: */*

Response DefaultHttpResponse(decodeResult: success, version: HTTP/1.1)
HTTP/1.1 404 Not Found
content-type: application/json; charset=utf-8
cache-control: no-cache
content-length: 842
date: Sun, 28 Apr 2024 03:24:46 GMT

22:24:46.690 [AsyncHttpClient-1-2] DEBUG org.asynchttpclient.netty.channel.ChannelManager -- Adding key: http://localhost:26454 for channel [id: 0x42511ba1, L:/127.0.0.1:63151 - R:localhost/127.0.0.1:26454]
22:24:46.691 [Forwarding getCurrentUrl on session e07c61e4-6c8c-40fa-bf02-54c105e74990 to remote] DEBUG org.asynchttpclient.netty.request.NettyRequestSender -- Using pooled Channel '[id: 0x42511ba1, L:/127.0.0.1:63151 - R:localhost/127.0.0.1:26454]' for 'GET' to 'http://localhost:26454/session/e07c61e4-6c8c-40fa-bf02-54c105e74990/url'
22:24:46.691 [Forwarding getCurrentUrl on session e07c61e4-6c8c-40fa-bf02-54c105e74990 to remote] DEBUG org.asynchttpclient.netty.request.NettyRequestSender -- Using open Channel [id: 0x42511ba1, L:/127.0.0.1:63151 - R:localhost/127.0.0.1:26454] for GET '/session/e07c61e4-6c8c-40fa-bf02-54c105e74990/url'
22:24:46.692 [AsyncHttpClient-1-2] DEBUG org.asynchttpclient.netty.handler.HttpHandler -- 

Request DefaultFullHttpRequest(decodeResult: success, version: HTTP/1.1, content: EmptyByteBufBE)
GET /session/e07c61e4-6c8c-40fa-bf02-54c105e74990/url HTTP/1.1
Cache-Control: no-cache
User-Agent: selenium/4.12.0 (java windows)
Content-Type: application/json; charset=utf-8
host: localhost:26454
accept: */*

Response DefaultHttpResponse(decodeResult: success, version: HTTP/1.1)
HTTP/1.1 200 OK
content-type: application/json; charset=utf-8
cache-control: no-cache
content-length: 39
date: Sun, 28 Apr 2024 03:24:46 GMT

22:24:46.693 [AsyncHttpClient-1-2] DEBUG org.asynchttpclient.netty.channel.ChannelManager -- Adding key: http://localhost:26454 for channel [id: 0x42511ba1, L:/127.0.0.1:63151 - R:localhost/127.0.0.1:26454]
22:24:46.693 [Forwarding screenshot on session e07c61e4-6c8c-40fa-bf02-54c105e74990 to remote] DEBUG org.asynchttpclient.netty.request.NettyRequestSender -- Using pooled Channel '[id: 0x42511ba1, L:/127.0.0.1:63151 - R:localhost/127.0.0.1:26454]' for 'GET' to 'http://localhost:26454/session/e07c61e4-6c8c-40fa-bf02-54c105e74990/screenshot'
22:24:46.693 [Forwarding screenshot on session e07c61e4-6c8c-40fa-bf02-54c105e74990 to remote] DEBUG org.asynchttpclient.netty.request.NettyRequestSender -- Using open Channel [id: 0x42511ba1, L:/127.0.0.1:63151 - R:localhost/127.0.0.1:26454] for GET '/session/e07c61e4-6c8c-40fa-bf02-54c105e74990/screenshot'
22:24:46.795 [AsyncHttpClient-1-2] DEBUG org.asynchttpclient.netty.handler.HttpHandler -- 

Request DefaultFullHttpRequest(decodeResult: success, version: HTTP/1.1, content: EmptyByteBufBE)
GET /session/e07c61e4-6c8c-40fa-bf02-54c105e74990/screenshot HTTP/1.1
Cache-Control: no-cache
User-Agent: selenium/4.12.0 (java windows)
Content-Type: application/json; charset=utf-8
host: localhost:26454
accept: */*

Response DefaultHttpResponse(decodeResult: success, version: HTTP/1.1)
HTTP/1.1 200 OK
content-type: application/json; charset=utf-8
cache-control: no-cache
content-length: 800340
date: Sun, 28 Apr 2024 03:24:46 GMT

22:24:46.797 [AsyncHttpClient-1-2] DEBUG org.asynchttpclient.netty.channel.ChannelManager -- Adding key: http://localhost:26454 for channel [id: 0x42511ba1, L:/127.0.0.1:63151 - R:localhost/127.0.0.1:26454]
22:24:46.809 [main] DEBUG net.serenitybdd.core.photography.Darkroom -- Send negative for processing for C:\Users\USUARIO\OneDrive\Documentos\02 Automatización\03 Pragma\pragma\pragma\target\site\serenity\c6d2d59253a3c52d8b8db4ad723f6da73641757028d146bd6c52f7f99c9aebe9.png
22:24:47.609 [AsyncHttpClient-1-1] DEBUG org.asynchttpclient.netty.channel.DefaultChannelPool -- Entry count for : http://localhost:26454 : 1
22:24:47.824 [main] DEBUG net.thucydides.core.steps.StepInterceptor -- STEP DONE: ingresoACategoria
22:24:47.835 [Forwarding getAlertText on session e07c61e4-6c8c-40fa-bf02-54c105e74990 to remote] DEBUG org.asynchttpclient.netty.request.NettyRequestSender -- Using pooled Channel '[id: 0x42511ba1, L:/127.0.0.1:63151 - R:localhost/127.0.0.1:26454]' for 'GET' to 'http://localhost:26454/session/e07c61e4-6c8c-40fa-bf02-54c105e74990/alert/text'
22:24:47.835 [Forwarding getAlertText on session e07c61e4-6c8c-40fa-bf02-54c105e74990 to remote] DEBUG org.asynchttpclient.netty.request.NettyRequestSender -- Using open Channel [id: 0x42511ba1, L:/127.0.0.1:63151 - R:localhost/127.0.0.1:26454] for GET '/session/e07c61e4-6c8c-40fa-bf02-54c105e74990/alert/text'
22:24:47.838 [AsyncHttpClient-1-2] DEBUG org.asynchttpclient.netty.handler.HttpHandler -- 

Request DefaultFullHttpRequest(decodeResult: success, version: HTTP/1.1, content: EmptyByteBufBE)
GET /session/e07c61e4-6c8c-40fa-bf02-54c105e74990/alert/text HTTP/1.1
Cache-Control: no-cache
User-Agent: selenium/4.12.0 (java windows)
Content-Type: application/json; charset=utf-8
host: localhost:26454
accept: */*

Response DefaultHttpResponse(decodeResult: success, version: HTTP/1.1)
HTTP/1.1 404 Not Found
content-type: application/json; charset=utf-8
cache-control: no-cache
content-length: 842
date: Sun, 28 Apr 2024 03:24:47 GMT

22:24:47.839 [AsyncHttpClient-1-2] DEBUG org.asynchttpclient.netty.channel.ChannelManager -- Adding key: http://localhost:26454 for channel [id: 0x42511ba1, L:/127.0.0.1:63151 - R:localhost/127.0.0.1:26454]
22:24:47.842 [Forwarding getCurrentUrl on session e07c61e4-6c8c-40fa-bf02-54c105e74990 to remote] DEBUG org.asynchttpclient.netty.request.NettyRequestSender -- Using pooled Channel '[id: 0x42511ba1, L:/127.0.0.1:63151 - R:localhost/127.0.0.1:26454]' for 'GET' to 'http://localhost:26454/session/e07c61e4-6c8c-40fa-bf02-54c105e74990/url'
22:24:47.842 [Forwarding getCurrentUrl on session e07c61e4-6c8c-40fa-bf02-54c105e74990 to remote] DEBUG org.asynchttpclient.netty.request.NettyRequestSender -- Using open Channel [id: 0x42511ba1, L:/127.0.0.1:63151 - R:localhost/127.0.0.1:26454] for GET '/session/e07c61e4-6c8c-40fa-bf02-54c105e74990/url'
22:24:47.844 [AsyncHttpClient-1-2] DEBUG org.asynchttpclient.netty.handler.HttpHandler -- 

Request DefaultFullHttpRequest(decodeResult: success, version: HTTP/1.1, content: EmptyByteBufBE)
GET /session/e07c61e4-6c8c-40fa-bf02-54c105e74990/url HTTP/1.1
Cache-Control: no-cache
User-Agent: selenium/4.12.0 (java windows)
Content-Type: application/json; charset=utf-8
host: localhost:26454
accept: */*

Response DefaultHttpResponse(decodeResult: success, version: HTTP/1.1)
HTTP/1.1 200 OK
content-type: application/json; charset=utf-8
cache-control: no-cache
content-length: 39
date: Sun, 28 Apr 2024 03:24:47 GMT

22:24:47.844 [AsyncHttpClient-1-2] DEBUG org.asynchttpclient.netty.channel.ChannelManager -- Adding key: http://localhost:26454 for channel [id: 0x42511ba1, L:/127.0.0.1:63151 - R:localhost/127.0.0.1:26454]
22:24:47.845 [Forwarding screenshot on session e07c61e4-6c8c-40fa-bf02-54c105e74990 to remote] DEBUG org.asynchttpclient.netty.request.NettyRequestSender -- Using pooled Channel '[id: 0x42511ba1, L:/127.0.0.1:63151 - R:localhost/127.0.0.1:26454]' for 'GET' to 'http://localhost:26454/session/e07c61e4-6c8c-40fa-bf02-54c105e74990/screenshot'
22:24:47.846 [Forwarding screenshot on session e07c61e4-6c8c-40fa-bf02-54c105e74990 to remote] DEBUG org.asynchttpclient.netty.request.NettyRequestSender -- Using open Channel [id: 0x42511ba1, L:/127.0.0.1:63151 - R:localhost/127.0.0.1:26454] for GET '/session/e07c61e4-6c8c-40fa-bf02-54c105e74990/screenshot'
22:24:47.905 [AsyncHttpClient-1-2] DEBUG org.asynchttpclient.netty.handler.HttpHandler -- 

Request DefaultFullHttpRequest(decodeResult: success, version: HTTP/1.1, content: EmptyByteBufBE)
GET /session/e07c61e4-6c8c-40fa-bf02-54c105e74990/screenshot HTTP/1.1
Cache-Control: no-cache
User-Agent: selenium/4.12.0 (java windows)
Content-Type: application/json; charset=utf-8
host: localhost:26454
accept: */*

Response DefaultHttpResponse(decodeResult: success, version: HTTP/1.1)
HTTP/1.1 200 OK
content-type: application/json; charset=utf-8
cache-control: no-cache
content-length: 548564
date: Sun, 28 Apr 2024 03:24:47 GMT

22:24:47.906 [AsyncHttpClient-1-2] DEBUG org.asynchttpclient.netty.channel.ChannelManager -- Adding key: http://localhost:26454 for channel [id: 0x42511ba1, L:/127.0.0.1:63151 - R:localhost/127.0.0.1:26454]
22:24:47.914 [main] DEBUG net.serenitybdd.core.photography.Darkroom -- Send negative for processing for C:\Users\USUARIO\OneDrive\Documentos\02 Automatización\03 Pragma\pragma\pragma\target\site\serenity\c5bd11b700bec8a0dbd87675db036b1814c8ede9f24bb4fbfea5ab0e5c610bbe.png
22:24:47.915 [Darkroom Processing Line] DEBUG net.serenitybdd.core.photography.DarkroomProcessingLine -- Processing screenshot image in /var/screenshots/screenshot-14710406185689821974
22:24:47.915 [Darkroom Processing Line] DEBUG net.serenitybdd.core.photography.DarkroomProcessingLine -- Saving screenshot to C:\Users\USUARIO\OneDrive\Documentos\02 Automatización\03 Pragma\pragma\pragma\target\site\serenity\c5bd11b700bec8a0dbd87675db036b1814c8ede9f24bb4fbfea5ab0e5c610bbe.png
22:24:48.712 [AsyncHttpClient-1-1] DEBUG org.asynchttpclient.netty.channel.DefaultChannelPool -- Entry count for : http://localhost:26454 : 1
22:24:48.941 [main] DEBUG net.thucydides.core.steps.StepInterceptor -- STARTING STEP: StepInterceptor.testContext - ingresoAlProducto
22:24:48.945 [Forwarding findElement on session e07c61e4-6c8c-40fa-bf02-54c105e74990 to remote] DEBUG org.asynchttpclient.netty.request.NettyRequestSender -- Using pooled Channel '[id: 0x42511ba1, L:/127.0.0.1:63151 - R:localhost/127.0.0.1:26454]' for 'POST' to 'http://localhost:26454/session/e07c61e4-6c8c-40fa-bf02-54c105e74990/element'
22:24:48.945 [Forwarding findElement on session e07c61e4-6c8c-40fa-bf02-54c105e74990 to remote] DEBUG org.asynchttpclient.netty.request.NettyRequestSender -- Using open Channel [id: 0x42511ba1, L:/127.0.0.1:63151 - R:localhost/127.0.0.1:26454] for POST '/session/e07c61e4-6c8c-40fa-bf02-54c105e74990/element'
22:24:48.951 [AsyncHttpClient-1-2] DEBUG org.asynchttpclient.netty.handler.HttpHandler -- 

Request DefaultHttpRequest(decodeResult: success, version: HTTP/1.1)
POST /session/e07c61e4-6c8c-40fa-bf02-54c105e74990/element HTTP/1.1
User-Agent: selenium/4.12.0 (java windows)
Content-Length: 82
Content-Type: application/json; charset=utf-8
host: localhost:26454
accept: */*

Response DefaultHttpResponse(decodeResult: success, version: HTTP/1.1)
HTTP/1.1 200 OK
content-type: application/json; charset=utf-8
cache-control: no-cache
content-length: 88
date: Sun, 28 Apr 2024 03:24:48 GMT

22:24:48.951 [AsyncHttpClient-1-2] DEBUG org.asynchttpclient.netty.channel.ChannelManager -- Adding key: http://localhost:26454 for channel [id: 0x42511ba1, L:/127.0.0.1:63151 - R:localhost/127.0.0.1:26454]
22:24:48.954 [Forwarding getElementTagName on session e07c61e4-6c8c-40fa-bf02-54c105e74990 to remote] DEBUG org.asynchttpclient.netty.request.NettyRequestSender -- Using pooled Channel '[id: 0x42511ba1, L:/127.0.0.1:63151 - R:localhost/127.0.0.1:26454]' for 'GET' to 'http://localhost:26454/session/e07c61e4-6c8c-40fa-bf02-54c105e74990/element/ae38909d-23b4-42c3-82c2-53e818c90168/name'
22:24:48.954 [Forwarding getElementTagName on session e07c61e4-6c8c-40fa-bf02-54c105e74990 to remote] DEBUG org.asynchttpclient.netty.request.NettyRequestSender -- Using open Channel [id: 0x42511ba1, L:/127.0.0.1:63151 - R:localhost/127.0.0.1:26454] for GET '/session/e07c61e4-6c8c-40fa-bf02-54c105e74990/element/ae38909d-23b4-42c3-82c2-53e818c90168/name'
22:24:48.957 [AsyncHttpClient-1-2] DEBUG org.asynchttpclient.netty.handler.HttpHandler -- 

Request DefaultFullHttpRequest(decodeResult: success, version: HTTP/1.1, content: EmptyByteBufBE)
GET /session/e07c61e4-6c8c-40fa-bf02-54c105e74990/element/ae38909d-23b4-42c3-82c2-53e818c90168/name HTTP/1.1
Cache-Control: no-cache
User-Agent: selenium/4.12.0 (java windows)
Content-Type: application/json; charset=utf-8
host: localhost:26454
accept: */*

Response DefaultHttpResponse(decodeResult: success, version: HTTP/1.1)
HTTP/1.1 200 OK
content-type: application/json; charset=utf-8
cache-control: no-cache
content-length: 13
date: Sun, 28 Apr 2024 03:24:48 GMT

22:24:48.957 [AsyncHttpClient-1-2] DEBUG org.asynchttpclient.netty.channel.ChannelManager -- Adding key: http://localhost:26454 for channel [id: 0x42511ba1, L:/127.0.0.1:63151 - R:localhost/127.0.0.1:26454]
22:24:48.958 [Forwarding getElementTagName on session e07c61e4-6c8c-40fa-bf02-54c105e74990 to remote] DEBUG org.asynchttpclient.netty.request.NettyRequestSender -- Using pooled Channel '[id: 0x42511ba1, L:/127.0.0.1:63151 - R:localhost/127.0.0.1:26454]' for 'GET' to 'http://localhost:26454/session/e07c61e4-6c8c-40fa-bf02-54c105e74990/element/ae38909d-23b4-42c3-82c2-53e818c90168/name'
22:24:48.958 [Forwarding getElementTagName on session e07c61e4-6c8c-40fa-bf02-54c105e74990 to remote] DEBUG org.asynchttpclient.netty.request.NettyRequestSender -- Using open Channel [id: 0x42511ba1, L:/127.0.0.1:63151 - R:localhost/127.0.0.1:26454] for GET '/session/e07c61e4-6c8c-40fa-bf02-54c105e74990/element/ae38909d-23b4-42c3-82c2-53e818c90168/name'
22:24:48.961 [AsyncHttpClient-1-2] DEBUG org.asynchttpclient.netty.handler.HttpHandler -- 

Request DefaultFullHttpRequest(decodeResult: success, version: HTTP/1.1, content: EmptyByteBufBE)
GET /session/e07c61e4-6c8c-40fa-bf02-54c105e74990/element/ae38909d-23b4-42c3-82c2-53e818c90168/name HTTP/1.1
Cache-Control: no-cache
User-Agent: selenium/4.12.0 (java windows)
Content-Type: application/json; charset=utf-8
host: localhost:26454
accept: */*

Response DefaultHttpResponse(decodeResult: success, version: HTTP/1.1)
HTTP/1.1 200 OK
content-type: application/json; charset=utf-8
cache-control: no-cache
content-length: 13
date: Sun, 28 Apr 2024 03:24:48 GMT

22:24:48.961 [AsyncHttpClient-1-2] DEBUG org.asynchttpclient.netty.channel.ChannelManager -- Adding key: http://localhost:26454 for channel [id: 0x42511ba1, L:/127.0.0.1:63151 - R:localhost/127.0.0.1:26454]
22:24:48.963 [Forwarding findElement on session e07c61e4-6c8c-40fa-bf02-54c105e74990 to remote] DEBUG org.asynchttpclient.netty.request.NettyRequestSender -- Using pooled Channel '[id: 0x42511ba1, L:/127.0.0.1:63151 - R:localhost/127.0.0.1:26454]' for 'POST' to 'http://localhost:26454/session/e07c61e4-6c8c-40fa-bf02-54c105e74990/element'
22:24:48.963 [Forwarding findElement on session e07c61e4-6c8c-40fa-bf02-54c105e74990 to remote] DEBUG org.asynchttpclient.netty.request.NettyRequestSender -- Using open Channel [id: 0x42511ba1, L:/127.0.0.1:63151 - R:localhost/127.0.0.1:26454] for POST '/session/e07c61e4-6c8c-40fa-bf02-54c105e74990/element'
22:24:48.965 [AsyncHttpClient-1-2] DEBUG org.asynchttpclient.netty.handler.HttpHandler -- 

Request DefaultHttpRequest(decodeResult: success, version: HTTP/1.1)
POST /session/e07c61e4-6c8c-40fa-bf02-54c105e74990/element HTTP/1.1
User-Agent: selenium/4.12.0 (java windows)
Content-Length: 82
Content-Type: application/json; charset=utf-8
host: localhost:26454
accept: */*

Response DefaultHttpResponse(decodeResult: success, version: HTTP/1.1)
HTTP/1.1 200 OK
content-type: application/json; charset=utf-8
cache-control: no-cache
content-length: 88
date: Sun, 28 Apr 2024 03:24:48 GMT

22:24:48.965 [AsyncHttpClient-1-2] DEBUG org.asynchttpclient.netty.channel.ChannelManager -- Adding key: http://localhost:26454 for channel [id: 0x42511ba1, L:/127.0.0.1:63151 - R:localhost/127.0.0.1:26454]
22:24:48.966 [Forwarding clickElement on session e07c61e4-6c8c-40fa-bf02-54c105e74990 to remote] DEBUG org.asynchttpclient.netty.request.NettyRequestSender -- Using pooled Channel '[id: 0x42511ba1, L:/127.0.0.1:63151 - R:localhost/127.0.0.1:26454]' for 'POST' to 'http://localhost:26454/session/e07c61e4-6c8c-40fa-bf02-54c105e74990/element/ae38909d-23b4-42c3-82c2-53e818c90168/click'
22:24:48.966 [Forwarding clickElement on session e07c61e4-6c8c-40fa-bf02-54c105e74990 to remote] DEBUG org.asynchttpclient.netty.request.NettyRequestSender -- Using open Channel [id: 0x42511ba1, L:/127.0.0.1:63151 - R:localhost/127.0.0.1:26454] for POST '/session/e07c61e4-6c8c-40fa-bf02-54c105e74990/element/ae38909d-23b4-42c3-82c2-53e818c90168/click'
22:24:49.258 [AsyncHttpClient-1-2] DEBUG org.asynchttpclient.netty.handler.HttpHandler -- 

Request DefaultHttpRequest(decodeResult: success, version: HTTP/1.1)
POST /session/e07c61e4-6c8c-40fa-bf02-54c105e74990/element/ae38909d-23b4-42c3-82c2-53e818c90168/click HTTP/1.1
User-Agent: selenium/4.12.0 (java windows)
Content-Length: 50
Content-Type: application/json; charset=utf-8
host: localhost:26454
accept: */*

Response DefaultHttpResponse(decodeResult: success, version: HTTP/1.1)
HTTP/1.1 200 OK
content-type: application/json; charset=utf-8
cache-control: no-cache
content-length: 14
date: Sun, 28 Apr 2024 03:24:48 GMT

22:24:49.259 [AsyncHttpClient-1-2] DEBUG org.asynchttpclient.netty.channel.ChannelManager -- Adding key: http://localhost:26454 for channel [id: 0x42511ba1, L:/127.0.0.1:63151 - R:localhost/127.0.0.1:26454]
22:24:49.264 [Forwarding findElement on session e07c61e4-6c8c-40fa-bf02-54c105e74990 to remote] DEBUG org.asynchttpclient.netty.request.NettyRequestSender -- Using pooled Channel '[id: 0x42511ba1, L:/127.0.0.1:63151 - R:localhost/127.0.0.1:26454]' for 'POST' to 'http://localhost:26454/session/e07c61e4-6c8c-40fa-bf02-54c105e74990/element'
22:24:49.264 [Forwarding findElement on session e07c61e4-6c8c-40fa-bf02-54c105e74990 to remote] DEBUG org.asynchttpclient.netty.request.NettyRequestSender -- Using open Channel [id: 0x42511ba1, L:/127.0.0.1:63151 - R:localhost/127.0.0.1:26454] for POST '/session/e07c61e4-6c8c-40fa-bf02-54c105e74990/element'
22:24:49.519 [AsyncHttpClient-1-2] DEBUG org.asynchttpclient.netty.handler.HttpHandler -- 

Request DefaultHttpRequest(decodeResult: success, version: HTTP/1.1)
POST /session/e07c61e4-6c8c-40fa-bf02-54c105e74990/element HTTP/1.1
User-Agent: selenium/4.12.0 (java windows)
Content-Length: 66
Content-Type: application/json; charset=utf-8
host: localhost:26454
accept: */*

Response DefaultHttpResponse(decodeResult: success, version: HTTP/1.1)
HTTP/1.1 200 OK
content-type: application/json; charset=utf-8
cache-control: no-cache
content-length: 88
date: Sun, 28 Apr 2024 03:24:48 GMT

22:24:49.520 [AsyncHttpClient-1-2] DEBUG org.asynchttpclient.netty.channel.ChannelManager -- Adding key: http://localhost:26454 for channel [id: 0x42511ba1, L:/127.0.0.1:63151 - R:localhost/127.0.0.1:26454]
22:24:49.521 [Forwarding getElementText on session e07c61e4-6c8c-40fa-bf02-54c105e74990 to remote] DEBUG org.asynchttpclient.netty.request.NettyRequestSender -- Using pooled Channel '[id: 0x42511ba1, L:/127.0.0.1:63151 - R:localhost/127.0.0.1:26454]' for 'GET' to 'http://localhost:26454/session/e07c61e4-6c8c-40fa-bf02-54c105e74990/element/40e51729-3688-40c8-a26f-4d0c9725355e/text'
22:24:49.521 [Forwarding getElementText on session e07c61e4-6c8c-40fa-bf02-54c105e74990 to remote] DEBUG org.asynchttpclient.netty.request.NettyRequestSender -- Using open Channel [id: 0x42511ba1, L:/127.0.0.1:63151 - R:localhost/127.0.0.1:26454] for GET '/session/e07c61e4-6c8c-40fa-bf02-54c105e74990/element/40e51729-3688-40c8-a26f-4d0c9725355e/text'
22:24:49.529 [AsyncHttpClient-1-2] DEBUG org.asynchttpclient.netty.handler.HttpHandler -- 

Request DefaultFullHttpRequest(decodeResult: success, version: HTTP/1.1, content: EmptyByteBufBE)
GET /session/e07c61e4-6c8c-40fa-bf02-54c105e74990/element/40e51729-3688-40c8-a26f-4d0c9725355e/text HTTP/1.1
Cache-Control: no-cache
User-Agent: selenium/4.12.0 (java windows)
Content-Type: application/json; charset=utf-8
host: localhost:26454
accept: */*

Response DefaultHttpResponse(decodeResult: success, version: HTTP/1.1)
HTTP/1.1 200 OK
content-type: application/json; charset=utf-8
cache-control: no-cache
content-length: 23
date: Sun, 28 Apr 2024 03:24:48 GMT

22:24:49.529 [AsyncHttpClient-1-2] DEBUG org.asynchttpclient.netty.channel.ChannelManager -- Adding key: http://localhost:26454 for channel [id: 0x42511ba1, L:/127.0.0.1:63151 - R:localhost/127.0.0.1:26454]
22:24:49.536 [Forwarding getAlertText on session e07c61e4-6c8c-40fa-bf02-54c105e74990 to remote] DEBUG org.asynchttpclient.netty.request.NettyRequestSender -- Using pooled Channel '[id: 0x42511ba1, L:/127.0.0.1:63151 - R:localhost/127.0.0.1:26454]' for 'GET' to 'http://localhost:26454/session/e07c61e4-6c8c-40fa-bf02-54c105e74990/alert/text'
22:24:49.536 [Forwarding getAlertText on session e07c61e4-6c8c-40fa-bf02-54c105e74990 to remote] DEBUG org.asynchttpclient.netty.request.NettyRequestSender -- Using open Channel [id: 0x42511ba1, L:/127.0.0.1:63151 - R:localhost/127.0.0.1:26454] for GET '/session/e07c61e4-6c8c-40fa-bf02-54c105e74990/alert/text'
22:24:49.538 [AsyncHttpClient-1-2] DEBUG org.asynchttpclient.netty.handler.HttpHandler -- 

Request DefaultFullHttpRequest(decodeResult: success, version: HTTP/1.1, content: EmptyByteBufBE)
GET /session/e07c61e4-6c8c-40fa-bf02-54c105e74990/alert/text HTTP/1.1
Cache-Control: no-cache
User-Agent: selenium/4.12.0 (java windows)
Content-Type: application/json; charset=utf-8
host: localhost:26454
accept: */*

Response DefaultHttpResponse(decodeResult: success, version: HTTP/1.1)
HTTP/1.1 404 Not Found
content-type: application/json; charset=utf-8
cache-control: no-cache
content-length: 842
date: Sun, 28 Apr 2024 03:24:48 GMT

22:24:49.538 [AsyncHttpClient-1-2] DEBUG org.asynchttpclient.netty.channel.ChannelManager -- Adding key: http://localhost:26454 for channel [id: 0x42511ba1, L:/127.0.0.1:63151 - R:localhost/127.0.0.1:26454]
22:24:49.539 [Forwarding getCurrentUrl on session e07c61e4-6c8c-40fa-bf02-54c105e74990 to remote] DEBUG org.asynchttpclient.netty.request.NettyRequestSender -- Using pooled Channel '[id: 0x42511ba1, L:/127.0.0.1:63151 - R:localhost/127.0.0.1:26454]' for 'GET' to 'http://localhost:26454/session/e07c61e4-6c8c-40fa-bf02-54c105e74990/url'
22:24:49.539 [Forwarding getCurrentUrl on session e07c61e4-6c8c-40fa-bf02-54c105e74990 to remote] DEBUG org.asynchttpclient.netty.request.NettyRequestSender -- Using open Channel [id: 0x42511ba1, L:/127.0.0.1:63151 - R:localhost/127.0.0.1:26454] for GET '/session/e07c61e4-6c8c-40fa-bf02-54c105e74990/url'
22:24:49.541 [AsyncHttpClient-1-2] DEBUG org.asynchttpclient.netty.handler.HttpHandler -- 

Request DefaultFullHttpRequest(decodeResult: success, version: HTTP/1.1, content: EmptyByteBufBE)
GET /session/e07c61e4-6c8c-40fa-bf02-54c105e74990/url HTTP/1.1
Cache-Control: no-cache
User-Agent: selenium/4.12.0 (java windows)
Content-Type: application/json; charset=utf-8
host: localhost:26454
accept: */*

Response DefaultHttpResponse(decodeResult: success, version: HTTP/1.1)
HTTP/1.1 200 OK
content-type: application/json; charset=utf-8
cache-control: no-cache
content-length: 55
date: Sun, 28 Apr 2024 03:24:48 GMT

22:24:49.541 [AsyncHttpClient-1-2] DEBUG org.asynchttpclient.netty.channel.ChannelManager -- Adding key: http://localhost:26454 for channel [id: 0x42511ba1, L:/127.0.0.1:63151 - R:localhost/127.0.0.1:26454]
22:24:49.542 [Forwarding screenshot on session e07c61e4-6c8c-40fa-bf02-54c105e74990 to remote] DEBUG org.asynchttpclient.netty.request.NettyRequestSender -- Using pooled Channel '[id: 0x42511ba1, L:/127.0.0.1:63151 - R:localhost/127.0.0.1:26454]' for 'GET' to 'http://localhost:26454/session/e07c61e4-6c8c-40fa-bf02-54c105e74990/screenshot'
22:24:49.542 [Forwarding screenshot on session e07c61e4-6c8c-40fa-bf02-54c105e74990 to remote] DEBUG org.asynchttpclient.netty.request.NettyRequestSender -- Using open Channel [id: 0x42511ba1, L:/127.0.0.1:63151 - R:localhost/127.0.0.1:26454] for GET '/session/e07c61e4-6c8c-40fa-bf02-54c105e74990/screenshot'
22:24:49.617 [AsyncHttpClient-1-2] DEBUG org.asynchttpclient.netty.handler.HttpHandler -- 

Request DefaultFullHttpRequest(decodeResult: success, version: HTTP/1.1, content: EmptyByteBufBE)
GET /session/e07c61e4-6c8c-40fa-bf02-54c105e74990/screenshot HTTP/1.1
Cache-Control: no-cache
User-Agent: selenium/4.12.0 (java windows)
Content-Type: application/json; charset=utf-8
host: localhost:26454
accept: */*

Response DefaultHttpResponse(decodeResult: success, version: HTTP/1.1)
HTTP/1.1 200 OK
content-type: application/json; charset=utf-8
cache-control: no-cache
content-length: 442872
date: Sun, 28 Apr 2024 03:24:48 GMT

22:24:49.619 [AsyncHttpClient-1-2] DEBUG org.asynchttpclient.netty.channel.ChannelManager -- Adding key: http://localhost:26454 for channel [id: 0x42511ba1, L:/127.0.0.1:63151 - R:localhost/127.0.0.1:26454]
22:24:49.624 [main] DEBUG net.serenitybdd.core.photography.Darkroom -- Send negative for processing for C:\Users\USUARIO\OneDrive\Documentos\02 Automatización\03 Pragma\pragma\pragma\target\site\serenity\6e8e910a40452eb0870ffa447740510f5bb21f21a79f8c8568897d0655637592.png
22:24:49.625 [Darkroom Processing Line] DEBUG net.serenitybdd.core.photography.DarkroomProcessingLine -- Processing screenshot image in /var/screenshots/screenshot-8568153692782824896
22:24:49.625 [Darkroom Processing Line] DEBUG net.serenitybdd.core.photography.DarkroomProcessingLine -- Saving screenshot to C:\Users\USUARIO\OneDrive\Documentos\02 Automatización\03 Pragma\pragma\pragma\target\site\serenity\6e8e910a40452eb0870ffa447740510f5bb21f21a79f8c8568897d0655637592.png
22:24:49.814 [AsyncHttpClient-1-1] DEBUG org.asynchttpclient.netty.channel.DefaultChannelPool -- Entry count for : http://localhost:26454 : 1
22:24:50.638 [main] DEBUG net.thucydides.core.steps.StepInterceptor -- STEP DONE: ingresoAlProducto
22:24:50.648 [Forwarding getAlertText on session e07c61e4-6c8c-40fa-bf02-54c105e74990 to remote] DEBUG org.asynchttpclient.netty.request.NettyRequestSender -- Using pooled Channel '[id: 0x42511ba1, L:/127.0.0.1:63151 - R:localhost/127.0.0.1:26454]' for 'GET' to 'http://localhost:26454/session/e07c61e4-6c8c-40fa-bf02-54c105e74990/alert/text'
22:24:50.648 [Forwarding getAlertText on session e07c61e4-6c8c-40fa-bf02-54c105e74990 to remote] DEBUG org.asynchttpclient.netty.request.NettyRequestSender -- Using open Channel [id: 0x42511ba1, L:/127.0.0.1:63151 - R:localhost/127.0.0.1:26454] for GET '/session/e07c61e4-6c8c-40fa-bf02-54c105e74990/alert/text'
22:24:50.651 [AsyncHttpClient-1-2] DEBUG org.asynchttpclient.netty.handler.HttpHandler -- 

Request DefaultFullHttpRequest(decodeResult: success, version: HTTP/1.1, content: EmptyByteBufBE)
GET /session/e07c61e4-6c8c-40fa-bf02-54c105e74990/alert/text HTTP/1.1
Cache-Control: no-cache
User-Agent: selenium/4.12.0 (java windows)
Content-Type: application/json; charset=utf-8
host: localhost:26454
accept: */*

Response DefaultHttpResponse(decodeResult: success, version: HTTP/1.1)
HTTP/1.1 404 Not Found
content-type: application/json; charset=utf-8
cache-control: no-cache
content-length: 842
date: Sun, 28 Apr 2024 03:24:50 GMT

22:24:50.651 [AsyncHttpClient-1-2] DEBUG org.asynchttpclient.netty.channel.ChannelManager -- Adding key: http://localhost:26454 for channel [id: 0x42511ba1, L:/127.0.0.1:63151 - R:localhost/127.0.0.1:26454]
22:24:50.653 [Forwarding getCurrentUrl on session e07c61e4-6c8c-40fa-bf02-54c105e74990 to remote] DEBUG org.asynchttpclient.netty.request.NettyRequestSender -- Using pooled Channel '[id: 0x42511ba1, L:/127.0.0.1:63151 - R:localhost/127.0.0.1:26454]' for 'GET' to 'http://localhost:26454/session/e07c61e4-6c8c-40fa-bf02-54c105e74990/url'
22:24:50.653 [Forwarding getCurrentUrl on session e07c61e4-6c8c-40fa-bf02-54c105e74990 to remote] DEBUG org.asynchttpclient.netty.request.NettyRequestSender -- Using open Channel [id: 0x42511ba1, L:/127.0.0.1:63151 - R:localhost/127.0.0.1:26454] for GET '/session/e07c61e4-6c8c-40fa-bf02-54c105e74990/url'
22:24:50.656 [AsyncHttpClient-1-2] DEBUG org.asynchttpclient.netty.handler.HttpHandler -- 

Request DefaultFullHttpRequest(decodeResult: success, version: HTTP/1.1, content: EmptyByteBufBE)
GET /session/e07c61e4-6c8c-40fa-bf02-54c105e74990/url HTTP/1.1
Cache-Control: no-cache
User-Agent: selenium/4.12.0 (java windows)
Content-Type: application/json; charset=utf-8
host: localhost:26454
accept: */*

Response DefaultHttpResponse(decodeResult: success, version: HTTP/1.1)
HTTP/1.1 200 OK
content-type: application/json; charset=utf-8
cache-control: no-cache
content-length: 55
date: Sun, 28 Apr 2024 03:24:50 GMT

22:24:50.656 [AsyncHttpClient-1-2] DEBUG org.asynchttpclient.netty.channel.ChannelManager -- Adding key: http://localhost:26454 for channel [id: 0x42511ba1, L:/127.0.0.1:63151 - R:localhost/127.0.0.1:26454]
22:24:50.657 [Forwarding screenshot on session e07c61e4-6c8c-40fa-bf02-54c105e74990 to remote] DEBUG org.asynchttpclient.netty.request.NettyRequestSender -- Using pooled Channel '[id: 0x42511ba1, L:/127.0.0.1:63151 - R:localhost/127.0.0.1:26454]' for 'GET' to 'http://localhost:26454/session/e07c61e4-6c8c-40fa-bf02-54c105e74990/screenshot'
22:24:50.657 [Forwarding screenshot on session e07c61e4-6c8c-40fa-bf02-54c105e74990 to remote] DEBUG org.asynchttpclient.netty.request.NettyRequestSender -- Using open Channel [id: 0x42511ba1, L:/127.0.0.1:63151 - R:localhost/127.0.0.1:26454] for GET '/session/e07c61e4-6c8c-40fa-bf02-54c105e74990/screenshot'
22:24:50.705 [AsyncHttpClient-1-2] DEBUG org.asynchttpclient.netty.handler.HttpHandler -- 

Request DefaultFullHttpRequest(decodeResult: success, version: HTTP/1.1, content: EmptyByteBufBE)
GET /session/e07c61e4-6c8c-40fa-bf02-54c105e74990/screenshot HTTP/1.1
Cache-Control: no-cache
User-Agent: selenium/4.12.0 (java windows)
Content-Type: application/json; charset=utf-8
host: localhost:26454
accept: */*

Response DefaultHttpResponse(decodeResult: success, version: HTTP/1.1)
HTTP/1.1 200 OK
content-type: application/json; charset=utf-8
cache-control: no-cache
content-length: 442872
date: Sun, 28 Apr 2024 03:24:50 GMT

22:24:50.706 [AsyncHttpClient-1-2] DEBUG org.asynchttpclient.netty.channel.ChannelManager -- Adding key: http://localhost:26454 for channel [id: 0x42511ba1, L:/127.0.0.1:63151 - R:localhost/127.0.0.1:26454]
22:24:50.711 [main] DEBUG net.serenitybdd.core.photography.Darkroom -- Send negative for processing for C:\Users\USUARIO\OneDrive\Documentos\02 Automatización\03 Pragma\pragma\pragma\target\site\serenity\6e8e910a40452eb0870ffa447740510f5bb21f21a79f8c8568897d0655637592.png
22:24:50.909 [AsyncHttpClient-1-1] DEBUG org.asynchttpclient.netty.channel.DefaultChannelPool -- Entry count for : http://localhost:26454 : 1
22:24:51.741 [main] DEBUG net.thucydides.core.steps.StepInterceptor -- STARTING STEP: StepInterceptor.testContext - agregoElProductoAlCarritoDeCompra
22:24:51.744 [Forwarding findElement on session e07c61e4-6c8c-40fa-bf02-54c105e74990 to remote] DEBUG org.asynchttpclient.netty.request.NettyRequestSender -- Using pooled Channel '[id: 0x42511ba1, L:/127.0.0.1:63151 - R:localhost/127.0.0.1:26454]' for 'POST' to 'http://localhost:26454/session/e07c61e4-6c8c-40fa-bf02-54c105e74990/element'
22:24:51.744 [Forwarding findElement on session e07c61e4-6c8c-40fa-bf02-54c105e74990 to remote] DEBUG org.asynchttpclient.netty.request.NettyRequestSender -- Using open Channel [id: 0x42511ba1, L:/127.0.0.1:63151 - R:localhost/127.0.0.1:26454] for POST '/session/e07c61e4-6c8c-40fa-bf02-54c105e74990/element'
22:24:51.746 [AsyncHttpClient-1-2] DEBUG org.asynchttpclient.netty.handler.HttpHandler -- 

Request DefaultHttpRequest(decodeResult: success, version: HTTP/1.1)
POST /session/e07c61e4-6c8c-40fa-bf02-54c105e74990/element HTTP/1.1
User-Agent: selenium/4.12.0 (java windows)
Content-Length: 83
Content-Type: application/json; charset=utf-8
host: localhost:26454
accept: */*

Response DefaultHttpResponse(decodeResult: success, version: HTTP/1.1)
HTTP/1.1 200 OK
content-type: application/json; charset=utf-8
cache-control: no-cache
content-length: 88
date: Sun, 28 Apr 2024 03:24:51 GMT

22:24:51.746 [AsyncHttpClient-1-2] DEBUG org.asynchttpclient.netty.channel.ChannelManager -- Adding key: http://localhost:26454 for channel [id: 0x42511ba1, L:/127.0.0.1:63151 - R:localhost/127.0.0.1:26454]
22:24:51.748 [Forwarding getElementTagName on session e07c61e4-6c8c-40fa-bf02-54c105e74990 to remote] DEBUG org.asynchttpclient.netty.request.NettyRequestSender -- Using pooled Channel '[id: 0x42511ba1, L:/127.0.0.1:63151 - R:localhost/127.0.0.1:26454]' for 'GET' to 'http://localhost:26454/session/e07c61e4-6c8c-40fa-bf02-54c105e74990/element/47da73bf-396b-415b-bda8-8d72165d2481/name'
22:24:51.748 [Forwarding getElementTagName on session e07c61e4-6c8c-40fa-bf02-54c105e74990 to remote] DEBUG org.asynchttpclient.netty.request.NettyRequestSender -- Using open Channel [id: 0x42511ba1, L:/127.0.0.1:63151 - R:localhost/127.0.0.1:26454] for GET '/session/e07c61e4-6c8c-40fa-bf02-54c105e74990/element/47da73bf-396b-415b-bda8-8d72165d2481/name'
22:24:51.750 [AsyncHttpClient-1-2] DEBUG org.asynchttpclient.netty.handler.HttpHandler -- 

Request DefaultFullHttpRequest(decodeResult: success, version: HTTP/1.1, content: EmptyByteBufBE)
GET /session/e07c61e4-6c8c-40fa-bf02-54c105e74990/element/47da73bf-396b-415b-bda8-8d72165d2481/name HTTP/1.1
Cache-Control: no-cache
User-Agent: selenium/4.12.0 (java windows)
Content-Type: application/json; charset=utf-8
host: localhost:26454
accept: */*

Response DefaultHttpResponse(decodeResult: success, version: HTTP/1.1)
HTTP/1.1 200 OK
content-type: application/json; charset=utf-8
cache-control: no-cache
content-length: 13
date: Sun, 28 Apr 2024 03:24:51 GMT

22:24:51.751 [AsyncHttpClient-1-2] DEBUG org.asynchttpclient.netty.channel.ChannelManager -- Adding key: http://localhost:26454 for channel [id: 0x42511ba1, L:/127.0.0.1:63151 - R:localhost/127.0.0.1:26454]
22:24:51.752 [Forwarding getElementTagName on session e07c61e4-6c8c-40fa-bf02-54c105e74990 to remote] DEBUG org.asynchttpclient.netty.request.NettyRequestSender -- Using pooled Channel '[id: 0x42511ba1, L:/127.0.0.1:63151 - R:localhost/127.0.0.1:26454]' for 'GET' to 'http://localhost:26454/session/e07c61e4-6c8c-40fa-bf02-54c105e74990/element/47da73bf-396b-415b-bda8-8d72165d2481/name'
22:24:51.752 [Forwarding getElementTagName on session e07c61e4-6c8c-40fa-bf02-54c105e74990 to remote] DEBUG org.asynchttpclient.netty.request.NettyRequestSender -- Using open Channel [id: 0x42511ba1, L:/127.0.0.1:63151 - R:localhost/127.0.0.1:26454] for GET '/session/e07c61e4-6c8c-40fa-bf02-54c105e74990/element/47da73bf-396b-415b-bda8-8d72165d2481/name'
22:24:51.754 [AsyncHttpClient-1-2] DEBUG org.asynchttpclient.netty.handler.HttpHandler -- 

Request DefaultFullHttpRequest(decodeResult: success, version: HTTP/1.1, content: EmptyByteBufBE)
GET /session/e07c61e4-6c8c-40fa-bf02-54c105e74990/element/47da73bf-396b-415b-bda8-8d72165d2481/name HTTP/1.1
Cache-Control: no-cache
User-Agent: selenium/4.12.0 (java windows)
Content-Type: application/json; charset=utf-8
host: localhost:26454
accept: */*

Response DefaultHttpResponse(decodeResult: success, version: HTTP/1.1)
HTTP/1.1 200 OK
content-type: application/json; charset=utf-8
cache-control: no-cache
content-length: 13
date: Sun, 28 Apr 2024 03:24:51 GMT

22:24:51.754 [AsyncHttpClient-1-2] DEBUG org.asynchttpclient.netty.channel.ChannelManager -- Adding key: http://localhost:26454 for channel [id: 0x42511ba1, L:/127.0.0.1:63151 - R:localhost/127.0.0.1:26454]
22:24:51.755 [Forwarding findElement on session e07c61e4-6c8c-40fa-bf02-54c105e74990 to remote] DEBUG org.asynchttpclient.netty.request.NettyRequestSender -- Using pooled Channel '[id: 0x42511ba1, L:/127.0.0.1:63151 - R:localhost/127.0.0.1:26454]' for 'POST' to 'http://localhost:26454/session/e07c61e4-6c8c-40fa-bf02-54c105e74990/element'
22:24:51.755 [Forwarding findElement on session e07c61e4-6c8c-40fa-bf02-54c105e74990 to remote] DEBUG org.asynchttpclient.netty.request.NettyRequestSender -- Using open Channel [id: 0x42511ba1, L:/127.0.0.1:63151 - R:localhost/127.0.0.1:26454] for POST '/session/e07c61e4-6c8c-40fa-bf02-54c105e74990/element'
22:24:51.757 [AsyncHttpClient-1-2] DEBUG org.asynchttpclient.netty.handler.HttpHandler -- 

Request DefaultHttpRequest(decodeResult: success, version: HTTP/1.1)
POST /session/e07c61e4-6c8c-40fa-bf02-54c105e74990/element HTTP/1.1
User-Agent: selenium/4.12.0 (java windows)
Content-Length: 83
Content-Type: application/json; charset=utf-8
host: localhost:26454
accept: */*

Response DefaultHttpResponse(decodeResult: success, version: HTTP/1.1)
HTTP/1.1 200 OK
content-type: application/json; charset=utf-8
cache-control: no-cache
content-length: 88
date: Sun, 28 Apr 2024 03:24:51 GMT

22:24:51.757 [AsyncHttpClient-1-2] DEBUG org.asynchttpclient.netty.channel.ChannelManager -- Adding key: http://localhost:26454 for channel [id: 0x42511ba1, L:/127.0.0.1:63151 - R:localhost/127.0.0.1:26454]
22:24:51.757 [Forwarding clickElement on session e07c61e4-6c8c-40fa-bf02-54c105e74990 to remote] DEBUG org.asynchttpclient.netty.request.NettyRequestSender -- Using pooled Channel '[id: 0x42511ba1, L:/127.0.0.1:63151 - R:localhost/127.0.0.1:26454]' for 'POST' to 'http://localhost:26454/session/e07c61e4-6c8c-40fa-bf02-54c105e74990/element/47da73bf-396b-415b-bda8-8d72165d2481/click'
22:24:51.757 [Forwarding clickElement on session e07c61e4-6c8c-40fa-bf02-54c105e74990 to remote] DEBUG org.asynchttpclient.netty.request.NettyRequestSender -- Using open Channel [id: 0x42511ba1, L:/127.0.0.1:63151 - R:localhost/127.0.0.1:26454] for POST '/session/e07c61e4-6c8c-40fa-bf02-54c105e74990/element/47da73bf-396b-415b-bda8-8d72165d2481/click'
22:24:51.770 [AsyncHttpClient-1-2] DEBUG org.asynchttpclient.netty.handler.HttpHandler -- 

Request DefaultHttpRequest(decodeResult: success, version: HTTP/1.1)
POST /session/e07c61e4-6c8c-40fa-bf02-54c105e74990/element/47da73bf-396b-415b-bda8-8d72165d2481/click HTTP/1.1
User-Agent: selenium/4.12.0 (java windows)
Content-Length: 50
Content-Type: application/json; charset=utf-8
host: localhost:26454
accept: */*

Response DefaultHttpResponse(decodeResult: success, version: HTTP/1.1)
HTTP/1.1 200 OK
content-type: application/json; charset=utf-8
cache-control: no-cache
content-length: 14
date: Sun, 28 Apr 2024 03:24:51 GMT

22:24:51.770 [AsyncHttpClient-1-2] DEBUG org.asynchttpclient.netty.channel.ChannelManager -- Adding key: http://localhost:26454 for channel [id: 0x42511ba1, L:/127.0.0.1:63151 - R:localhost/127.0.0.1:26454]
22:24:51.772 [Forwarding getAlertText on session e07c61e4-6c8c-40fa-bf02-54c105e74990 to remote] DEBUG org.asynchttpclient.netty.request.NettyRequestSender -- Using pooled Channel '[id: 0x42511ba1, L:/127.0.0.1:63151 - R:localhost/127.0.0.1:26454]' for 'GET' to 'http://localhost:26454/session/e07c61e4-6c8c-40fa-bf02-54c105e74990/alert/text'
22:24:51.772 [Forwarding getAlertText on session e07c61e4-6c8c-40fa-bf02-54c105e74990 to remote] DEBUG org.asynchttpclient.netty.request.NettyRequestSender -- Using open Channel [id: 0x42511ba1, L:/127.0.0.1:63151 - R:localhost/127.0.0.1:26454] for GET '/session/e07c61e4-6c8c-40fa-bf02-54c105e74990/alert/text'
22:24:51.773 [AsyncHttpClient-1-2] DEBUG org.asynchttpclient.netty.handler.HttpHandler -- 

Request DefaultFullHttpRequest(decodeResult: success, version: HTTP/1.1, content: EmptyByteBufBE)
GET /session/e07c61e4-6c8c-40fa-bf02-54c105e74990/alert/text HTTP/1.1
Cache-Control: no-cache
User-Agent: selenium/4.12.0 (java windows)
Content-Type: application/json; charset=utf-8
host: localhost:26454
accept: */*

Response DefaultHttpResponse(decodeResult: success, version: HTTP/1.1)
HTTP/1.1 404 Not Found
content-type: application/json; charset=utf-8
cache-control: no-cache
content-length: 842
date: Sun, 28 Apr 2024 03:24:51 GMT

22:24:51.773 [AsyncHttpClient-1-2] DEBUG org.asynchttpclient.netty.channel.ChannelManager -- Adding key: http://localhost:26454 for channel [id: 0x42511ba1, L:/127.0.0.1:63151 - R:localhost/127.0.0.1:26454]
22:24:52.009 [AsyncHttpClient-1-1] DEBUG org.asynchttpclient.netty.channel.DefaultChannelPool -- Entry count for : http://localhost:26454 : 1
22:24:52.285 [Forwarding getAlertText on session e07c61e4-6c8c-40fa-bf02-54c105e74990 to remote] DEBUG org.asynchttpclient.netty.request.NettyRequestSender -- Using pooled Channel '[id: 0x42511ba1, L:/127.0.0.1:63151 - R:localhost/127.0.0.1:26454]' for 'GET' to 'http://localhost:26454/session/e07c61e4-6c8c-40fa-bf02-54c105e74990/alert/text'
22:24:52.285 [Forwarding getAlertText on session e07c61e4-6c8c-40fa-bf02-54c105e74990 to remote] DEBUG org.asynchttpclient.netty.request.NettyRequestSender -- Using open Channel [id: 0x42511ba1, L:/127.0.0.1:63151 - R:localhost/127.0.0.1:26454] for GET '/session/e07c61e4-6c8c-40fa-bf02-54c105e74990/alert/text'
22:24:52.286 [AsyncHttpClient-1-2] DEBUG org.asynchttpclient.netty.handler.HttpHandler -- 

Request DefaultFullHttpRequest(decodeResult: success, version: HTTP/1.1, content: EmptyByteBufBE)
GET /session/e07c61e4-6c8c-40fa-bf02-54c105e74990/alert/text HTTP/1.1
Cache-Control: no-cache
User-Agent: selenium/4.12.0 (java windows)
Content-Type: application/json; charset=utf-8
host: localhost:26454
accept: */*

Response DefaultHttpResponse(decodeResult: success, version: HTTP/1.1)
HTTP/1.1 200 OK
content-type: application/json; charset=utf-8
cache-control: no-cache
content-length: 25
date: Sun, 28 Apr 2024 03:24:51 GMT

22:24:52.286 [AsyncHttpClient-1-2] DEBUG org.asynchttpclient.netty.channel.ChannelManager -- Adding key: http://localhost:26454 for channel [id: 0x42511ba1, L:/127.0.0.1:63151 - R:localhost/127.0.0.1:26454]
[...]
cache-control: no-cache
content-length: 286856
date: Sun, 28 Apr 2024 03:25:51 GMT

22:25:51.754 [AsyncHttpClient-1-5] DEBUG org.asynchttpclient.netty.channel.ChannelManager -- Adding key: http://localhost:18046 for channel [id: 0x03417c29, L:/127.0.0.1:63401 - R:localhost/127.0.0.1:18046]
22:25:51.756 [main] DEBUG net.serenitybdd.core.photography.Darkroom -- Send negative for processing for C:\Users\USUARIO\OneDrive\Documentos\02 Automatización\03 Pragma\pragma\pragma\target\site\serenity\5dc66e2877f7902fd4d4084dc1cc5fe67825ee3c2bff8a15944ee7f39ec50584.png
22:25:52.514 [AsyncHttpClient-1-1] DEBUG org.asynchttpclient.netty.channel.DefaultChannelPool -- Entry count for : http://localhost:18046 : 1
22:25:52.765 [main] DEBUG net.thucydides.core.steps.StepInterceptor -- STARTING STEP: StepInterceptor.testContext - validoQueElCarritoDeCompraEsteVacio
22:25:52.765 [Forwarding getCurrentUrl on session 6747135a-728e-429a-9b07-4c0821d22622 to remote] DEBUG org.asynchttpclient.netty.request.NettyRequestSender -- Using pooled Channel '[id: 0x03417c29, L:/127.0.0.1:63401 - R:localhost/127.0.0.1:18046]' for 'GET' to 'http://localhost:18046/session/6747135a-728e-429a-9b07-4c0821d22622/url'
22:25:52.765 [Forwarding getCurrentUrl on session 6747135a-728e-429a-9b07-4c0821d22622 to remote] DEBUG org.asynchttpclient.netty.request.NettyRequestSender -- Using open Channel [id: 0x03417c29, L:/127.0.0.1:63401 - R:localhost/127.0.0.1:18046] for GET '/session/6747135a-728e-429a-9b07-4c0821d22622/url'
22:25:52.771 [AsyncHttpClient-1-5] DEBUG org.asynchttpclient.netty.handler.HttpHandler -- 

Request DefaultFullHttpRequest(decodeResult: success, version: HTTP/1.1, content: EmptyByteBufBE)
GET /session/6747135a-728e-429a-9b07-4c0821d22622/url HTTP/1.1
Cache-Control: no-cache
User-Agent: selenium/4.12.0 (java windows)
Content-Type: application/json; charset=utf-8
host: localhost:18046
accept: */*

Response DefaultHttpResponse(decodeResult: success, version: HTTP/1.1)
HTTP/1.1 200 OK
content-type: application/json; charset=utf-8
cache-control: no-cache
content-length: 48
date: Sun, 28 Apr 2024 03:25:52 GMT

22:25:52.771 [AsyncHttpClient-1-5] DEBUG org.asynchttpclient.netty.channel.ChannelManager -- Adding key: http://localhost:18046 for channel [id: 0x03417c29, L:/127.0.0.1:63401 - R:localhost/127.0.0.1:18046]
22:25:52.771 [Forwarding findElement on session 6747135a-728e-429a-9b07-4c0821d22622 to remote] DEBUG org.asynchttpclient.netty.request.NettyRequestSender -- Using pooled Channel '[id: 0x03417c29, L:/127.0.0.1:63401 - R:localhost/127.0.0.1:18046]' for 'POST' to 'http://localhost:18046/session/6747135a-728e-429a-9b07-4c0821d22622/element'
22:25:52.771 [Forwarding findElement on session 6747135a-728e-429a-9b07-4c0821d22622 to remote] DEBUG org.asynchttpclient.netty.request.NettyRequestSender -- Using open Channel [id: 0x03417c29, L:/127.0.0.1:63401 - R:localhost/127.0.0.1:18046] for POST '/session/6747135a-728e-429a-9b07-4c0821d22622/element'
22:25:55.782 [AsyncHttpClient-1-5] DEBUG org.asynchttpclient.netty.handler.HttpHandler -- 

Request DefaultHttpRequest(decodeResult: success, version: HTTP/1.1)
POST /session/6747135a-728e-429a-9b07-4c0821d22622/element HTTP/1.1
User-Agent: selenium/4.12.0 (java windows)
Content-Length: 85
Content-Type: application/json; charset=utf-8
host: localhost:18046
accept: */*

Response DefaultHttpResponse(decodeResult: success, version: HTTP/1.1)
HTTP/1.1 404 Not Found
content-type: application/json; charset=utf-8
cache-control: no-cache
content-length: 417
date: Sun, 28 Apr 2024 03:25:52 GMT

22:25:55.782 [AsyncHttpClient-1-5] DEBUG org.asynchttpclient.netty.channel.ChannelManager -- Adding key: http://localhost:18046 for channel [id: 0x03417c29, L:/127.0.0.1:63401 - R:localhost/127.0.0.1:18046]
Error - Elemento no encontrado org.openqa.selenium.NoSuchElementException: Unable to locate element: //td/a[contains(text(),'Delete')]
For documentation on this error, please visit: https://www.selenium.dev/documentation/webdriver/troubleshooting/errors#no-such-element-exception
Build info: version: '4.12.0', revision: '249f2a7d1b*'
System info: os.name: 'Windows 11', os.arch: 'amd64', os.version: '10.0', java.version: '22'
Driver info: org.openqa.selenium.firefox.FirefoxDriver
Command: [6747135a-728e-429a-9b07-4c0821d22622, findElement {using=xpath, value=//td/a[contains(text(),'Delete')]}]
Capabilities {acceptInsecureCerts: true, browserName: firefox, browserVersion: 125.0.2, moz:accessibilityChecks: false, moz:buildID: 20240419144423, moz:debuggerAddress: 127.0.0.1:42251, moz:geckodriverVersion: 0.34.0, moz:headless: false, moz:platformVersion: 10.0, moz:processID: 12960, moz:profile: C:\Users\USUARIO\AppData\Lo..., moz:shutdownTimeout: 60000, moz:webdriverClick: true, moz:windowless: false, pageLoadStrategy: normal, platformName: windows, proxy: Proxy(), se:cdp: ws://127.0.0.1:42251/devtoo..., se:cdpVersion: 85.0, setWindowRect: true, strictFileInteractability: false, timeouts: {implicit: 0, pageLoad: 300000, script: 30000}, unhandledPromptBehavior: dismiss and notify, userAgent: Mozilla/5.0 (Windows NT 10....}
Session ID: 6747135a-728e-429a-9b07-4c0821d22622
Carrito vacio
22:25:55.782 [Forwarding getAlertText on session 6747135a-728e-429a-9b07-4c0821d22622 to remote] DEBUG org.asynchttpclient.netty.request.NettyRequestSender -- Using pooled Channel '[id: 0x03417c29, L:/127.0.0.1:63401 - R:localhost/127.0.0.1:18046]' for 'GET' to 'http://localhost:18046/session/6747135a-728e-429a-9b07-4c0821d22622/alert/text'
22:25:55.782 [Forwarding getAlertText on session 6747135a-728e-429a-9b07-4c0821d22622 to remote] DEBUG org.asynchttpclient.netty.request.NettyRequestSender -- Using open Channel [id: 0x03417c29, L:/127.0.0.1:63401 - R:localhost/127.0.0.1:18046] for GET '/session/6747135a-728e-429a-9b07-4c0821d22622/alert/text'
22:25:55.791 [AsyncHttpClient-1-5] DEBUG org.asynchttpclient.netty.handler.HttpHandler -- 

Request DefaultFullHttpRequest(decodeResult: success, version: HTTP/1.1, content: EmptyByteBufBE)
GET /session/6747135a-728e-429a-9b07-4c0821d22622/alert/text HTTP/1.1
Cache-Control: no-cache
User-Agent: selenium/4.12.0 (java windows)
Content-Type: application/json; charset=utf-8
host: localhost:18046
accept: */*

Response DefaultHttpResponse(decodeResult: success, version: HTTP/1.1)
HTTP/1.1 404 Not Found
content-type: application/json; charset=utf-8
cache-control: no-cache
content-length: 842
date: Sun, 28 Apr 2024 03:25:55 GMT

22:25:55.791 [AsyncHttpClient-1-5] DEBUG org.asynchttpclient.netty.channel.ChannelManager -- Adding key: http://localhost:18046 for channel [id: 0x03417c29, L:/127.0.0.1:63401 - R:localhost/127.0.0.1:18046]
22:25:55.791 [Forwarding getCurrentUrl on session 6747135a-728e-429a-9b07-4c0821d22622 to remote] DEBUG org.asynchttpclient.netty.request.NettyRequestSender -- Using pooled Channel '[id: 0x03417c29, L:/127.0.0.1:63401 - R:localhost/127.0.0.1:18046]' for 'GET' to 'http://localhost:18046/session/6747135a-728e-429a-9b07-4c0821d22622/url'
22:25:55.791 [Forwarding getCurrentUrl on session 6747135a-728e-429a-9b07-4c0821d22622 to remote] DEBUG org.asynchttpclient.netty.request.NettyRequestSender -- Using open Channel [id: 0x03417c29, L:/127.0.0.1:63401 - R:localhost/127.0.0.1:18046] for GET '/session/6747135a-728e-429a-9b07-4c0821d22622/url'
22:25:55.791 [AsyncHttpClient-1-5] DEBUG org.asynchttpclient.netty.handler.HttpHandler -- 

Request DefaultFullHttpRequest(decodeResult: success, version: HTTP/1.1, content: EmptyByteBufBE)
GET /session/6747135a-728e-429a-9b07-4c0821d22622/url HTTP/1.1
Cache-Control: no-cache
User-Agent: selenium/4.12.0 (java windows)
Content-Type: application/json; charset=utf-8
host: localhost:18046
accept: */*

Response DefaultHttpResponse(decodeResult: success, version: HTTP/1.1)
HTTP/1.1 200 OK
content-type: application/json; charset=utf-8
cache-control: no-cache
content-length: 48
date: Sun, 28 Apr 2024 03:25:55 GMT

22:25:55.791 [AsyncHttpClient-1-5] DEBUG org.asynchttpclient.netty.channel.ChannelManager -- Adding key: http://localhost:18046 for channel [id: 0x03417c29, L:/127.0.0.1:63401 - R:localhost/127.0.0.1:18046]
22:25:55.791 [Forwarding screenshot on session 6747135a-728e-429a-9b07-4c0821d22622 to remote] DEBUG org.asynchttpclient.netty.request.NettyRequestSender -- Using pooled Channel '[id: 0x03417c29, L:/127.0.0.1:63401 - R:localhost/127.0.0.1:18046]' for 'GET' to 'http://localhost:18046/session/6747135a-728e-429a-9b07-4c0821d22622/screenshot'
22:25:55.791 [Forwarding screenshot on session 6747135a-728e-429a-9b07-4c0821d22622 to remote] DEBUG org.asynchttpclient.netty.request.NettyRequestSender -- Using open Channel [id: 0x03417c29, L:/127.0.0.1:63401 - R:localhost/127.0.0.1:18046] for GET '/session/6747135a-728e-429a-9b07-4c0821d22622/screenshot'
22:25:55.830 [AsyncHttpClient-1-5] DEBUG org.asynchttpclient.netty.handler.HttpHandler -- 

Request DefaultFullHttpRequest(decodeResult: success, version: HTTP/1.1, content: EmptyByteBufBE)
GET /session/6747135a-728e-429a-9b07-4c0821d22622/screenshot HTTP/1.1
Cache-Control: no-cache
User-Agent: selenium/4.12.0 (java windows)
Content-Type: application/json; charset=utf-8
host: localhost:18046
accept: */*

Response DefaultHttpResponse(decodeResult: success, version: HTTP/1.1)
HTTP/1.1 200 OK
content-type: application/json; charset=utf-8
cache-control: no-cache
content-length: 286856
date: Sun, 28 Apr 2024 03:25:55 GMT

22:25:55.830 [AsyncHttpClient-1-5] DEBUG org.asynchttpclient.netty.channel.ChannelManager -- Adding key: http://localhost:18046 for channel [id: 0x03417c29, L:/127.0.0.1:63401 - R:localhost/127.0.0.1:18046]
22:25:55.840 [main] DEBUG net.serenitybdd.core.photography.Darkroom -- Send negative for processing for C:\Users\USUARIO\OneDrive\Documentos\02 Automatización\03 Pragma\pragma\pragma\target\site\serenity\5dc66e2877f7902fd4d4084dc1cc5fe67825ee3c2bff8a15944ee7f39ec50584.png
22:25:56.842 [main] DEBUG net.thucydides.core.steps.StepInterceptor -- STEP DONE: validoQueElCarritoDeCompraEsteVacio
22:25:56.842 [Forwarding getAlertText on session 6747135a-728e-429a-9b07-4c0821d22622 to remote] DEBUG org.asynchttpclient.netty.request.NettyRequestSender -- Using pooled Channel '[id: 0x03417c29, L:/127.0.0.1:63401 - R:localhost/127.0.0.1:18046]' for 'GET' to 'http://localhost:18046/session/6747135a-728e-429a-9b07-4c0821d22622/alert/text'
22:25:56.842 [Forwarding getAlertText on session 6747135a-728e-429a-9b07-4c0821d22622 to remote] DEBUG org.asynchttpclient.netty.request.NettyRequestSender -- Using open Channel [id: 0x03417c29, L:/127.0.0.1:63401 - R:localhost/127.0.0.1:18046] for GET '/session/6747135a-728e-429a-9b07-4c0821d22622/alert/text'
22:25:56.842 [AsyncHttpClient-1-5] DEBUG org.asynchttpclient.netty.handler.HttpHandler -- 

Request DefaultFullHttpRequest(decodeResult: success, version: HTTP/1.1, content: EmptyByteBufBE)
GET /session/6747135a-728e-429a-9b07-4c0821d22622/alert/text HTTP/1.1
Cache-Control: no-cache
User-Agent: selenium/4.12.0 (java windows)
Content-Type: application/json; charset=utf-8
host: localhost:18046
accept: */*

Response DefaultHttpResponse(decodeResult: success, version: HTTP/1.1)
HTTP/1.1 404 Not Found
content-type: application/json; charset=utf-8
cache-control: no-cache
content-length: 842
date: Sun, 28 Apr 2024 03:25:56 GMT

22:25:56.842 [AsyncHttpClient-1-5] DEBUG org.asynchttpclient.netty.channel.ChannelManager -- Adding key: http://localhost:18046 for channel [id: 0x03417c29, L:/127.0.0.1:63401 - R:localhost/127.0.0.1:18046]
22:25:56.852 [Forwarding getCurrentUrl on session 6747135a-728e-429a-9b07-4c0821d22622 to remote] DEBUG org.asynchttpclient.netty.request.NettyRequestSender -- Using pooled Channel '[id: 0x03417c29, L:/127.0.0.1:63401 - R:localhost/127.0.0.1:18046]' for 'GET' to 'http://localhost:18046/session/6747135a-728e-429a-9b07-4c0821d22622/url'
22:25:56.852 [Forwarding getCurrentUrl on session 6747135a-728e-429a-9b07-4c0821d22622 to remote] DEBUG org.asynchttpclient.netty.request.NettyRequestSender -- Using open Channel [id: 0x03417c29, L:/127.0.0.1:63401 - R:localhost/127.0.0.1:18046] for GET '/session/6747135a-728e-429a-9b07-4c0821d22622/url'
22:25:56.852 [AsyncHttpClient-1-5] DEBUG org.asynchttpclient.netty.handler.HttpHandler -- 

Request DefaultFullHttpRequest(decodeResult: success, version: HTTP/1.1, content: EmptyByteBufBE)
GET /session/6747135a-728e-429a-9b07-4c0821d22622/url HTTP/1.1
Cache-Control: no-cache
User-Agent: selenium/4.12.0 (java windows)
Content-Type: application/json; charset=utf-8
host: localhost:18046
accept: */*

Response DefaultHttpResponse(decodeResult: success, version: HTTP/1.1)
HTTP/1.1 200 OK
content-type: application/json; charset=utf-8
cache-control: no-cache
content-length: 48
date: Sun, 28 Apr 2024 03:25:56 GMT

22:25:56.852 [AsyncHttpClient-1-5] DEBUG org.asynchttpclient.netty.channel.ChannelManager -- Adding key: http://localhost:18046 for channel [id: 0x03417c29, L:/127.0.0.1:63401 - R:localhost/127.0.0.1:18046]
22:25:56.852 [Forwarding screenshot on session 6747135a-728e-429a-9b07-4c0821d22622 to remote] DEBUG org.asynchttpclient.netty.request.NettyRequestSender -- Using pooled Channel '[id: 0x03417c29, L:/127.0.0.1:63401 - R:localhost/127.0.0.1:18046]' for 'GET' to 'http://localhost:18046/session/6747135a-728e-429a-9b07-4c0821d22622/screenshot'
22:25:56.852 [Forwarding screenshot on session 6747135a-728e-429a-9b07-4c0821d22622 to remote] DEBUG org.asynchttpclient.netty.request.NettyRequestSender -- Using open Channel [id: 0x03417c29, L:/127.0.0.1:63401 - R:localhost/127.0.0.1:18046] for GET '/session/6747135a-728e-429a-9b07-4c0821d22622/screenshot'
22:25:56.888 [AsyncHttpClient-1-5] DEBUG org.asynchttpclient.netty.handler.HttpHandler -- 

Request DefaultFullHttpRequest(decodeResult: success, version: HTTP/1.1, content: EmptyByteBufBE)
GET /session/6747135a-728e-429a-9b07-4c0821d22622/screenshot HTTP/1.1
Cache-Control: no-cache
User-Agent: selenium/4.12.0 (java windows)
Content-Type: application/json; charset=utf-8
host: localhost:18046
accept: */*

Response DefaultHttpResponse(decodeResult: success, version: HTTP/1.1)
HTTP/1.1 200 OK
content-type: application/json; charset=utf-8
cache-control: no-cache
content-length: 286856
date: Sun, 28 Apr 2024 03:25:56 GMT

22:25:56.888 [AsyncHttpClient-1-5] DEBUG org.asynchttpclient.netty.channel.ChannelManager -- Adding key: http://localhost:18046 for channel [id: 0x03417c29, L:/127.0.0.1:63401 - R:localhost/127.0.0.1:18046]
22:25:56.898 [main] DEBUG net.serenitybdd.core.photography.Darkroom -- Send negative for processing for C:\Users\USUARIO\OneDrive\Documentos\02 Automatización\03 Pragma\pragma\pragma\target\site\serenity\5dc66e2877f7902fd4d4084dc1cc5fe67825ee3c2bff8a15944ee7f39ec50584.png
22:25:56.909 [AsyncHttpClient-1-1] DEBUG org.asynchttpclient.netty.channel.DefaultChannelPool -- Entry count for : http://localhost:18046 : 1
22:25:57.900 [main] INFO  -- &amp#27;[92m
  _____   ___   ___   _____     ___     _     ___   ___   ___   ___  
 |_   _| | __| / __| |_   _|   | _ \   /_\   / __| / __| | __| |   \ 
   | |   | _|  \__ \   | |     |  _/  / _ \  \__ \ \__ \ | _|  | |) |
   |_|   |___| |___/   |_|     |_|   /_/ \_\ |___/ |___/ |___| |___/ 

Eliminar un producto del carrito de compra
----------------------------------------------------------------------&amp#27;[0m
22:25:57.900 [AsyncHttpClient-1-7] DEBUG org.asynchttpclient.netty.channel.NettyConnectListener -- Using new Channel '[id: 0x11fc753a, L:/127.0.0.1:63630 - R:/127.0.0.1:42251]' for 'GET' to '/devtools/browser/e08b3778-782c-486a-bd78-4c13f5a66515'
22:25:57.910 [AsyncHttpClient-1-7] DEBUG org.asynchttpclient.netty.handler.WebSocketHandler -- 

Request DefaultFullHttpRequest(decodeResult: success, version: HTTP/1.1, content: EmptyByteBufBE)
GET /devtools/browser/e08b3778-782c-486a-bd78-4c13f5a66515 HTTP/1.1
upgrade: websocket
connection: upgrade
sec-websocket-key: NsLWHswfSMzG7y6Z58EBKA==
sec-websocket-version: 13
origin: http://127.0.0.1:42251
host: 127.0.0.1:42251
accept: */*
user-agent: AHC/2.1

Response DefaultHttpResponse(decodeResult: success, version: HTTP/1.1)
HTTP/1.1 101 Switching Protocols
Server: httpd.js
Upgrade: websocket
Connection: Upgrade
Sec-WebSocket-Accept: lEsifXD+c6G8bAWqHy1O2hC9Me4=
Content-Length: 0

22:25:57.910 [Driver Command Executor] DEBUG org.asynchttpclient.netty.request.NettyRequestSender -- Using pooled Channel '[id: 0x03417c29, L:/127.0.0.1:63401 - R:localhost/127.0.0.1:18046]' for 'DELETE' to 'http://localhost:18046/session/6747135a-728e-429a-9b07-4c0821d22622'
22:25:57.910 [Driver Command Executor] DEBUG org.asynchttpclient.netty.request.NettyRequestSender -- Using open Channel [id: 0x03417c29, L:/127.0.0.1:63401 - R:localhost/127.0.0.1:18046] for DELETE '/session/6747135a-728e-429a-9b07-4c0821d22622'
22:25:57.910 [AsyncHttpClient-1-7] DEBUG org.asynchttpclient.netty.handler.WebSocketHandler -- Channel Closed: [id: 0x11fc753a, L:/127.0.0.1:63630 ! R:/127.0.0.1:42251] with attribute DISCARD
22:25:58.479 [AsyncHttpClient-1-5] DEBUG org.asynchttpclient.netty.handler.HttpHandler -- 

Request DefaultFullHttpRequest(decodeResult: success, version: HTTP/1.1, content: EmptyByteBufBE)
DELETE /session/6747135a-728e-429a-9b07-4c0821d22622 HTTP/1.1
User-Agent: selenium/4.12.0 (java windows)
Content-Type: application/json; charset=utf-8
host: localhost:18046
accept: */*

Response DefaultHttpResponse(decodeResult: success, version: HTTP/1.1)
HTTP/1.1 200 OK
content-type: application/json; charset=utf-8
cache-control: no-cache
content-length: 14
date: Sun, 28 Apr 2024 03:25:57 GMT

22:25:58.479 [AsyncHttpClient-1-5] DEBUG org.asynchttpclient.netty.channel.ChannelManager -- Adding key: http://localhost:18046 for channel [id: 0x03417c29, L:/127.0.0.1:63401 - R:localhost/127.0.0.1:18046]
22:25:58.479 [AsyncHttpClient-1-5] DEBUG org.asynchttpclient.netty.handler.HttpHandler -- Unexpected I/O exception on channel [id: 0x03417c29, L:/127.0.0.1:63401 - R:localhost/127.0.0.1:18046]
java.net.SocketException: Connection reset
	at java.base/sun.nio.ch.SocketChannelImpl.throwConnectionReset(SocketChannelImpl.java:403)
	at java.base/sun.nio.ch.SocketChannelImpl.implRead(SocketChannelImpl.java:435)
	at java.base/sun.nio.ch.SocketChannelImpl.read(SocketChannelImpl.java:493)
	at io.netty.buffer.PooledByteBuf.setBytes(PooledByteBuf.java:254)
	at io.netty.buffer.AbstractByteBuf.writeBytes(AbstractByteBuf.java:1132)
	at io.netty.channel.socket.nio.NioSocketChannel.doReadBytes(NioSocketChannel.java:357)
	at io.netty.channel.nio.AbstractNioByteChannel$NioByteUnsafe.read(AbstractNioByteChannel.java:151)
	at io.netty.channel.nio.NioEventLoop.processSelectedKey(NioEventLoop.java:788)
	at io.netty.channel.nio.NioEventLoop.processSelectedKeysOptimized(NioEventLoop.java:724)
	at io.netty.channel.nio.NioEventLoop.processSelectedKeys(NioEventLoop.java:650)
	at io.netty.channel.nio.NioEventLoop.run(NioEventLoop.java:562)
	at io.netty.util.concurrent.SingleThreadEventExecutor$4.run(SingleThreadEventExecutor.java:997)
	at io.netty.util.internal.ThreadExecutorMap$2.run(ThreadExecutorMap.java:74)
	at io.netty.util.concurrent.FastThreadLocalRunnable.run(FastThreadLocalRunnable.java:30)
	at java.base/java.lang.Thread.run(Thread.java:1570)
22:25:58.479 [AsyncHttpClient-1-5] DEBUG org.asynchttpclient.netty.channel.ChannelManager -- Closing Channel [id: 0x03417c29, L:/127.0.0.1:63401 - R:localhost/127.0.0.1:18046] 
22:25:58.479 [AsyncHttpClient-1-5] DEBUG org.asynchttpclient.netty.handler.HttpHandler -- Channel Closed: [id: 0x03417c29, L:/127.0.0.1:63401 ! R:localhost/127.0.0.1:18046] with attribute DISCARD
]]></system-out>
    <system-err><![CDATA[abr 27, 2024 10:25:08 P. M. org.openqa.selenium.manager.SeleniumManager lambda$runCommand$1
INFO: Driver path: C:\Users\USUARIO\.cache\selenium\geckodriver\win64\0.34.0\geckodriver.exe
abr 27, 2024 10:25:08 P. M. org.openqa.selenium.manager.SeleniumManager lambda$runCommand$1
INFO: Browser path: C:\Program Files\Mozilla Firefox\firefox.exe
]]></system-err>
  </testcase>
</testsuite>